[2021-06-17 19:30:25Z INFO HostContext] No proxy settings were found based on environmental variables (http_proxy/https_proxy/HTTP_PROXY/HTTPS_PROXY)
[2021-06-17 19:30:25Z INFO HostContext] Well known directory 'Bin': '/home/user/final-lab-VVPolyukhov/actions-runner/bin'
[2021-06-17 19:30:25Z INFO HostContext] Well known directory 'Root': '/home/user/final-lab-VVPolyukhov/actions-runner'
[2021-06-17 19:30:25Z INFO HostContext] Well known config file 'Credentials': '/home/user/final-lab-VVPolyukhov/actions-runner/.credentials'
[2021-06-17 19:30:25Z INFO Listener] Runner is built for Linux (X64) - linux-x64.
[2021-06-17 19:30:25Z INFO Listener] RuntimeInformation: Linux 5.8.0-55-generic #62~20.04.1-Ubuntu SMP Wed Jun 2 08:55:04 UTC 2021.
[2021-06-17 19:30:25Z INFO Listener] Version: 2.276.1
[2021-06-17 19:30:25Z INFO Listener] Commit: 5effa808be96eae7f2e08d713426b8d056bddff1
[2021-06-17 19:30:25Z INFO Listener] Culture: ru-RU
[2021-06-17 19:30:25Z INFO Listener] UI Culture: ru-RU
[2021-06-17 19:30:25Z INFO HostContext] Well known directory 'Bin': '/home/user/final-lab-VVPolyukhov/actions-runner/bin'
[2021-06-17 19:30:25Z INFO HostContext] Well known directory 'Root': '/home/user/final-lab-VVPolyukhov/actions-runner'
[2021-06-17 19:30:25Z INFO Listener] Validating directory permissions for: '/home/user/final-lab-VVPolyukhov/actions-runner'
[2021-06-17 19:30:25Z INFO CommandLineParser] Parse
[2021-06-17 19:30:25Z INFO CommandLineParser] Parsing 1 args
[2021-06-17 19:30:25Z INFO CommandLineParser] parsing argument
[2021-06-17 19:30:25Z INFO CommandLineParser] HasArgs: False
[2021-06-17 19:30:25Z INFO CommandLineParser] Adding Command: run
[2021-06-17 19:30:25Z INFO Listener] Arguments parsed
[2021-06-17 19:30:25Z INFO Runner] ExecuteCommand
[2021-06-17 19:30:25Z INFO ConfigurationStore] currentAssemblyLocation: /home/user/final-lab-VVPolyukhov/actions-runner/bin/Runner.Listener.dll
[2021-06-17 19:30:25Z INFO HostContext] Well known directory 'Bin': '/home/user/final-lab-VVPolyukhov/actions-runner/bin'
[2021-06-17 19:30:25Z INFO ConfigurationStore] binPath: /home/user/final-lab-VVPolyukhov/actions-runner/bin
[2021-06-17 19:30:25Z INFO HostContext] Well known directory 'Bin': '/home/user/final-lab-VVPolyukhov/actions-runner/bin'
[2021-06-17 19:30:25Z INFO HostContext] Well known directory 'Root': '/home/user/final-lab-VVPolyukhov/actions-runner'
[2021-06-17 19:30:25Z INFO ConfigurationStore] RootFolder: /home/user/final-lab-VVPolyukhov/actions-runner
[2021-06-17 19:30:25Z INFO HostContext] Well known directory 'Bin': '/home/user/final-lab-VVPolyukhov/actions-runner/bin'
[2021-06-17 19:30:25Z INFO HostContext] Well known directory 'Root': '/home/user/final-lab-VVPolyukhov/actions-runner'
[2021-06-17 19:30:25Z INFO HostContext] Well known config file 'Runner': '/home/user/final-lab-VVPolyukhov/actions-runner/.runner'
[2021-06-17 19:30:25Z INFO ConfigurationStore] ConfigFilePath: /home/user/final-lab-VVPolyukhov/actions-runner/.runner
[2021-06-17 19:30:25Z INFO HostContext] Well known directory 'Bin': '/home/user/final-lab-VVPolyukhov/actions-runner/bin'
[2021-06-17 19:30:25Z INFO HostContext] Well known directory 'Root': '/home/user/final-lab-VVPolyukhov/actions-runner'
[2021-06-17 19:30:25Z INFO HostContext] Well known config file 'Credentials': '/home/user/final-lab-VVPolyukhov/actions-runner/.credentials'
[2021-06-17 19:30:25Z INFO ConfigurationStore] CredFilePath: /home/user/final-lab-VVPolyukhov/actions-runner/.credentials
[2021-06-17 19:30:25Z INFO HostContext] Well known directory 'Bin': '/home/user/final-lab-VVPolyukhov/actions-runner/bin'
[2021-06-17 19:30:25Z INFO HostContext] Well known directory 'Root': '/home/user/final-lab-VVPolyukhov/actions-runner'
[2021-06-17 19:30:25Z INFO HostContext] Well known config file 'MigratedCredentials': '/home/user/final-lab-VVPolyukhov/actions-runner/.credentials_migrated'
[2021-06-17 19:30:25Z INFO ConfigurationStore] MigratedCredFilePath: /home/user/final-lab-VVPolyukhov/actions-runner/.credentials_migrated
[2021-06-17 19:30:25Z INFO HostContext] Well known directory 'Bin': '/home/user/final-lab-VVPolyukhov/actions-runner/bin'
[2021-06-17 19:30:25Z INFO HostContext] Well known directory 'Root': '/home/user/final-lab-VVPolyukhov/actions-runner'
[2021-06-17 19:30:25Z INFO HostContext] Well known config file 'Service': '/home/user/final-lab-VVPolyukhov/actions-runner/.service'
[2021-06-17 19:30:25Z INFO ConfigurationStore] ServiceConfigFilePath: /home/user/final-lab-VVPolyukhov/actions-runner/.service
[2021-06-17 19:30:25Z INFO CommandSettings] Flag 'help': 'False'
[2021-06-17 19:30:25Z INFO CommandSettings] Flag 'version': 'False'
[2021-06-17 19:30:25Z INFO CommandSettings] Flag 'commit': 'False'
[2021-06-17 19:30:25Z INFO CommandSettings] Flag 'check': 'False'
[2021-06-17 19:30:25Z INFO CommandSettings] Command 'configure': 'False'
[2021-06-17 19:30:25Z INFO CommandSettings] Command 'remove': 'False'
[2021-06-17 19:30:25Z INFO CommandSettings] Command 'warmup': 'False'
[2021-06-17 19:30:25Z INFO ConfigurationManager] LoadSettings
[2021-06-17 19:30:25Z INFO ConfigurationStore] IsConfigured()
[2021-06-17 19:30:25Z INFO ConfigurationStore] IsConfigured: True
[2021-06-17 19:30:25Z INFO ConfigurationManager] Is configured: True
[2021-06-17 19:30:25Z INFO ConfigurationStore] Read setting file: 292 chars
[2021-06-17 19:30:25Z INFO ConfigurationManager] Settings Loaded
[2021-06-17 19:30:25Z INFO ConfigurationStore] IsServiceConfigured()
[2021-06-17 19:30:25Z INFO ConfigurationStore] IsServiceConfigured: False
[2021-06-17 19:30:25Z INFO CommandSettings] Command 'run': 'True'
[2021-06-17 19:30:25Z INFO ConfigurationStore] IsConfigured()
[2021-06-17 19:30:25Z INFO ConfigurationStore] IsConfigured: True
[2021-06-17 19:30:25Z INFO ConfigurationManager] Is configured: True
[2021-06-17 19:30:25Z INFO Runner] Could not parse the argument value '' for StartupType. Defaulting to Manual
[2021-06-17 19:30:25Z INFO Runner] Set runner startup type - Manual
[2021-06-17 19:30:25Z INFO CommandSettings] Flag 'once': 'False'
[2021-06-17 19:30:25Z INFO Runner] RunAsync
[2021-06-17 19:30:25Z INFO ConfigurationManager] LoadSettings
[2021-06-17 19:30:25Z INFO ConfigurationStore] IsConfigured()
[2021-06-17 19:30:25Z INFO ConfigurationStore] IsConfigured: True
[2021-06-17 19:30:25Z INFO ConfigurationManager] Is configured: True
[2021-06-17 19:30:25Z INFO ConfigurationManager] Settings Loaded
[2021-06-17 19:30:25Z INFO MessageListener] {
  "AgentId": 2,
  "AgentName": "runner",
  "PoolId": 1,
  "PoolName": "Default",
  "ServerUrl": "https://pipelines.actions.githubusercontent.com/OmjY0MEUd91qA8nyXf29HIHTtHdnQWVcGWAg6pgXxV8xsCM2Gp",
  "GitHubUrl": "https://github.com/HSE-NN-SE/final-lab-VVPolyukhov",
  "WorkFolder": "app"
}
[2021-06-17 19:30:25Z INFO MessageListener] Loading Credentials
[2021-06-17 19:30:25Z INFO ConfigurationStore] HasCredentials()
[2021-06-17 19:30:25Z INFO ConfigurationStore] stored True
[2021-06-17 19:30:25Z INFO CredentialManager] GetCredentialProvider
[2021-06-17 19:30:25Z INFO CredentialManager] Creating type OAuth
[2021-06-17 19:30:25Z INFO CredentialManager] Creating credential type: OAuth
[2021-06-17 19:30:25Z INFO HostContext] Well known directory 'Bin': '/home/user/final-lab-VVPolyukhov/actions-runner/bin'
[2021-06-17 19:30:25Z INFO HostContext] Well known directory 'Root': '/home/user/final-lab-VVPolyukhov/actions-runner'
[2021-06-17 19:30:25Z INFO HostContext] Well known config file 'RSACredentials': '/home/user/final-lab-VVPolyukhov/actions-runner/.credentials_rsaparams'
[2021-06-17 19:30:25Z INFO RSAFileKeyManager] Loading RSA key parameters from file /home/user/final-lab-VVPolyukhov/actions-runner/.credentials_rsaparams
[2021-06-17 19:30:25Z INFO MessageListener] Attempt to create session.
[2021-06-17 19:30:25Z INFO MessageListener] Connecting to the Runner Server...
[2021-06-17 19:30:25Z INFO RunnerServer] Establish connection with 100 seconds timeout.
[2021-06-17 19:30:26Z INFO GitHubActionsService] Starting operation Location.GetConnectionData
[2021-06-17 19:30:26Z INFO RunnerServer] Establish connection with 60 seconds timeout.
[2021-06-17 19:30:26Z INFO GitHubActionsService] Starting operation Location.GetConnectionData
[2021-06-17 19:30:26Z INFO RunnerServer] Establish connection with 60 seconds timeout.
[2021-06-17 19:30:26Z INFO GitHubActionsService] Starting operation Location.GetConnectionData
[2021-06-17 19:30:27Z INFO GitHubActionsService] Finished operation Location.GetConnectionData
[2021-06-17 19:30:27Z INFO GitHubActionsService] Finished operation Location.GetConnectionData
[2021-06-17 19:30:27Z INFO GitHubActionsService] Finished operation Location.GetConnectionData
[2021-06-17 19:30:27Z INFO MessageListener] VssConnection created
[2021-06-17 19:30:27Z INFO Terminal] WRITE LINE: 
[2021-06-17 19:30:27Z INFO Terminal] WRITE LINE: 
[2021-06-17 19:30:27Z WARN GitHubActionsService] Authentication failed with status code 401.
WWW-Authenticate: Bearer
Strict-Transport-Security: max-age=2592000
X-TFS-ProcessId: 7ed23b12-4a61-4011-a86a-69582a8dde4a
ActivityId: fc1c3b0d-6d22-4555-8cae-e0d06d184d4f
X-TFS-Session: 46f3e573-ae86-4456-9c1d-e57afba11aee
X-VSS-E2EID: a76c62b1-5136-4ef6-ba3f-373e6965cec8
X-VSS-SenderDeploymentId: 6074703f-c195-632a-bd61-21691fc86fa5
X-TFS-ServiceError: The+user+%27System%3aPublicAccess%3baaaaaaaa-aaaa-aaaa-aaaa-aaaaaaaaaaaa%27+is+not+authorized+to+access+this+resource.
X-VSS-S2STargetService: 0000005A-0000-8888-8000-000000000000/visualstudio.com
X-Cache: CONFIG_NOCACHE
X-MSEdge-Ref: Ref A: EFA1A007AEDB4D10BB3E3B5387CB06F4 Ref B: FRAEDGE0719 Ref C: 2021-06-17T19:30:27Z
Date: Thu, 17 Jun 2021 19:30:26 GMT

[2021-06-17 19:30:27Z INFO RSAFileKeyManager] Loading RSA key parameters from file /home/user/final-lab-VVPolyukhov/actions-runner/.credentials_rsaparams
[2021-06-17 19:30:27Z INFO RSAFileKeyManager] Loading RSA key parameters from file /home/user/final-lab-VVPolyukhov/actions-runner/.credentials_rsaparams
[2021-06-17 19:30:27Z INFO GitHubActionsService] AAD Correlation ID for this token request: Unknown
[2021-06-17 19:30:28Z INFO MessageListener] Session created.
[2021-06-17 19:30:28Z INFO Terminal] WRITE LINE: 2021-06-17 19:30:28Z: Listening for Jobs
[2021-06-17 19:30:28Z INFO JobDispatcher] Set runner/worker IPC timeout to 30 seconds.
[2021-06-17 19:30:56Z INFO RSAFileKeyManager] Loading RSA key parameters from file /home/user/final-lab-VVPolyukhov/actions-runner/.credentials_rsaparams
[2021-06-17 19:30:57Z INFO MessageListener] Message '2' received from session 'f97166d8-1028-4aab-90bf-c45554a5afaa'.
[2021-06-17 19:30:57Z INFO JobDispatcher] Job request 2 for plan 4c9f84e4-99e5-4f61-8587-27f9aa4317a9 job 19e9af05-3245-5acd-5c3d-d573c2eeba16 received.
[2021-06-17 19:30:57Z INFO JobDispatcher] Pull OrchestrationId 4c9f84e4-99e5-4f61-8587-27f9aa4317a9.codestyle.__default from JWT claims
[2021-06-17 19:30:57Z INFO Terminal] WRITE LINE: 2021-06-17 19:30:57Z: Running job: CodeStyle
[2021-06-17 19:30:57Z INFO JobDispatcher] Start renew job request 2 for job 19e9af05-3245-5acd-5c3d-d573c2eeba16.
[2021-06-17 19:30:57Z INFO JobDispatcher] Successfully renew job request 2, job is valid till 17.06.2021 19:40:57
[2021-06-17 19:30:57Z INFO HostContext] Well known directory 'Bin': '/home/user/final-lab-VVPolyukhov/actions-runner/bin'
[2021-06-17 19:30:57Z INFO ProcessInvokerWrapper] Starting process:
[2021-06-17 19:30:57Z INFO ProcessInvokerWrapper]   File name: '/home/user/final-lab-VVPolyukhov/actions-runner/bin/Runner.Worker'
[2021-06-17 19:30:57Z INFO ProcessInvokerWrapper]   Arguments: 'spawnclient 100 103'
[2021-06-17 19:30:57Z INFO ProcessInvokerWrapper]   Working directory: '/home/user/final-lab-VVPolyukhov/actions-runner/bin'
[2021-06-17 19:30:57Z INFO ProcessInvokerWrapper]   Require exit code zero: 'False'
[2021-06-17 19:30:57Z INFO ProcessInvokerWrapper]   Encoding web name:  ; code page: ''
[2021-06-17 19:30:57Z INFO ProcessInvokerWrapper]   Force kill process on cancellation: 'True'
[2021-06-17 19:30:57Z INFO ProcessInvokerWrapper]   Redirected STDIN: 'False'
[2021-06-17 19:30:57Z INFO ProcessInvokerWrapper]   Persist current code page: 'False'
[2021-06-17 19:30:57Z INFO ProcessInvokerWrapper]   Keep redirected STDIN open: 'False'
[2021-06-17 19:30:57Z INFO ProcessInvokerWrapper]   High priority process: 'True'
[2021-06-17 19:30:57Z INFO ProcessInvokerWrapper] Process started with process id 20247, waiting for process exit.
[2021-06-17 19:30:57Z INFO JobDispatcher] Send job request message to worker for job 19e9af05-3245-5acd-5c3d-d573c2eeba16.
[2021-06-17 19:30:57Z INFO JobNotification] Entering JobStarted Notification
[2021-06-17 19:30:57Z INFO JobNotification] Entering StartMonitor
[2021-06-17 19:31:22Z INFO ProcessInvokerWrapper] STDOUT/STDERR stream read finished.
[2021-06-17 19:31:22Z INFO ProcessInvokerWrapper] STDOUT/STDERR stream read finished.
[2021-06-17 19:31:22Z INFO ProcessInvokerWrapper] Finished process 20247 with exit code 100, and elapsed time 00:00:24.3944132.
[2021-06-17 19:31:22Z INFO JobDispatcher] Worker finished for job 19e9af05-3245-5acd-5c3d-d573c2eeba16. Code: 100
[2021-06-17 19:31:22Z INFO JobDispatcher] finish job request for job 19e9af05-3245-5acd-5c3d-d573c2eeba16 with result: Succeeded
[2021-06-17 19:31:22Z INFO Terminal] WRITE LINE: 2021-06-17 19:31:22Z: Job CodeStyle completed with result: Succeeded
[2021-06-17 19:31:22Z INFO JobDispatcher] Stop renew job request for job 19e9af05-3245-5acd-5c3d-d573c2eeba16.
[2021-06-17 19:31:22Z INFO JobDispatcher] job renew has been canceled, stop renew job request 2.
[2021-06-17 19:31:22Z INFO JobNotification] Entering JobCompleted Notification
[2021-06-17 19:31:22Z INFO JobNotification] Entering EndMonitor
[2021-06-17 19:31:25Z INFO RSAFileKeyManager] Loading RSA key parameters from file /home/user/final-lab-VVPolyukhov/actions-runner/.credentials_rsaparams
[2021-06-17 19:31:25Z INFO MessageListener] Message '3' received from session 'f97166d8-1028-4aab-90bf-c45554a5afaa'.
[2021-06-17 19:31:25Z INFO JobDispatcher] Job request 3 for plan 4c9f84e4-99e5-4f61-8587-27f9aa4317a9 job 9e11e48c-707a-5a5f-a99d-b29c2c089eef received.
[2021-06-17 19:31:25Z INFO JobDispatcher] Pull OrchestrationId 4c9f84e4-99e5-4f61-8587-27f9aa4317a9.tests.__default from JWT claims
[2021-06-17 19:31:25Z INFO JobDispatcher] Job request 19e9af05-3245-5acd-5c3d-d573c2eeba16 processed succeed.
[2021-06-17 19:31:25Z INFO Terminal] WRITE LINE: 2021-06-17 19:31:25Z: Running job: Tests
[2021-06-17 19:31:25Z INFO JobDispatcher] Start renew job request 3 for job 9e11e48c-707a-5a5f-a99d-b29c2c089eef.
[2021-06-17 19:31:26Z INFO JobDispatcher] Successfully renew job request 3, job is valid till 17.06.2021 19:41:26
[2021-06-17 19:31:26Z INFO HostContext] Well known directory 'Bin': '/home/user/final-lab-VVPolyukhov/actions-runner/bin'
[2021-06-17 19:31:26Z INFO ProcessInvokerWrapper] Starting process:
[2021-06-17 19:31:26Z INFO ProcessInvokerWrapper]   File name: '/home/user/final-lab-VVPolyukhov/actions-runner/bin/Runner.Worker'
[2021-06-17 19:31:26Z INFO ProcessInvokerWrapper]   Arguments: 'spawnclient 100 103'
[2021-06-17 19:31:26Z INFO ProcessInvokerWrapper]   Working directory: '/home/user/final-lab-VVPolyukhov/actions-runner/bin'
[2021-06-17 19:31:26Z INFO ProcessInvokerWrapper]   Require exit code zero: 'False'
[2021-06-17 19:31:26Z INFO ProcessInvokerWrapper]   Encoding web name:  ; code page: ''
[2021-06-17 19:31:26Z INFO ProcessInvokerWrapper]   Force kill process on cancellation: 'True'
[2021-06-17 19:31:26Z INFO ProcessInvokerWrapper]   Redirected STDIN: 'False'
[2021-06-17 19:31:26Z INFO ProcessInvokerWrapper]   Persist current code page: 'False'
[2021-06-17 19:31:26Z INFO ProcessInvokerWrapper]   Keep redirected STDIN open: 'False'
[2021-06-17 19:31:26Z INFO ProcessInvokerWrapper]   High priority process: 'True'
[2021-06-17 19:31:26Z INFO ProcessInvokerWrapper] Process started with process id 21268, waiting for process exit.
[2021-06-17 19:31:26Z INFO JobDispatcher] Send job request message to worker for job 9e11e48c-707a-5a5f-a99d-b29c2c089eef.
[2021-06-17 19:31:26Z INFO JobNotification] Entering JobStarted Notification
[2021-06-17 19:31:26Z INFO JobNotification] Entering StartMonitor
[2021-06-17 19:31:47Z INFO ProcessInvokerWrapper] STDOUT/STDERR stream read finished.
[2021-06-17 19:31:47Z INFO ProcessInvokerWrapper] STDOUT/STDERR stream read finished.
[2021-06-17 19:31:47Z INFO ProcessInvokerWrapper] Finished process 21268 with exit code 100, and elapsed time 00:00:20.9146530.
[2021-06-17 19:31:47Z INFO JobDispatcher] Worker finished for job 9e11e48c-707a-5a5f-a99d-b29c2c089eef. Code: 100
[2021-06-17 19:31:47Z INFO JobDispatcher] finish job request for job 9e11e48c-707a-5a5f-a99d-b29c2c089eef with result: Succeeded
[2021-06-17 19:31:47Z INFO Terminal] WRITE LINE: 2021-06-17 19:31:47Z: Job Tests completed with result: Succeeded
[2021-06-17 19:31:47Z INFO JobDispatcher] Stop renew job request for job 9e11e48c-707a-5a5f-a99d-b29c2c089eef.
[2021-06-17 19:31:47Z INFO JobDispatcher] job renew has been canceled, stop renew job request 3.
[2021-06-17 19:31:47Z INFO JobNotification] Entering JobCompleted Notification
[2021-06-17 19:31:47Z INFO JobNotification] Entering EndMonitor
[2021-06-17 19:36:47Z INFO RSAFileKeyManager] Loading RSA key parameters from file /home/user/final-lab-VVPolyukhov/actions-runner/.credentials_rsaparams
[2021-06-17 19:36:47Z INFO MessageListener] Message '4' received from session 'f97166d8-1028-4aab-90bf-c45554a5afaa'.
[2021-06-17 19:36:47Z INFO JobDispatcher] Job request 4 for plan 6c606e2e-40b2-4168-82da-8d26102f86d0 job 19e9af05-3245-5acd-5c3d-d573c2eeba16 received.
[2021-06-17 19:36:47Z INFO JobDispatcher] Pull OrchestrationId 6c606e2e-40b2-4168-82da-8d26102f86d0.codestyle.__default from JWT claims
[2021-06-17 19:36:47Z INFO JobDispatcher] Job request 9e11e48c-707a-5a5f-a99d-b29c2c089eef processed succeed.
[2021-06-17 19:36:47Z INFO Terminal] WRITE LINE: 2021-06-17 19:36:47Z: Running job: CodeStyle
[2021-06-17 19:36:47Z INFO JobDispatcher] Start renew job request 4 for job 19e9af05-3245-5acd-5c3d-d573c2eeba16.
[2021-06-17 19:36:47Z INFO JobDispatcher] Successfully renew job request 4, job is valid till 17.06.2021 19:46:47
[2021-06-17 19:36:48Z INFO HostContext] Well known directory 'Bin': '/home/user/final-lab-VVPolyukhov/actions-runner/bin'
[2021-06-17 19:36:48Z INFO ProcessInvokerWrapper] Starting process:
[2021-06-17 19:36:48Z INFO ProcessInvokerWrapper]   File name: '/home/user/final-lab-VVPolyukhov/actions-runner/bin/Runner.Worker'
[2021-06-17 19:36:48Z INFO ProcessInvokerWrapper]   Arguments: 'spawnclient 96 102'
[2021-06-17 19:36:48Z INFO ProcessInvokerWrapper]   Working directory: '/home/user/final-lab-VVPolyukhov/actions-runner/bin'
[2021-06-17 19:36:48Z INFO ProcessInvokerWrapper]   Require exit code zero: 'False'
[2021-06-17 19:36:48Z INFO ProcessInvokerWrapper]   Encoding web name:  ; code page: ''
[2021-06-17 19:36:48Z INFO ProcessInvokerWrapper]   Force kill process on cancellation: 'True'
[2021-06-17 19:36:48Z INFO ProcessInvokerWrapper]   Redirected STDIN: 'False'
[2021-06-17 19:36:48Z INFO ProcessInvokerWrapper]   Persist current code page: 'False'
[2021-06-17 19:36:48Z INFO ProcessInvokerWrapper]   Keep redirected STDIN open: 'False'
[2021-06-17 19:36:48Z INFO ProcessInvokerWrapper]   High priority process: 'True'
[2021-06-17 19:36:48Z INFO ProcessInvokerWrapper] Process started with process id 22715, waiting for process exit.
[2021-06-17 19:36:48Z INFO JobDispatcher] Send job request message to worker for job 19e9af05-3245-5acd-5c3d-d573c2eeba16.
[2021-06-17 19:36:48Z INFO JobNotification] Entering JobStarted Notification
[2021-06-17 19:36:48Z INFO JobNotification] Entering StartMonitor
[2021-06-17 19:37:01Z INFO ProcessInvokerWrapper] STDOUT/STDERR stream read finished.
[2021-06-17 19:37:01Z INFO ProcessInvokerWrapper] STDOUT/STDERR stream read finished.
[2021-06-17 19:37:01Z INFO ProcessInvokerWrapper] Finished process 22715 with exit code 100, and elapsed time 00:00:13.4392850.
[2021-06-17 19:37:01Z INFO JobDispatcher] Worker finished for job 19e9af05-3245-5acd-5c3d-d573c2eeba16. Code: 100
[2021-06-17 19:37:01Z INFO JobDispatcher] finish job request for job 19e9af05-3245-5acd-5c3d-d573c2eeba16 with result: Succeeded
[2021-06-17 19:37:01Z INFO Terminal] WRITE LINE: 2021-06-17 19:37:01Z: Job CodeStyle completed with result: Succeeded
[2021-06-17 19:37:01Z INFO JobDispatcher] Stop renew job request for job 19e9af05-3245-5acd-5c3d-d573c2eeba16.
[2021-06-17 19:37:01Z INFO JobDispatcher] job renew has been canceled, stop renew job request 4.
[2021-06-17 19:37:01Z INFO JobNotification] Entering JobCompleted Notification
[2021-06-17 19:37:01Z INFO JobNotification] Entering EndMonitor
[2021-06-17 19:37:05Z INFO RSAFileKeyManager] Loading RSA key parameters from file /home/user/final-lab-VVPolyukhov/actions-runner/.credentials_rsaparams
[2021-06-17 19:37:05Z INFO MessageListener] Message '5' received from session 'f97166d8-1028-4aab-90bf-c45554a5afaa'.
[2021-06-17 19:37:05Z INFO JobDispatcher] Job request 5 for plan 6c606e2e-40b2-4168-82da-8d26102f86d0 job 9e11e48c-707a-5a5f-a99d-b29c2c089eef received.
[2021-06-17 19:37:05Z INFO JobDispatcher] Pull OrchestrationId 6c606e2e-40b2-4168-82da-8d26102f86d0.tests.__default from JWT claims
[2021-06-17 19:37:05Z INFO JobDispatcher] Job request 19e9af05-3245-5acd-5c3d-d573c2eeba16 processed succeed.
[2021-06-17 19:37:05Z INFO Terminal] WRITE LINE: 2021-06-17 19:37:05Z: Running job: Tests
[2021-06-17 19:37:05Z INFO JobDispatcher] Start renew job request 5 for job 9e11e48c-707a-5a5f-a99d-b29c2c089eef.
[2021-06-17 19:37:06Z INFO JobDispatcher] Successfully renew job request 5, job is valid till 17.06.2021 19:47:06
[2021-06-17 19:37:06Z INFO HostContext] Well known directory 'Bin': '/home/user/final-lab-VVPolyukhov/actions-runner/bin'
[2021-06-17 19:37:06Z INFO ProcessInvokerWrapper] Starting process:
[2021-06-17 19:37:06Z INFO ProcessInvokerWrapper]   File name: '/home/user/final-lab-VVPolyukhov/actions-runner/bin/Runner.Worker'
[2021-06-17 19:37:06Z INFO ProcessInvokerWrapper]   Arguments: 'spawnclient 96 102'
[2021-06-17 19:37:06Z INFO ProcessInvokerWrapper]   Working directory: '/home/user/final-lab-VVPolyukhov/actions-runner/bin'
[2021-06-17 19:37:06Z INFO ProcessInvokerWrapper]   Require exit code zero: 'False'
[2021-06-17 19:37:06Z INFO ProcessInvokerWrapper]   Encoding web name:  ; code page: ''
[2021-06-17 19:37:06Z INFO ProcessInvokerWrapper]   Force kill process on cancellation: 'True'
[2021-06-17 19:37:06Z INFO ProcessInvokerWrapper]   Redirected STDIN: 'False'
[2021-06-17 19:37:06Z INFO ProcessInvokerWrapper]   Persist current code page: 'False'
[2021-06-17 19:37:06Z INFO ProcessInvokerWrapper]   Keep redirected STDIN open: 'False'
[2021-06-17 19:37:06Z INFO ProcessInvokerWrapper]   High priority process: 'True'
[2021-06-17 19:37:06Z INFO ProcessInvokerWrapper] Process started with process id 23569, waiting for process exit.
[2021-06-17 19:37:06Z INFO JobDispatcher] Send job request message to worker for job 9e11e48c-707a-5a5f-a99d-b29c2c089eef.
[2021-06-17 19:37:06Z INFO JobNotification] Entering JobStarted Notification
[2021-06-17 19:37:06Z INFO JobNotification] Entering StartMonitor
[2021-06-17 19:37:22Z INFO ProcessInvokerWrapper] STDOUT/STDERR stream read finished.
[2021-06-17 19:37:22Z INFO ProcessInvokerWrapper] STDOUT/STDERR stream read finished.
[2021-06-17 19:37:22Z INFO ProcessInvokerWrapper] Finished process 23569 with exit code 100, and elapsed time 00:00:15.9207253.
[2021-06-17 19:37:22Z INFO JobDispatcher] Worker finished for job 9e11e48c-707a-5a5f-a99d-b29c2c089eef. Code: 100
[2021-06-17 19:37:22Z INFO JobDispatcher] finish job request for job 9e11e48c-707a-5a5f-a99d-b29c2c089eef with result: Succeeded
[2021-06-17 19:37:22Z INFO Terminal] WRITE LINE: 2021-06-17 19:37:22Z: Job Tests completed with result: Succeeded
[2021-06-17 19:37:22Z INFO JobDispatcher] Stop renew job request for job 9e11e48c-707a-5a5f-a99d-b29c2c089eef.
[2021-06-17 19:37:22Z INFO JobDispatcher] job renew has been canceled, stop renew job request 5.
[2021-06-17 19:37:22Z INFO JobNotification] Entering JobCompleted Notification
[2021-06-17 19:37:22Z INFO JobNotification] Entering EndMonitor
[2021-06-17 19:37:25Z INFO RSAFileKeyManager] Loading RSA key parameters from file /home/user/final-lab-VVPolyukhov/actions-runner/.credentials_rsaparams
[2021-06-17 19:37:25Z INFO MessageListener] Message '6' received from session 'f97166d8-1028-4aab-90bf-c45554a5afaa'.
[2021-06-17 19:37:25Z INFO JobDispatcher] Job request 6 for plan 6c606e2e-40b2-4168-82da-8d26102f86d0 job 1c8ce01e-97de-5be9-a863-648419f09741 received.
[2021-06-17 19:37:25Z INFO JobDispatcher] Pull OrchestrationId 6c606e2e-40b2-4168-82da-8d26102f86d0.docker.__default from JWT claims
[2021-06-17 19:37:25Z INFO JobDispatcher] Job request 9e11e48c-707a-5a5f-a99d-b29c2c089eef processed succeed.
[2021-06-17 19:37:25Z INFO Terminal] WRITE LINE: 2021-06-17 19:37:25Z: Running job: Docker
[2021-06-17 19:37:25Z INFO JobDispatcher] Start renew job request 6 for job 1c8ce01e-97de-5be9-a863-648419f09741.
[2021-06-17 19:37:26Z INFO JobDispatcher] Successfully renew job request 6, job is valid till 17.06.2021 19:47:26
[2021-06-17 19:37:26Z INFO HostContext] Well known directory 'Bin': '/home/user/final-lab-VVPolyukhov/actions-runner/bin'
[2021-06-17 19:37:26Z INFO ProcessInvokerWrapper] Starting process:
[2021-06-17 19:37:26Z INFO ProcessInvokerWrapper]   File name: '/home/user/final-lab-VVPolyukhov/actions-runner/bin/Runner.Worker'
[2021-06-17 19:37:26Z INFO ProcessInvokerWrapper]   Arguments: 'spawnclient 96 102'
[2021-06-17 19:37:26Z INFO ProcessInvokerWrapper]   Working directory: '/home/user/final-lab-VVPolyukhov/actions-runner/bin'
[2021-06-17 19:37:26Z INFO ProcessInvokerWrapper]   Require exit code zero: 'False'
[2021-06-17 19:37:26Z INFO ProcessInvokerWrapper]   Encoding web name:  ; code page: ''
[2021-06-17 19:37:26Z INFO ProcessInvokerWrapper]   Force kill process on cancellation: 'True'
[2021-06-17 19:37:26Z INFO ProcessInvokerWrapper]   Redirected STDIN: 'False'
[2021-06-17 19:37:26Z INFO ProcessInvokerWrapper]   Persist current code page: 'False'
[2021-06-17 19:37:26Z INFO ProcessInvokerWrapper]   Keep redirected STDIN open: 'False'
[2021-06-17 19:37:26Z INFO ProcessInvokerWrapper]   High priority process: 'True'
[2021-06-17 19:37:26Z INFO ProcessInvokerWrapper] Process started with process id 24389, waiting for process exit.
[2021-06-17 19:37:26Z INFO JobDispatcher] Send job request message to worker for job 1c8ce01e-97de-5be9-a863-648419f09741.
[2021-06-17 19:37:26Z INFO JobNotification] Entering JobStarted Notification
[2021-06-17 19:37:26Z INFO JobNotification] Entering StartMonitor
[2021-06-17 19:37:34Z INFO ProcessInvokerWrapper] STDOUT/STDERR stream read finished.
[2021-06-17 19:37:34Z INFO ProcessInvokerWrapper] STDOUT/STDERR stream read finished.
[2021-06-17 19:37:34Z INFO ProcessInvokerWrapper] Finished process 24389 with exit code 102, and elapsed time 00:00:08.0128498.
[2021-06-17 19:37:34Z INFO JobDispatcher] Worker finished for job 1c8ce01e-97de-5be9-a863-648419f09741. Code: 102
[2021-06-17 19:37:34Z INFO JobDispatcher] finish job request for job 1c8ce01e-97de-5be9-a863-648419f09741 with result: Failed
[2021-06-17 19:37:34Z INFO Terminal] WRITE LINE: 2021-06-17 19:37:34Z: Job Docker completed with result: Failed
[2021-06-17 19:37:34Z INFO JobDispatcher] Stop renew job request for job 1c8ce01e-97de-5be9-a863-648419f09741.
[2021-06-17 19:37:34Z INFO JobDispatcher] job renew has been canceled, stop renew job request 6.
[2021-06-17 19:37:34Z INFO JobNotification] Entering JobCompleted Notification
[2021-06-17 19:37:34Z INFO JobNotification] Entering EndMonitor
