[2021-06-17 19:15:20Z INFO HostContext] No proxy settings were found based on environmental variables (http_proxy/https_proxy/HTTP_PROXY/HTTPS_PROXY)
[2021-06-17 19:15:20Z INFO HostContext] Well known directory 'Bin': '/home/user/final-lab-VVPolyukhov/actions-runner/bin'
[2021-06-17 19:15:20Z INFO HostContext] Well known directory 'Root': '/home/user/final-lab-VVPolyukhov/actions-runner'
[2021-06-17 19:15:20Z INFO HostContext] Well known config file 'Credentials': '/home/user/final-lab-VVPolyukhov/actions-runner/.credentials'
[2021-06-17 19:15:20Z INFO Listener] Runner is built for Linux (X64) - linux-x64.
[2021-06-17 19:15:20Z INFO Listener] RuntimeInformation: Linux 5.8.0-55-generic #62~20.04.1-Ubuntu SMP Wed Jun 2 08:55:04 UTC 2021.
[2021-06-17 19:15:20Z INFO Listener] Version: 2.276.1
[2021-06-17 19:15:20Z INFO Listener] Commit: 5effa808be96eae7f2e08d713426b8d056bddff1
[2021-06-17 19:15:20Z INFO Listener] Culture: ru-RU
[2021-06-17 19:15:20Z INFO Listener] UI Culture: ru-RU
[2021-06-17 19:15:20Z INFO HostContext] Well known directory 'Bin': '/home/user/final-lab-VVPolyukhov/actions-runner/bin'
[2021-06-17 19:15:20Z INFO HostContext] Well known directory 'Root': '/home/user/final-lab-VVPolyukhov/actions-runner'
[2021-06-17 19:15:20Z INFO Listener] Validating directory permissions for: '/home/user/final-lab-VVPolyukhov/actions-runner'
[2021-06-17 19:15:20Z INFO CommandLineParser] Parse
[2021-06-17 19:15:20Z INFO CommandLineParser] Parsing 5 args
[2021-06-17 19:15:20Z INFO CommandLineParser] parsing argument
[2021-06-17 19:15:20Z INFO CommandLineParser] HasArgs: False
[2021-06-17 19:15:20Z INFO CommandLineParser] Adding Command: configure
[2021-06-17 19:15:20Z INFO CommandLineParser] parsing argument
[2021-06-17 19:15:20Z INFO CommandLineParser] HasArgs: True
[2021-06-17 19:15:20Z INFO CommandLineParser] arg: url
[2021-06-17 19:15:20Z INFO CommandLineParser] parsing argument
[2021-06-17 19:15:20Z INFO CommandLineParser] HasArgs: True
[2021-06-17 19:15:20Z INFO CommandLineParser] Adding option 'url': 'https://github.com/HSE-NN-SE/final-lab-VVPolyukhov'
[2021-06-17 19:15:20Z INFO CommandLineParser] parsing argument
[2021-06-17 19:15:20Z INFO CommandLineParser] HasArgs: True
[2021-06-17 19:15:20Z INFO CommandLineParser] arg: token
[2021-06-17 19:15:20Z INFO CommandLineParser] parsing argument
[2021-06-17 19:15:20Z INFO CommandLineParser] HasArgs: True
[2021-06-17 19:15:20Z INFO CommandLineParser] Adding option 'token': '***'
[2021-06-17 19:15:20Z INFO Listener] Arguments parsed
[2021-06-17 19:15:20Z INFO Runner] ExecuteCommand
[2021-06-17 19:15:20Z INFO ConfigurationStore] currentAssemblyLocation: /home/user/final-lab-VVPolyukhov/actions-runner/bin/Runner.Listener.dll
[2021-06-17 19:15:20Z INFO HostContext] Well known directory 'Bin': '/home/user/final-lab-VVPolyukhov/actions-runner/bin'
[2021-06-17 19:15:20Z INFO ConfigurationStore] binPath: /home/user/final-lab-VVPolyukhov/actions-runner/bin
[2021-06-17 19:15:20Z INFO HostContext] Well known directory 'Bin': '/home/user/final-lab-VVPolyukhov/actions-runner/bin'
[2021-06-17 19:15:20Z INFO HostContext] Well known directory 'Root': '/home/user/final-lab-VVPolyukhov/actions-runner'
[2021-06-17 19:15:20Z INFO ConfigurationStore] RootFolder: /home/user/final-lab-VVPolyukhov/actions-runner
[2021-06-17 19:15:20Z INFO HostContext] Well known directory 'Bin': '/home/user/final-lab-VVPolyukhov/actions-runner/bin'
[2021-06-17 19:15:20Z INFO HostContext] Well known directory 'Root': '/home/user/final-lab-VVPolyukhov/actions-runner'
[2021-06-17 19:15:20Z INFO HostContext] Well known config file 'Runner': '/home/user/final-lab-VVPolyukhov/actions-runner/.runner'
[2021-06-17 19:15:20Z INFO ConfigurationStore] ConfigFilePath: /home/user/final-lab-VVPolyukhov/actions-runner/.runner
[2021-06-17 19:15:20Z INFO HostContext] Well known directory 'Bin': '/home/user/final-lab-VVPolyukhov/actions-runner/bin'
[2021-06-17 19:15:20Z INFO HostContext] Well known directory 'Root': '/home/user/final-lab-VVPolyukhov/actions-runner'
[2021-06-17 19:15:20Z INFO HostContext] Well known config file 'Credentials': '/home/user/final-lab-VVPolyukhov/actions-runner/.credentials'
[2021-06-17 19:15:20Z INFO ConfigurationStore] CredFilePath: /home/user/final-lab-VVPolyukhov/actions-runner/.credentials
[2021-06-17 19:15:20Z INFO HostContext] Well known directory 'Bin': '/home/user/final-lab-VVPolyukhov/actions-runner/bin'
[2021-06-17 19:15:20Z INFO HostContext] Well known directory 'Root': '/home/user/final-lab-VVPolyukhov/actions-runner'
[2021-06-17 19:15:20Z INFO HostContext] Well known config file 'MigratedCredentials': '/home/user/final-lab-VVPolyukhov/actions-runner/.credentials_migrated'
[2021-06-17 19:15:20Z INFO ConfigurationStore] MigratedCredFilePath: /home/user/final-lab-VVPolyukhov/actions-runner/.credentials_migrated
[2021-06-17 19:15:20Z INFO HostContext] Well known directory 'Bin': '/home/user/final-lab-VVPolyukhov/actions-runner/bin'
[2021-06-17 19:15:20Z INFO HostContext] Well known directory 'Root': '/home/user/final-lab-VVPolyukhov/actions-runner'
[2021-06-17 19:15:20Z INFO HostContext] Well known config file 'Service': '/home/user/final-lab-VVPolyukhov/actions-runner/.service'
[2021-06-17 19:15:20Z INFO ConfigurationStore] ServiceConfigFilePath: /home/user/final-lab-VVPolyukhov/actions-runner/.service
[2021-06-17 19:15:20Z INFO CommandSettings] Flag 'help': 'False'
[2021-06-17 19:15:20Z INFO CommandSettings] Flag 'version': 'False'
[2021-06-17 19:15:20Z INFO CommandSettings] Flag 'commit': 'False'
[2021-06-17 19:15:20Z INFO CommandSettings] Flag 'check': 'False'
[2021-06-17 19:15:20Z INFO CommandSettings] Command 'configure': 'True'
[2021-06-17 19:15:20Z INFO Terminal] WRITE LINE: 
[2021-06-17 19:15:20Z INFO Terminal] WRITE LINE: --------------------------------------------------------------------------------
[2021-06-17 19:15:20Z INFO Terminal] WRITE LINE: |        ____ _ _   _   _       _          _        _   _                      |
[2021-06-17 19:15:20Z INFO Terminal] WRITE LINE: |       / ___(_) |_| | | |_   _| |__      / \   ___| |_(_) ___  _ __  ___      |
[2021-06-17 19:15:20Z INFO Terminal] WRITE LINE: |      | |  _| | __| |_| | | | | '_ \    / _ \ / __| __| |/ _ \| '_ \/ __|     |
[2021-06-17 19:15:20Z INFO Terminal] WRITE LINE: |      | |_| | | |_|  _  | |_| | |_) |  / ___ \ (__| |_| | (_) | | | \__ \     |
[2021-06-17 19:15:20Z INFO Terminal] WRITE LINE: |       \____|_|\__|_| |_|\__,_|_.__/  /_/   \_\___|\__|_|\___/|_| |_|___/     |
[2021-06-17 19:15:20Z INFO Terminal] WRITE LINE: |                                                                              |
[2021-06-17 19:15:20Z INFO Terminal] WRITE: |                       
[2021-06-17 19:15:20Z INFO Terminal] WRITE: Self-hosted runner registration
[2021-06-17 19:15:20Z INFO Terminal] WRITE LINE:                         |
[2021-06-17 19:15:20Z INFO Terminal] WRITE LINE: |                                                                              |
[2021-06-17 19:15:20Z INFO Terminal] WRITE LINE: --------------------------------------------------------------------------------
[2021-06-17 19:15:20Z INFO ConfigurationManager] ConfigureAsync
[2021-06-17 19:15:20Z INFO ConfigurationStore] IsConfigured()
[2021-06-17 19:15:20Z INFO ConfigurationStore] IsConfigured: False
[2021-06-17 19:15:20Z INFO ConfigurationManager] Is configured: False
[2021-06-17 19:15:20Z INFO CommandSettings] Arg 'url': 'https://github.com/HSE-NN-SE/final-lab-VVPolyukhov'
[2021-06-17 19:15:20Z INFO CommandSettings] Remove url from Arg dictionary.
[2021-06-17 19:15:20Z INFO CommandSettings] Arg 'token': '***'
[2021-06-17 19:15:20Z INFO CommandSettings] Remove token from Arg dictionary.
[2021-06-17 19:15:21Z INFO ConfigurationManager] Http response code: OK from 'POST https://api.github.com/actions/runner-registration'
[2021-06-17 19:15:21Z INFO ConfigurationManager] cred retrieved via GitHub auth
[2021-06-17 19:15:21Z INFO RunnerServer] Establish connection with 100 seconds timeout.
[2021-06-17 19:15:21Z INFO GitHubActionsService] Starting operation Location.GetConnectionData
[2021-06-17 19:15:21Z INFO RunnerServer] Establish connection with 60 seconds timeout.
[2021-06-17 19:15:21Z INFO GitHubActionsService] Starting operation Location.GetConnectionData
[2021-06-17 19:15:21Z INFO RunnerServer] Establish connection with 60 seconds timeout.
[2021-06-17 19:15:21Z INFO GitHubActionsService] Starting operation Location.GetConnectionData
[2021-06-17 19:15:22Z INFO GitHubActionsService] Finished operation Location.GetConnectionData
[2021-06-17 19:15:22Z INFO GitHubActionsService] Finished operation Location.GetConnectionData
[2021-06-17 19:15:22Z INFO GitHubActionsService] Finished operation Location.GetConnectionData
[2021-06-17 19:15:22Z INFO Terminal] WRITE LINE: 
[2021-06-17 19:15:22Z INFO ConfigurationManager] Test Connection complete.
[2021-06-17 19:15:22Z INFO HostContext] Well known directory 'Bin': '/home/user/final-lab-VVPolyukhov/actions-runner/bin'
[2021-06-17 19:15:22Z INFO HostContext] Well known directory 'Root': '/home/user/final-lab-VVPolyukhov/actions-runner'
[2021-06-17 19:15:22Z INFO HostContext] Well known config file 'RSACredentials': '/home/user/final-lab-VVPolyukhov/actions-runner/.credentials_rsaparams'
[2021-06-17 19:15:22Z INFO RSAFileKeyManager] Creating new RSA key using 2048-bit key length
[2021-06-17 19:15:22Z INFO RSAFileKeyManager] Successfully saved RSA key parameters to file /home/user/final-lab-VVPolyukhov/actions-runner/.credentials_rsaparams
[2021-06-17 19:15:22Z INFO RSAFileKeyManager] Which: 'chmod'
[2021-06-17 19:15:22Z INFO RSAFileKeyManager] Location: '/usr/bin/chmod'
[2021-06-17 19:15:22Z INFO HostContext] Well known directory 'Bin': '/home/user/final-lab-VVPolyukhov/actions-runner/bin'
[2021-06-17 19:15:22Z INFO HostContext] Well known directory 'Root': '/home/user/final-lab-VVPolyukhov/actions-runner'
[2021-06-17 19:15:22Z INFO ProcessInvokerWrapper] Starting process:
[2021-06-17 19:15:22Z INFO ProcessInvokerWrapper]   File name: '/usr/bin/chmod'
[2021-06-17 19:15:22Z INFO ProcessInvokerWrapper]   Arguments: '600 /home/user/final-lab-VVPolyukhov/actions-runner/.credentials_rsaparams'
[2021-06-17 19:15:22Z INFO ProcessInvokerWrapper]   Working directory: '/home/user/final-lab-VVPolyukhov/actions-runner'
[2021-06-17 19:15:22Z INFO ProcessInvokerWrapper]   Require exit code zero: 'False'
[2021-06-17 19:15:22Z INFO ProcessInvokerWrapper]   Encoding web name:  ; code page: ''
[2021-06-17 19:15:22Z INFO ProcessInvokerWrapper]   Force kill process on cancellation: 'False'
[2021-06-17 19:15:22Z INFO ProcessInvokerWrapper]   Redirected STDIN: 'False'
[2021-06-17 19:15:22Z INFO ProcessInvokerWrapper]   Persist current code page: 'False'
[2021-06-17 19:15:22Z INFO ProcessInvokerWrapper]   Keep redirected STDIN open: 'False'
[2021-06-17 19:15:22Z INFO ProcessInvokerWrapper]   High priority process: 'False'
[2021-06-17 19:15:22Z INFO ProcessInvokerWrapper] Failed to update oom_score_adj for PID: 18737.
[2021-06-17 19:15:22Z INFO ProcessInvokerWrapper] System.UnauthorizedAccessException: Access to the path '/proc/18737/oom_score_adj' is denied.
 ---> System.IO.IOException: Permission denied
   --- End of inner exception stack trace ---
   at Interop.ThrowExceptionForIoErrno(ErrorInfo errorInfo, String path, Boolean isDirectory, Func`2 errorRewriter)
   at Microsoft.Win32.SafeHandles.SafeFileHandle.Open(String path, OpenFlags flags, Int32 mode)
   at System.IO.FileStream.OpenHandle(FileMode mode, FileShare share, FileOptions options)
   at System.IO.FileStream..ctor(String path, FileMode mode, FileAccess access, FileShare share, Int32 bufferSize, FileOptions options)
   at System.IO.StreamWriter.ValidateArgsAndOpenPath(String path, Boolean append, Encoding encoding, Int32 bufferSize)
   at System.IO.StreamWriter..ctor(String path)
   at System.IO.File.WriteAllText(String path, String contents)
   at GitHub.Runner.Sdk.ProcessInvoker.WriteProcessOomScoreAdj(Int32 processId, Int32 oomScoreAdj)
[2021-06-17 19:15:22Z INFO ProcessInvokerWrapper] Process started with process id 18737, waiting for process exit.
[2021-06-17 19:15:22Z INFO ProcessInvokerWrapper] STDOUT/STDERR stream read finished.
[2021-06-17 19:15:22Z INFO ProcessInvokerWrapper] STDOUT/STDERR stream read finished.
[2021-06-17 19:15:22Z INFO ProcessInvokerWrapper] Finished process 18737 with exit code 0, and elapsed time 00:00:00.0136062.
[2021-06-17 19:15:22Z INFO RSAFileKeyManager] Successfully set permissions for RSA key parameters file /home/user/final-lab-VVPolyukhov/actions-runner/.credentials_rsaparams
[2021-06-17 19:15:23Z INFO ConfigurationManager] Found a self-hosted runner group with id {1} and name {2} 1, Default
[2021-06-17 19:15:23Z INFO CommandSettings] Arg 'name': ''
[2021-06-17 19:15:23Z INFO CommandSettings] Flag 'unattended': 'False'
[2021-06-17 19:15:23Z INFO PromptManager] ReadValue
[2021-06-17 19:15:23Z INFO Terminal] WRITE: Enter the name of runner: 
[2021-06-17 19:15:23Z INFO Terminal] WRITE: [press Enter for user-HP-ProBook-440-G6] 
[2021-06-17 19:15:23Z INFO Terminal] READ LINE
[2021-06-17 19:15:29Z INFO Terminal] Read value: 'runner'
[2021-06-17 19:15:29Z INFO Terminal] WRITE LINE: 
[2021-06-17 19:15:29Z INFO CommandSettings] Arg 'labels': ''
[2021-06-17 19:15:29Z INFO CommandSettings] Flag 'unattended': 'False'
[2021-06-17 19:15:29Z INFO PromptManager] ReadValue
[2021-06-17 19:15:29Z INFO Terminal] WRITE: This runner will have the following labels: 'self-hosted', 'Linux', 'X64' 
Enter any additional labels (ex. label-1,label-2): 
[2021-06-17 19:15:29Z INFO Terminal] WRITE: [press Enter to skip] 
[2021-06-17 19:15:29Z INFO Terminal] READ LINE
[2021-06-17 19:15:34Z INFO Terminal] Read value: ''
[2021-06-17 19:15:34Z INFO Terminal] WRITE LINE: 
[2021-06-17 19:15:35Z INFO ConfigurationStore] Saving OAuth credential @ /home/user/final-lab-VVPolyukhov/actions-runner/.credentials
[2021-06-17 19:15:35Z INFO ConfigurationStore] Credentials Saved.
[2021-06-17 19:15:35Z INFO ConfigurationStore] HasCredentials()
[2021-06-17 19:15:35Z INFO ConfigurationStore] stored True
[2021-06-17 19:15:35Z INFO CredentialManager] GetCredentialProvider
[2021-06-17 19:15:35Z INFO CredentialManager] Creating type OAuth
[2021-06-17 19:15:35Z INFO CredentialManager] Creating credential type: OAuth
[2021-06-17 19:15:35Z INFO RSAFileKeyManager] Loading RSA key parameters from file /home/user/final-lab-VVPolyukhov/actions-runner/.credentials_rsaparams
[2021-06-17 19:15:35Z INFO RunnerServer] Establish connection with 100 seconds timeout.
[2021-06-17 19:15:35Z INFO GitHubActionsService] Starting operation Location.GetConnectionData
[2021-06-17 19:15:35Z INFO RunnerServer] Establish connection with 60 seconds timeout.
[2021-06-17 19:15:35Z INFO GitHubActionsService] Starting operation Location.GetConnectionData
[2021-06-17 19:15:35Z INFO RunnerServer] Establish connection with 60 seconds timeout.
[2021-06-17 19:15:35Z INFO GitHubActionsService] Starting operation Location.GetConnectionData
[2021-06-17 19:15:35Z INFO GitHubActionsService] Finished operation Location.GetConnectionData
[2021-06-17 19:15:36Z INFO GitHubActionsService] Finished operation Location.GetConnectionData
[2021-06-17 19:15:36Z INFO GitHubActionsService] Finished operation Location.GetConnectionData
[2021-06-17 19:15:36Z WARN GitHubActionsService] Authentication failed with status code 401.
WWW-Authenticate: Bearer
Strict-Transport-Security: max-age=2592000
X-TFS-ProcessId: d3a6f2eb-ab99-4fd4-b408-a40fc99910ed
ActivityId: 89119572-13fa-4f2a-9411-a45491b2f7ae
X-TFS-Session: 16e8501d-692b-436f-abef-5e6b2b8bedb4
X-VSS-E2EID: a49ed3b5-d79e-416f-adf8-706cb2775fc7
X-VSS-SenderDeploymentId: 6074703f-c195-632a-bd61-21691fc86fa5
X-TFS-ServiceError: The+user+%27System%3aPublicAccess%3baaaaaaaa-aaaa-aaaa-aaaa-aaaaaaaaaaaa%27+is+not+authorized+to+access+this+resource.
X-VSS-S2STargetService: 0000005A-0000-8888-8000-000000000000/visualstudio.com
X-Cache: CONFIG_NOCACHE
X-MSEdge-Ref: Ref A: D1B02F0F539441908609D19FDECD8CB1 Ref B: FRAEDGE1414 Ref C: 2021-06-17T19:15:37Z
Date: Thu, 17 Jun 2021 19:15:37 GMT

[2021-06-17 19:15:36Z INFO RSAFileKeyManager] Loading RSA key parameters from file /home/user/final-lab-VVPolyukhov/actions-runner/.credentials_rsaparams
[2021-06-17 19:15:36Z INFO RSAFileKeyManager] Loading RSA key parameters from file /home/user/final-lab-VVPolyukhov/actions-runner/.credentials_rsaparams
[2021-06-17 19:15:36Z INFO GitHubActionsService] AAD Correlation ID for this token request: Unknown
[2021-06-17 19:15:37Z INFO CommandSettings] Arg 'work': ''
[2021-06-17 19:15:37Z INFO CommandSettings] Flag 'unattended': 'False'
[2021-06-17 19:15:37Z INFO PromptManager] ReadValue
[2021-06-17 19:15:37Z INFO Terminal] WRITE: Enter name of work folder: 
[2021-06-17 19:15:37Z INFO Terminal] WRITE: [press Enter for _work] 
[2021-06-17 19:15:37Z INFO Terminal] READ LINE
[2021-06-17 19:15:52Z INFO Terminal] Read value: 'app'
[2021-06-17 19:15:52Z INFO ConfigurationStore] Saving runner settings.
[2021-06-17 19:15:52Z INFO ConfigurationStore] Settings Saved.
[2021-06-17 19:15:52Z INFO Terminal] WRITE LINE: 
[2021-06-17 19:15:52Z INFO Terminal] WRITE LINE: 
[2021-06-17 19:15:52Z INFO SystemDControlManager] Service name 'actions.runner.HSE-NN-SE-final-lab-VVPolyukhov.runner.service' display name 'GitHub Actions Runner (HSE-NN-SE-final-lab-VVPolyukhov.runner)' will be used for service configuration.
[2021-06-17 19:15:52Z INFO HostContext] Well known directory 'Bin': '/home/user/final-lab-VVPolyukhov/actions-runner/bin'
[2021-06-17 19:15:52Z INFO HostContext] Well known directory 'Root': '/home/user/final-lab-VVPolyukhov/actions-runner'
[2021-06-17 19:15:52Z INFO HostContext] Well known directory 'Bin': '/home/user/final-lab-VVPolyukhov/actions-runner/bin'
[2021-06-17 19:15:52Z INFO HostContext] Well known directory 'Bin': '/home/user/final-lab-VVPolyukhov/actions-runner/bin'
[2021-06-17 19:15:52Z INFO HostContext] Well known directory 'Root': '/home/user/final-lab-VVPolyukhov/actions-runner'
[2021-06-17 19:15:52Z INFO UnixUtil] Which: 'chmod'
[2021-06-17 19:15:52Z INFO UnixUtil] Location: '/usr/bin/chmod'
[2021-06-17 19:15:52Z INFO UnixUtil] Running /usr/bin/chmod 755 "/home/user/final-lab-VVPolyukhov/actions-runner/svc.sh"
[2021-06-17 19:15:52Z INFO ProcessInvokerWrapper] Starting process:
[2021-06-17 19:15:52Z INFO ProcessInvokerWrapper]   File name: '/usr/bin/chmod'
[2021-06-17 19:15:52Z INFO ProcessInvokerWrapper]   Arguments: '755 "/home/user/final-lab-VVPolyukhov/actions-runner/svc.sh"'
[2021-06-17 19:15:52Z INFO ProcessInvokerWrapper]   Working directory: '/home/user/final-lab-VVPolyukhov/actions-runner'
[2021-06-17 19:15:52Z INFO ProcessInvokerWrapper]   Require exit code zero: 'True'
[2021-06-17 19:15:52Z INFO ProcessInvokerWrapper]   Encoding web name:  ; code page: ''
[2021-06-17 19:15:52Z INFO ProcessInvokerWrapper]   Force kill process on cancellation: 'False'
[2021-06-17 19:15:52Z INFO ProcessInvokerWrapper]   Redirected STDIN: 'False'
[2021-06-17 19:15:52Z INFO ProcessInvokerWrapper]   Persist current code page: 'False'
[2021-06-17 19:15:52Z INFO ProcessInvokerWrapper]   Keep redirected STDIN open: 'False'
[2021-06-17 19:15:52Z INFO ProcessInvokerWrapper]   High priority process: 'False'
[2021-06-17 19:15:52Z INFO ProcessInvokerWrapper] Updated oom_score_adj to 500 for PID: 18763.
[2021-06-17 19:15:52Z INFO ProcessInvokerWrapper] Process started with process id 18763, waiting for process exit.
[2021-06-17 19:15:52Z INFO ProcessInvokerWrapper] STDOUT/STDERR stream read finished.
[2021-06-17 19:15:52Z INFO ProcessInvokerWrapper] STDOUT/STDERR stream read finished.
[2021-06-17 19:15:52Z INFO ProcessInvokerWrapper] Finished process 18763 with exit code 0, and elapsed time 00:00:00.0026704.
[2021-06-17 19:15:52Z INFO Listener] Runner execution has finished with return code 0
