[2021-06-17 19:28:12Z INFO HostContext] No proxy settings were found based on environmental variables (http_proxy/https_proxy/HTTP_PROXY/HTTPS_PROXY)
[2021-06-17 19:28:12Z INFO HostContext] Well known directory 'Bin': '/home/user/final-lab-VVPolyukhov/actions-runner/bin'
[2021-06-17 19:28:12Z INFO HostContext] Well known directory 'Root': '/home/user/final-lab-VVPolyukhov/actions-runner'
[2021-06-17 19:28:12Z INFO HostContext] Well known config file 'Credentials': '/home/user/final-lab-VVPolyukhov/actions-runner/.credentials'
[2021-06-17 19:28:13Z INFO Listener] Runner is built for Linux (X64) - linux-x64.
[2021-06-17 19:28:13Z INFO Listener] RuntimeInformation: Linux 5.8.0-55-generic #62~20.04.1-Ubuntu SMP Wed Jun 2 08:55:04 UTC 2021.
[2021-06-17 19:28:13Z INFO Listener] Version: 2.276.1
[2021-06-17 19:28:13Z INFO Listener] Commit: 5effa808be96eae7f2e08d713426b8d056bddff1
[2021-06-17 19:28:13Z INFO Listener] Culture: ru-RU
[2021-06-17 19:28:13Z INFO Listener] UI Culture: ru-RU
[2021-06-17 19:28:13Z INFO HostContext] Well known directory 'Bin': '/home/user/final-lab-VVPolyukhov/actions-runner/bin'
[2021-06-17 19:28:13Z INFO HostContext] Well known directory 'Root': '/home/user/final-lab-VVPolyukhov/actions-runner'
[2021-06-17 19:28:13Z INFO Listener] Validating directory permissions for: '/home/user/final-lab-VVPolyukhov/actions-runner'
[2021-06-17 19:28:13Z INFO CommandLineParser] Parse
[2021-06-17 19:28:13Z INFO CommandLineParser] Parsing 1 args
[2021-06-17 19:28:13Z INFO CommandLineParser] parsing argument
[2021-06-17 19:28:13Z INFO CommandLineParser] HasArgs: False
[2021-06-17 19:28:13Z INFO CommandLineParser] Adding Command: run
[2021-06-17 19:28:13Z INFO Listener] Arguments parsed
[2021-06-17 19:28:13Z INFO Runner] ExecuteCommand
[2021-06-17 19:28:13Z INFO ConfigurationStore] currentAssemblyLocation: /home/user/final-lab-VVPolyukhov/actions-runner/bin/Runner.Listener.dll
[2021-06-17 19:28:13Z INFO HostContext] Well known directory 'Bin': '/home/user/final-lab-VVPolyukhov/actions-runner/bin'
[2021-06-17 19:28:13Z INFO ConfigurationStore] binPath: /home/user/final-lab-VVPolyukhov/actions-runner/bin
[2021-06-17 19:28:13Z INFO HostContext] Well known directory 'Bin': '/home/user/final-lab-VVPolyukhov/actions-runner/bin'
[2021-06-17 19:28:13Z INFO HostContext] Well known directory 'Root': '/home/user/final-lab-VVPolyukhov/actions-runner'
[2021-06-17 19:28:13Z INFO ConfigurationStore] RootFolder: /home/user/final-lab-VVPolyukhov/actions-runner
[2021-06-17 19:28:13Z INFO HostContext] Well known directory 'Bin': '/home/user/final-lab-VVPolyukhov/actions-runner/bin'
[2021-06-17 19:28:13Z INFO HostContext] Well known directory 'Root': '/home/user/final-lab-VVPolyukhov/actions-runner'
[2021-06-17 19:28:13Z INFO HostContext] Well known config file 'Runner': '/home/user/final-lab-VVPolyukhov/actions-runner/.runner'
[2021-06-17 19:28:13Z INFO ConfigurationStore] ConfigFilePath: /home/user/final-lab-VVPolyukhov/actions-runner/.runner
[2021-06-17 19:28:13Z INFO HostContext] Well known directory 'Bin': '/home/user/final-lab-VVPolyukhov/actions-runner/bin'
[2021-06-17 19:28:13Z INFO HostContext] Well known directory 'Root': '/home/user/final-lab-VVPolyukhov/actions-runner'
[2021-06-17 19:28:13Z INFO HostContext] Well known config file 'Credentials': '/home/user/final-lab-VVPolyukhov/actions-runner/.credentials'
[2021-06-17 19:28:13Z INFO ConfigurationStore] CredFilePath: /home/user/final-lab-VVPolyukhov/actions-runner/.credentials
[2021-06-17 19:28:13Z INFO HostContext] Well known directory 'Bin': '/home/user/final-lab-VVPolyukhov/actions-runner/bin'
[2021-06-17 19:28:13Z INFO HostContext] Well known directory 'Root': '/home/user/final-lab-VVPolyukhov/actions-runner'
[2021-06-17 19:28:13Z INFO HostContext] Well known config file 'MigratedCredentials': '/home/user/final-lab-VVPolyukhov/actions-runner/.credentials_migrated'
[2021-06-17 19:28:13Z INFO ConfigurationStore] MigratedCredFilePath: /home/user/final-lab-VVPolyukhov/actions-runner/.credentials_migrated
[2021-06-17 19:28:13Z INFO HostContext] Well known directory 'Bin': '/home/user/final-lab-VVPolyukhov/actions-runner/bin'
[2021-06-17 19:28:13Z INFO HostContext] Well known directory 'Root': '/home/user/final-lab-VVPolyukhov/actions-runner'
[2021-06-17 19:28:13Z INFO HostContext] Well known config file 'Service': '/home/user/final-lab-VVPolyukhov/actions-runner/.service'
[2021-06-17 19:28:13Z INFO ConfigurationStore] ServiceConfigFilePath: /home/user/final-lab-VVPolyukhov/actions-runner/.service
[2021-06-17 19:28:13Z INFO CommandSettings] Flag 'help': 'False'
[2021-06-17 19:28:13Z INFO CommandSettings] Flag 'version': 'False'
[2021-06-17 19:28:13Z INFO CommandSettings] Flag 'commit': 'False'
[2021-06-17 19:28:13Z INFO CommandSettings] Flag 'check': 'False'
[2021-06-17 19:28:13Z INFO CommandSettings] Command 'configure': 'False'
[2021-06-17 19:28:13Z INFO CommandSettings] Command 'remove': 'False'
[2021-06-17 19:28:13Z INFO CommandSettings] Command 'warmup': 'False'
[2021-06-17 19:28:13Z INFO ConfigurationManager] LoadSettings
[2021-06-17 19:28:13Z INFO ConfigurationStore] IsConfigured()
[2021-06-17 19:28:13Z INFO ConfigurationStore] IsConfigured: True
[2021-06-17 19:28:13Z INFO ConfigurationManager] Is configured: True
[2021-06-17 19:28:13Z INFO ConfigurationStore] Read setting file: 292 chars
[2021-06-17 19:28:13Z INFO ConfigurationManager] Settings Loaded
[2021-06-17 19:28:13Z INFO ConfigurationStore] IsServiceConfigured()
[2021-06-17 19:28:13Z INFO ConfigurationStore] IsServiceConfigured: False
[2021-06-17 19:28:13Z INFO CommandSettings] Command 'run': 'True'
[2021-06-17 19:28:13Z INFO ConfigurationStore] IsConfigured()
[2021-06-17 19:28:13Z INFO ConfigurationStore] IsConfigured: True
[2021-06-17 19:28:13Z INFO ConfigurationManager] Is configured: True
[2021-06-17 19:28:13Z INFO Runner] Could not parse the argument value '' for StartupType. Defaulting to Manual
[2021-06-17 19:28:13Z INFO Runner] Set runner startup type - Manual
[2021-06-17 19:28:13Z INFO CommandSettings] Flag 'once': 'False'
[2021-06-17 19:28:13Z INFO Runner] RunAsync
[2021-06-17 19:28:13Z INFO ConfigurationManager] LoadSettings
[2021-06-17 19:28:13Z INFO ConfigurationStore] IsConfigured()
[2021-06-17 19:28:13Z INFO ConfigurationStore] IsConfigured: True
[2021-06-17 19:28:13Z INFO ConfigurationManager] Is configured: True
[2021-06-17 19:28:13Z INFO ConfigurationManager] Settings Loaded
[2021-06-17 19:28:13Z INFO MessageListener] {
  "AgentId": 2,
  "AgentName": "runner",
  "PoolId": 1,
  "PoolName": "Default",
  "ServerUrl": "https://pipelines.actions.githubusercontent.com/OmjY0MEUd91qA8nyXf29HIHTtHdnQWVcGWAg6pgXxV8xsCM2Gp",
  "GitHubUrl": "https://github.com/HSE-NN-SE/final-lab-VVPolyukhov",
  "WorkFolder": "app"
}
[2021-06-17 19:28:13Z INFO MessageListener] Loading Credentials
[2021-06-17 19:28:13Z INFO ConfigurationStore] HasCredentials()
[2021-06-17 19:28:13Z INFO ConfigurationStore] stored True
[2021-06-17 19:28:13Z INFO CredentialManager] GetCredentialProvider
[2021-06-17 19:28:13Z INFO CredentialManager] Creating type OAuth
[2021-06-17 19:28:13Z INFO CredentialManager] Creating credential type: OAuth
[2021-06-17 19:28:13Z INFO HostContext] Well known directory 'Bin': '/home/user/final-lab-VVPolyukhov/actions-runner/bin'
[2021-06-17 19:28:13Z INFO HostContext] Well known directory 'Root': '/home/user/final-lab-VVPolyukhov/actions-runner'
[2021-06-17 19:28:13Z INFO HostContext] Well known config file 'RSACredentials': '/home/user/final-lab-VVPolyukhov/actions-runner/.credentials_rsaparams'
[2021-06-17 19:28:13Z INFO RSAFileKeyManager] Loading RSA key parameters from file /home/user/final-lab-VVPolyukhov/actions-runner/.credentials_rsaparams
[2021-06-17 19:28:13Z INFO MessageListener] Attempt to create session.
[2021-06-17 19:28:13Z INFO MessageListener] Connecting to the Runner Server...
[2021-06-17 19:28:13Z INFO RunnerServer] Establish connection with 100 seconds timeout.
[2021-06-17 19:28:13Z INFO GitHubActionsService] Starting operation Location.GetConnectionData
[2021-06-17 19:28:13Z INFO RunnerServer] Establish connection with 60 seconds timeout.
[2021-06-17 19:28:13Z INFO GitHubActionsService] Starting operation Location.GetConnectionData
[2021-06-17 19:28:13Z INFO RunnerServer] Establish connection with 60 seconds timeout.
[2021-06-17 19:28:13Z INFO GitHubActionsService] Starting operation Location.GetConnectionData
[2021-06-17 19:28:14Z INFO GitHubActionsService] Finished operation Location.GetConnectionData
[2021-06-17 19:28:14Z INFO GitHubActionsService] Finished operation Location.GetConnectionData
[2021-06-17 19:28:14Z INFO GitHubActionsService] Finished operation Location.GetConnectionData
[2021-06-17 19:28:14Z INFO MessageListener] VssConnection created
[2021-06-17 19:28:14Z INFO Terminal] WRITE LINE: 
[2021-06-17 19:28:14Z INFO Terminal] WRITE LINE: 
[2021-06-17 19:28:14Z WARN GitHubActionsService] Authentication failed with status code 401.
WWW-Authenticate: Bearer
Strict-Transport-Security: max-age=2592000
X-TFS-ProcessId: 7ed23b12-4a61-4011-a86a-69582a8dde4a
ActivityId: fc1c1701-6d22-4555-8cae-e0d06d184d4f
X-TFS-Session: d64ab29f-cda2-4847-b608-acbae7fd2c26
X-VSS-E2EID: d41682c0-f8d4-47b6-9d0a-08480139a123
X-VSS-SenderDeploymentId: 6074703f-c195-632a-bd61-21691fc86fa5
X-TFS-ServiceError: The+user+%27System%3aPublicAccess%3baaaaaaaa-aaaa-aaaa-aaaa-aaaaaaaaaaaa%27+is+not+authorized+to+access+this+resource.
X-VSS-S2STargetService: 0000005A-0000-8888-8000-000000000000/visualstudio.com
X-Cache: CONFIG_NOCACHE
X-MSEdge-Ref: Ref A: 0BBD46D692D6475AB487EBE8982701F6 Ref B: FRAEDGE0721 Ref C: 2021-06-17T19:28:15Z
Date: Thu, 17 Jun 2021 19:28:15 GMT

[2021-06-17 19:28:14Z INFO RSAFileKeyManager] Loading RSA key parameters from file /home/user/final-lab-VVPolyukhov/actions-runner/.credentials_rsaparams
[2021-06-17 19:28:14Z INFO RSAFileKeyManager] Loading RSA key parameters from file /home/user/final-lab-VVPolyukhov/actions-runner/.credentials_rsaparams
[2021-06-17 19:28:15Z INFO GitHubActionsService] AAD Correlation ID for this token request: Unknown
[2021-06-17 19:28:15Z INFO MessageListener] Session created.
[2021-06-17 19:28:15Z INFO Terminal] WRITE LINE: 2021-06-17 19:28:15Z: Listening for Jobs
[2021-06-17 19:28:15Z INFO JobDispatcher] Set runner/worker IPC timeout to 30 seconds.
[2021-06-17 19:29:22Z INFO RSAFileKeyManager] Loading RSA key parameters from file /home/user/final-lab-VVPolyukhov/actions-runner/.credentials_rsaparams
[2021-06-17 19:29:22Z INFO MessageListener] Message '1' received from session 'da23e577-a1e4-44b8-8e6f-a3821c0f0582'.
[2021-06-17 19:29:22Z INFO JobDispatcher] Job request 1 for plan 6c9563eb-149b-4612-a614-3fd1534e1b3e job 19e9af05-3245-5acd-5c3d-d573c2eeba16 received.
[2021-06-17 19:29:22Z INFO JobDispatcher] Pull OrchestrationId 6c9563eb-149b-4612-a614-3fd1534e1b3e.codestyle.__default from JWT claims
[2021-06-17 19:29:22Z INFO Terminal] WRITE LINE: 2021-06-17 19:29:22Z: Running job: CodeStyle
[2021-06-17 19:29:22Z INFO JobDispatcher] Start renew job request 1 for job 19e9af05-3245-5acd-5c3d-d573c2eeba16.
[2021-06-17 19:29:22Z INFO JobDispatcher] Successfully renew job request 1, job is valid till 17.06.2021 19:39:22
[2021-06-17 19:29:22Z INFO HostContext] Well known directory 'Bin': '/home/user/final-lab-VVPolyukhov/actions-runner/bin'
[2021-06-17 19:29:22Z INFO ProcessInvokerWrapper] Starting process:
[2021-06-17 19:29:22Z INFO ProcessInvokerWrapper]   File name: '/home/user/final-lab-VVPolyukhov/actions-runner/bin/Runner.Worker'
[2021-06-17 19:29:22Z INFO ProcessInvokerWrapper]   Arguments: 'spawnclient 101 104'
[2021-06-17 19:29:22Z INFO ProcessInvokerWrapper]   Working directory: '/home/user/final-lab-VVPolyukhov/actions-runner/bin'
[2021-06-17 19:29:22Z INFO ProcessInvokerWrapper]   Require exit code zero: 'False'
[2021-06-17 19:29:22Z INFO ProcessInvokerWrapper]   Encoding web name:  ; code page: ''
[2021-06-17 19:29:22Z INFO ProcessInvokerWrapper]   Force kill process on cancellation: 'True'
[2021-06-17 19:29:22Z INFO ProcessInvokerWrapper]   Redirected STDIN: 'False'
[2021-06-17 19:29:22Z INFO ProcessInvokerWrapper]   Persist current code page: 'False'
[2021-06-17 19:29:22Z INFO ProcessInvokerWrapper]   Keep redirected STDIN open: 'False'
[2021-06-17 19:29:22Z INFO ProcessInvokerWrapper]   High priority process: 'True'
[2021-06-17 19:29:22Z INFO ProcessInvokerWrapper] Process started with process id 19320, waiting for process exit.
[2021-06-17 19:29:22Z INFO JobDispatcher] Send job request message to worker for job 19e9af05-3245-5acd-5c3d-d573c2eeba16.
[2021-06-17 19:29:22Z INFO JobNotification] Entering JobStarted Notification
[2021-06-17 19:29:22Z INFO JobNotification] Entering StartMonitor
[2021-06-17 19:30:14Z INFO Terminal] WRITE LINE: Exiting...
[2021-06-17 19:30:14Z INFO ConfigurationStore] IsServiceConfigured()
[2021-06-17 19:30:14Z INFO ConfigurationStore] IsServiceConfigured: False
[2021-06-17 19:30:14Z INFO HostContext] Runner will be shutdown for UserCancelled
[2021-06-17 19:30:14Z WARN GitHubActionsService] GET request to https://pipelines.actions.githubusercontent.com/OmjY0MEUd91qA8nyXf29HIHTtHdnQWVcGWAg6pgXxV8xsCM2Gp/_apis/distributedtask/pools/1/messages?sessionId=da23e577-a1e4-44b8-8e6f-a3821c0f0582&lastMessageId=1 has been cancelled.
[2021-06-17 19:30:14Z INFO MessageListener] Get next message has been cancelled.
[2021-06-17 19:30:14Z INFO JobDispatcher] Shutting down JobDispatcher. Make sure all WorkerDispatcher has finished.
[2021-06-17 19:30:14Z INFO JobDispatcher] Ensure WorkerDispather for job 19e9af05-3245-5acd-5c3d-d573c2eeba16 run to finish, cancel any running job.
[2021-06-17 19:30:14Z INFO JobDispatcher] Send job cancellation message to worker for job 19e9af05-3245-5acd-5c3d-d573c2eeba16.
[2021-06-17 19:30:17Z INFO ProcessInvokerWrapper] STDOUT/STDERR stream read finished.
[2021-06-17 19:30:17Z INFO ProcessInvokerWrapper] STDOUT/STDERR stream read finished.
[2021-06-17 19:30:17Z INFO ProcessInvokerWrapper] Finished process 19320 with exit code 103, and elapsed time 00:00:55.1693563.
[2021-06-17 19:30:17Z INFO JobDispatcher] finish job request for job 19e9af05-3245-5acd-5c3d-d573c2eeba16 with result: Canceled
[2021-06-17 19:30:17Z INFO Terminal] WRITE LINE: 2021-06-17 19:30:17Z: Job CodeStyle completed with result: Canceled
[2021-06-17 19:30:17Z INFO JobDispatcher] Stop renew job request for job 19e9af05-3245-5acd-5c3d-d573c2eeba16.
[2021-06-17 19:30:17Z INFO JobDispatcher] job renew has been canceled, stop renew job request 1.
[2021-06-17 19:30:17Z INFO JobNotification] Entering JobCompleted Notification
[2021-06-17 19:30:17Z INFO JobNotification] Entering EndMonitor
[2021-06-17 19:30:18Z INFO Listener] Runner execution been cancelled.
