[2021-06-17 19:29:22Z INFO HostContext] No proxy settings were found based on environmental variables (http_proxy/https_proxy/HTTP_PROXY/HTTPS_PROXY)
[2021-06-17 19:29:22Z INFO HostContext] Well known directory 'Bin': '/home/user/final-lab-VVPolyukhov/actions-runner/bin'
[2021-06-17 19:29:22Z INFO HostContext] Well known directory 'Root': '/home/user/final-lab-VVPolyukhov/actions-runner'
[2021-06-17 19:29:22Z INFO HostContext] Well known config file 'Credentials': '/home/user/final-lab-VVPolyukhov/actions-runner/.credentials'
[2021-06-17 19:29:23Z INFO Worker] Version: 2.276.1
[2021-06-17 19:29:23Z INFO Worker] Commit: 5effa808be96eae7f2e08d713426b8d056bddff1
[2021-06-17 19:29:23Z INFO Worker] Culture: ru-RU
[2021-06-17 19:29:23Z INFO Worker] UI Culture: ru-RU
[2021-06-17 19:29:23Z INFO Worker] Waiting to receive the job message from the channel.
[2021-06-17 19:29:23Z INFO Worker] Message received.
[2021-06-17 19:29:23Z INFO Worker] Job message:
 {
  "fileTable": [
    ".github/workflows/main.yml"
  ],
  "mask": [
    {
      "type": "regex",
      "value": "***"
    },
    {
      "type": "regex",
      "value": "***"
    },
    {
      "type": "regex",
      "value": "***"
    },
    {
      "type": "regex",
      "value": "***"
    },
    {
      "type": "regex",
      "value": "***"
    },
    {
      "type": "regex",
      "value": "***"
    },
    {
      "type": "regex",
      "value": "***"
    },
    {
      "type": "regex",
      "value": "***"
    },
    {
      "type": "regex",
      "value": "***"
    }
  ],
  "steps": [
    {
      "type": "action",
      "reference": {
        "type": "repository",
        "name": "actions/checkout",
        "ref": "v2",
        "repositoryType": "GitHub",
        "path": ""
      },
      "condition": "success()",
      "id": "9b7c1dff-824e-56a9-5181-57d19339b292",
      "name": "actionscheckout"
    },
    {
      "type": "action",
      "reference": {
        "type": "script"
      },
      "displayNameToken": {
        "type": 0,
        "file": 1,
        "line": 22,
        "col": 15,
        "lit": "Dependencies"
      },
      "inputs": {
        "type": 2,
        "map": [
          {
            "key": "script",
            "value": {
              "type": 0,
              "file": 1,
              "line": 23,
              "col": 14,
              "lit": "sudo apt update\nsudo apt install python3-pip -y\npip3 install flake8\n"
            }
          }
        ]
      },
      "condition": "success()",
      "id": "215acfdd-61cb-5b68-0cdf-c051c68c1794",
      "name": "run1"
    },
    {
      "type": "action",
      "reference": {
        "type": "script"
      },
      "displayNameToken": {
        "type": 0,
        "file": 1,
        "line": 27,
        "col": 15,
        "lit": "Codestyle"
      },
      "inputs": {
        "type": 2,
        "map": [
          {
            "key": "script",
            "value": {
              "type": 0,
              "file": 1,
              "line": 28,
              "col": 14,
              "lit": "python3 -m flake8 ./ --ignore=F401,E402"
            }
          }
        ]
      },
      "condition": "success()",
      "id": "433e5355-f3f3-5f55-3b76-20bcd6991007",
      "name": "run2"
    }
  ],
  "variables": {
    "system.isScheduled": {
      "value": "False"
    },
    "system": {
      "value": "actions"
    },
    "system.hosttype": {
      "value": "actions"
    },
    "system.servertype": {
      "value": "Hosted"
    },
    "system.culture": {
      "value": "en-US"
    },
    "system.collectionId": {
      "value": "fc00e989-421a-466b-b372-5bf352d5e8c2"
    },
    "system.collectionUri": {
      "value": "https://pipelines.actions.githubusercontent.com/OmjY0MEUd91qA8nyXf29HIHTtHdnQWVcGWAg6pgXxV8xsCM2Gp/"
    },
    "system.taskDefinitionsUri": {
      "value": "https://pipelines.actions.githubusercontent.com/OmjY0MEUd91qA8nyXf29HIHTtHdnQWVcGWAg6pgXxV8xsCM2Gp/"
    },
    "system.pipelineStartTime": {
      "value": "2021-06-17 19:29:19+00:00"
    },
    "system.definitionId": {
      "value": "3"
    },
    "system.runner.lowdiskspacethreshold": {
      "value": "100"
    },
    "DistributedTask.NewActionMetadata": {
      "value": "true"
    },
    "DistributedTask.UseContextNameForGITHUBACTION": {
      "value": "true"
    },
    "system.teamProjectId": {
      "value": "00000000-0000-0000-0000-000000000000"
    },
    "build.buildId": {
      "value": "5"
    },
    "build.containerId": {
      "value": "4481"
    },
    "system.workflowFilePath": {
      "value": ".github/workflows/main.yml"
    },
    "system.definitionName": {
      "value": "final-lab-VVPolyukhov"
    },
    "system.planId": {
      "value": "6c9563eb-149b-4612-a614-3fd1534e1b3e"
    },
    "system.timelineId": {
      "value": "6c9563eb-149b-4612-a614-3fd1534e1b3e"
    },
    "system.stageDisplayName": {
      "value": "__default"
    },
    "system.stageId": {
      "value": "96ac2280-8cb4-5df5-99de-dd2da759617d"
    },
    "system.stageName": {
      "value": "__default"
    },
    "system.stageAttempt": {
      "value": "1"
    },
    "system.phaseDisplayName": {
      "value": "CodeStyle"
    },
    "system.phaseId": {
      "value": "42f352bd-ef90-5911-18f7-6fd3843ebbaa"
    },
    "system.phaseName": {
      "value": "CodeStyle"
    },
    "system.phaseAttempt": {
      "value": "1"
    },
    "system.jobIdentifier": {
      "value": "CodeStyle.__default"
    },
    "system.jobAttempt": {
      "value": "1"
    },
    "System.JobPositionInPhase": {
      "value": "1"
    },
    "System.TotalJobsInPhase": {
      "value": "1"
    },
    "system.github.job": {
      "value": "CodeStyle"
    },
    "system.jobDisplayName": {
      "value": "CodeStyle"
    },
    "system.jobId": {
      "value": "19e9af05-3245-5acd-5c3d-d573c2eeba16"
    },
    "system.jobName": {
      "value": "__default"
    },
    "system.github.token.permissions": {
      "value": "{\"Actions\":\"write\",\"Checks\":\"write\",\"Contents\":\"write\",\"Deployments\":\"write\",\"Discussions\":\"write\",\"Issues\":\"write\",\"Metadata\":\"read\",\"Packages\":\"write\",\"PullRequests\":\"write\",\"RepositoryProjects\":\"write\",\"SecurityEvents\":\"write\",\"Statuses\":\"write\"}"
    },
    "system.github.token": {
      "value": "***",
      "isSecret": true
    },
    "system.runnerGroupName": {
      "value": "Default"
    }
  },
  "messageType": "PipelineAgentJobRequest",
  "plan": {
    "scopeIdentifier": "00000000-0000-0000-0000-000000000000",
    "planType": "Actions",
    "version": 13,
    "planId": "6c9563eb-149b-4612-a614-3fd1534e1b3e",
    "planGroup": "Actions:00000000-0000-0000-0000-000000000000:1",
    "artifactUri": "vstfs:///Build/Build/5",
    "artifactLocation": null,
    "definition": {
      "_links": {},
      "id": 3,
      "name": "final-lab-VVPolyukhov"
    },
    "owner": {
      "_links": {},
      "id": 3,
      "name": "HSE-NN-SE"
    }
  },
  "timeline": {
    "id": "6c9563eb-149b-4612-a614-3fd1534e1b3e",
    "changeId": 4,
    "location": null
  },
  "jobId": "19e9af05-3245-5acd-5c3d-d573c2eeba16",
  "jobDisplayName": "CodeStyle",
  "jobName": "__default",
  "requestId": 1,
  "lockedUntil": "0001-01-01T00:00:00",
  "resources": {
    "endpoints": [
      {
        "data": {
          "ServerId": "fc00e989-421a-466b-b372-5bf352d5e8c2",
          "ServerName": "OmjY0MEUd91qA8nyXf29HIHTtHdnQWVcGWAg6pgXxV8xsCM2Gp",
          "CacheServerUrl": "https://artifactcache.actions.githubusercontent.com/OmjY0MEUd91qA8nyXf29HIHTtHdnQWVcGWAg6pgXxV8xsCM2Gp/"
        },
        "name": "SystemVssConnection",
        "url": "https://pipelines.actions.githubusercontent.com/OmjY0MEUd91qA8nyXf29HIHTtHdnQWVcGWAg6pgXxV8xsCM2Gp/",
        "authorization": {
          "parameters": {
            "AccessToken": ***
          },
          "scheme": "OAuth"
        },
        "isShared": false,
        "isReady": true
      }
    ]
  },
  "contextData": {
    "github": {
      "t": 2,
      "d": [
        {
          "k": "ref",
          "v": "refs/heads/main"
        },
        {
          "k": "sha",
          "v": "7fb891042797d090f536fa9eda142fa609480766"
        },
        {
          "k": "repository",
          "v": "HSE-NN-SE/final-lab-VVPolyukhov"
        },
        {
          "k": "repository_owner",
          "v": "HSE-NN-SE"
        },
        {
          "k": "repositoryUrl",
          "v": "git://github.com/HSE-NN-SE/final-lab-VVPolyukhov.git"
        },
        {
          "k": "run_id",
          "v": "947589473"
        },
        {
          "k": "run_number",
          "v": "4"
        },
        {
          "k": "retention_days",
          "v": "10"
        },
        {
          "k": "actor",
          "v": "VVPolyukhov"
        },
        {
          "k": "workflow",
          "v": "CI/CD"
        },
        {
          "k": "head_ref",
          "v": ""
        },
        {
          "k": "base_ref",
          "v": ""
        },
        {
          "k": "event_name",
          "v": "push"
        },
        {
          "k": "event",
          "v": {
            "t": 2,
            "d": [
              {
                "k": "after",
                "v": "7fb891042797d090f536fa9eda142fa609480766"
              },
              {
                "k": "base_ref",
                "v": null
              },
              {
                "k": "before",
                "v": "4de8a3c147ccb9340e24abf2986eb851048d047d"
              },
              {
                "k": "commits",
                "v": {
                  "t": 1,
                  "a": [
                    {
                      "t": 2,
                      "d": [
                        {
                          "k": "author",
                          "v": {
                            "t": 2,
                            "d": [
                              {
                                "k": "email",
                                "v": "vlad.polyukhov@gmail.com"
                              },
                              {
                                "k": "name",
                                "v": "Vladislav Polyukhov"
                              },
                              {
                                "k": "username",
                                "v": "VVPolyukhov"
                              }
                            ]
                          }
                        },
                        {
                          "k": "committer",
                          "v": {
                            "t": 2,
                            "d": [
                              {
                                "k": "email",
                                "v": "noreply@github.com"
                              },
                              {
                                "k": "name",
                                "v": "GitHub"
                              },
                              {
                                "k": "username",
                                "v": "web-flow"
                              }
                            ]
                          }
                        },
                        {
                          "k": "distinct",
                          "v": true
                        },
                        {
                          "k": "id",
                          "v": "7fb891042797d090f536fa9eda142fa609480766"
                        },
                        {
                          "k": "message",
                          "v": "Update main.yml"
                        },
                        {
                          "k": "timestamp",
                          "v": "2021-06-17T22:29:16+03:00"
                        },
                        {
                          "k": "tree_id",
                          "v": "c506b87bec1f48bcd63ade71abdf9f4c987b58cf"
                        },
                        {
                          "k": "url",
                          "v": "https://github.com/HSE-NN-SE/final-lab-VVPolyukhov/commit/7fb891042797d090f536fa9eda142fa609480766"
                        }
                      ]
                    }
                  ]
                }
              },
              {
                "k": "compare",
                "v": "https://github.com/HSE-NN-SE/final-lab-VVPolyukhov/compare/4de8a3c147cc...7fb891042797"
              },
              {
                "k": "created",
                "v": false
              },
              {
                "k": "deleted",
                "v": false
              },
              {
                "k": "forced",
                "v": false
              },
              {
                "k": "head_commit",
                "v": {
                  "t": 2,
                  "d": [
                    {
                      "k": "author",
                      "v": {
                        "t": 2,
                        "d": [
                          {
                            "k": "email",
                            "v": "vlad.polyukhov@gmail.com"
                          },
                          {
                            "k": "name",
                            "v": "Vladislav Polyukhov"
                          },
                          {
                            "k": "username",
                            "v": "VVPolyukhov"
                          }
                        ]
                      }
                    },
                    {
                      "k": "committer",
                      "v": {
                        "t": 2,
                        "d": [
                          {
                            "k": "email",
                            "v": "noreply@github.com"
                          },
                          {
                            "k": "name",
                            "v": "GitHub"
                          },
                          {
                            "k": "username",
                            "v": "web-flow"
                          }
                        ]
                      }
                    },
                    {
                      "k": "distinct",
                      "v": true
                    },
                    {
                      "k": "id",
                      "v": "7fb891042797d090f536fa9eda142fa609480766"
                    },
                    {
                      "k": "message",
                      "v": "Update main.yml"
                    },
                    {
                      "k": "timestamp",
                      "v": "2021-06-17T22:29:16+03:00"
                    },
                    {
                      "k": "tree_id",
                      "v": "c506b87bec1f48bcd63ade71abdf9f4c987b58cf"
                    },
                    {
                      "k": "url",
                      "v": "https://github.com/HSE-NN-SE/final-lab-VVPolyukhov/commit/7fb891042797d090f536fa9eda142fa609480766"
                    }
                  ]
                }
              },
              {
                "k": "organization",
                "v": {
                  "t": 2,
                  "d": [
                    {
                      "k": "avatar_url",
                      "v": "https://avatars.githubusercontent.com/u/59915096?v=4"
                    },
                    {
                      "k": "description",
                      "v": null
                    },
                    {
                      "k": "events_url",
                      "v": "https://api.github.com/orgs/HSE-NN-SE/events"
                    },
                    {
                      "k": "hooks_url",
                      "v": "https://api.github.com/orgs/HSE-NN-SE/hooks"
                    },
                    {
                      "k": "id",
                      "v": 59915096.0
                    },
                    {
                      "k": "issues_url",
                      "v": "https://api.github.com/orgs/HSE-NN-SE/issues"
                    },
                    {
                      "k": "login",
                      "v": "HSE-NN-SE"
                    },
                    {
                      "k": "members_url",
                      "v": "https://api.github.com/orgs/HSE-NN-SE/members{/member}"
                    },
                    {
                      "k": "node_id",
                      "v": "MDEyOk9yZ2FuaXphdGlvbjU5OTE1MDk2"
                    },
                    {
                      "k": "public_members_url",
                      "v": "https://api.github.com/orgs/HSE-NN-SE/public_members{/member}"
                    },
                    {
                      "k": "repos_url",
                      "v": "https://api.github.com/orgs/HSE-NN-SE/repos"
                    },
                    {
                      "k": "url",
                      "v": "https://api.github.com/orgs/HSE-NN-SE"
                    }
                  ]
                }
              },
              {
                "k": "pusher",
                "v": {
                  "t": 2,
                  "d": [
                    {
                      "k": "email",
                      "v": "vlad.polyukhov@gmail.com"
                    },
                    {
                      "k": "name",
                      "v": "VVPolyukhov"
                    }
                  ]
                }
              },
              {
                "k": "ref",
                "v": "refs/heads/main"
              },
              {
                "k": "repository",
                "v": {
                  "t": 2,
                  "d": [
                    {
                      "k": "archive_url",
                      "v": "https://api.github.com/repos/HSE-NN-SE/final-lab-VVPolyukhov/{archive_format}{/ref}"
                    },
                    {
                      "k": "archived",
                      "v": false
                    },
                    {
                      "k": "assignees_url",
                      "v": "https://api.github.com/repos/HSE-NN-SE/final-lab-VVPolyukhov/assignees{/user}"
                    },
                    {
                      "k": "blobs_url",
                      "v": "https://api.github.com/repos/HSE-NN-SE/final-lab-VVPolyukhov/git/blobs{/sha}"
                    },
                    {
                      "k": "branches_url",
                      "v": "https://api.github.com/repos/HSE-NN-SE/final-lab-VVPolyukhov/branches{/branch}"
                    },
                    {
                      "k": "clone_url",
                      "v": "https://github.com/HSE-NN-SE/final-lab-VVPolyukhov.git"
                    },
                    {
                      "k": "collaborators_url",
                      "v": "https://api.github.com/repos/HSE-NN-SE/final-lab-VVPolyukhov/collaborators{/collaborator}"
                    },
                    {
                      "k": "comments_url",
                      "v": "https://api.github.com/repos/HSE-NN-SE/final-lab-VVPolyukhov/comments{/number}"
                    },
                    {
                      "k": "commits_url",
                      "v": "https://api.github.com/repos/HSE-NN-SE/final-lab-VVPolyukhov/commits{/sha}"
                    },
                    {
                      "k": "compare_url",
                      "v": "https://api.github.com/repos/HSE-NN-SE/final-lab-VVPolyukhov/compare/{base}...{head}"
                    },
                    {
                      "k": "contents_url",
                      "v": "https://api.github.com/repos/HSE-NN-SE/final-lab-VVPolyukhov/contents/{+path}"
                    },
                    {
                      "k": "contributors_url",
                      "v": "https://api.github.com/repos/HSE-NN-SE/final-lab-VVPolyukhov/contributors"
                    },
                    {
                      "k": "created_at",
                      "v": 1623949320.0
                    },
                    {
                      "k": "default_branch",
                      "v": "main"
                    },
                    {
                      "k": "deployments_url",
                      "v": "https://api.github.com/repos/HSE-NN-SE/final-lab-VVPolyukhov/deployments"
                    },
                    {
                      "k": "description",
                      "v": "final-lab-VVPolyukhov created by GitHub Classroom"
                    },
                    {
                      "k": "disabled",
                      "v": false
                    },
                    {
                      "k": "downloads_url",
                      "v": "https://api.github.com/repos/HSE-NN-SE/final-lab-VVPolyukhov/downloads"
                    },
                    {
                      "k": "events_url",
                      "v": "https://api.github.com/repos/HSE-NN-SE/final-lab-VVPolyukhov/events"
                    },
                    {
                      "k": "fork",
                      "v": false
                    },
                    {
                      "k": "forks",
                      "v": 0.0
                    },
                    {
                      "k": "forks_count",
                      "v": 0.0
                    },
                    {
                      "k": "forks_url",
                      "v": "https://api.github.com/repos/HSE-NN-SE/final-lab-VVPolyukhov/forks"
                    },
                    {
                      "k": "full_name",
                      "v": "HSE-NN-SE/final-lab-VVPolyukhov"
                    },
                    {
                      "k": "git_commits_url",
                      "v": "https://api.github.com/repos/HSE-NN-SE/final-lab-VVPolyukhov/git/commits{/sha}"
                    },
                    {
                      "k": "git_refs_url",
                      "v": "https://api.github.com/repos/HSE-NN-SE/final-lab-VVPolyukhov/git/refs{/sha}"
                    },
                    {
                      "k": "git_tags_url",
                      "v": "https://api.github.com/repos/HSE-NN-SE/final-lab-VVPolyukhov/git/tags{/sha}"
                    },
                    {
                      "k": "git_url",
                      "v": "git://github.com/HSE-NN-SE/final-lab-VVPolyukhov.git"
                    },
                    {
                      "k": "has_downloads",
                      "v": true
                    },
                    {
                      "k": "has_issues",
                      "v": true
                    },
                    {
                      "k": "has_pages",
                      "v": false
                    },
                    {
                      "k": "has_projects",
                      "v": true
                    },
                    {
                      "k": "has_wiki",
                      "v": true
                    },
                    {
                      "k": "homepage",
                      "v": null
                    },
                    {
                      "k": "hooks_url",
                      "v": "https://api.github.com/repos/HSE-NN-SE/final-lab-VVPolyukhov/hooks"
                    },
                    {
                      "k": "html_url",
                      "v": "https://github.com/HSE-NN-SE/final-lab-VVPolyukhov"
                    },
                    {
                      "k": "id",
                      "v": 377904354.0
                    },
                    {
                      "k": "issue_comment_url",
                      "v": "https://api.github.com/repos/HSE-NN-SE/final-lab-VVPolyukhov/issues/comments{/number}"
                    },
                    {
                      "k": "issue_events_url",
                      "v": "https://api.github.com/repos/HSE-NN-SE/final-lab-VVPolyukhov/issues/events{/number}"
                    },
                    {
                      "k": "issues_url",
                      "v": "https://api.github.com/repos/HSE-NN-SE/final-lab-VVPolyukhov/issues{/number}"
                    },
                    {
                      "k": "keys_url",
                      "v": "https://api.github.com/repos/HSE-NN-SE/final-lab-VVPolyukhov/keys{/key_id}"
                    },
                    {
                      "k": "labels_url",
                      "v": "https://api.github.com/repos/HSE-NN-SE/final-lab-VVPolyukhov/labels{/name}"
                    },
                    {
                      "k": "language",
                      "v": "HTML"
                    },
                    {
                      "k": "languages_url",
                      "v": "https://api.github.com/repos/HSE-NN-SE/final-lab-VVPolyukhov/languages"
                    },
                    {
                      "k": "license",
                      "v": null
                    },
                    {
                      "k": "master_branch",
                      "v": "main"
                    },
                    {
                      "k": "merges_url",
                      "v": "https://api.github.com/repos/HSE-NN-SE/final-lab-VVPolyukhov/merges"
                    },
                    {
                      "k": "milestones_url",
                      "v": "https://api.github.com/repos/HSE-NN-SE/final-lab-VVPolyukhov/milestones{/number}"
                    },
                    {
                      "k": "mirror_url",
                      "v": null
                    },
                    {
                      "k": "name",
                      "v": "final-lab-VVPolyukhov"
                    },
                    {
                      "k": "node_id",
                      "v": "MDEwOlJlcG9zaXRvcnkzNzc5MDQzNTQ="
                    },
                    {
                      "k": "notifications_url",
                      "v": "https://api.github.com/repos/HSE-NN-SE/final-lab-VVPolyukhov/notifications{?since,all,participating}"
                    },
                    {
                      "k": "open_issues",
                      "v": 0.0
                    },
                    {
                      "k": "open_issues_count",
                      "v": 0.0
                    },
                    {
                      "k": "organization",
                      "v": "HSE-NN-SE"
                    },
                    {
                      "k": "owner",
                      "v": {
                        "t": 2,
                        "d": [
                          {
                            "k": "avatar_url",
                            "v": "https://avatars.githubusercontent.com/u/59915096?v=4"
                          },
                          {
                            "k": "email",
                            "v": null
                          },
                          {
                            "k": "events_url",
                            "v": "https://api.github.com/users/HSE-NN-SE/events{/privacy}"
                          },
                          {
                            "k": "followers_url",
                            "v": "https://api.github.com/users/HSE-NN-SE/followers"
                          },
                          {
                            "k": "following_url",
                            "v": "https://api.github.com/users/HSE-NN-SE/following{/other_user}"
                          },
                          {
                            "k": "gists_url",
                            "v": "https://api.github.com/users/HSE-NN-SE/gists{/gist_id}"
                          },
                          {
                            "k": "gravatar_id",
                            "v": ""
                          },
                          {
                            "k": "html_url",
                            "v": "https://github.com/HSE-NN-SE"
                          },
                          {
                            "k": "id",
                            "v": 59915096.0
                          },
                          {
                            "k": "login",
                            "v": "HSE-NN-SE"
                          },
                          {
                            "k": "name",
                            "v": "HSE-NN-SE"
                          },
                          {
                            "k": "node_id",
                            "v": "MDEyOk9yZ2FuaXphdGlvbjU5OTE1MDk2"
                          },
                          {
                            "k": "organizations_url",
                            "v": "https://api.github.com/users/HSE-NN-SE/orgs"
                          },
                          {
                            "k": "received_events_url",
                            "v": "https://api.github.com/users/HSE-NN-SE/received_events"
                          },
                          {
                            "k": "repos_url",
                            "v": "https://api.github.com/users/HSE-NN-SE/repos"
                          },
                          {
                            "k": "site_admin",
                            "v": false
                          },
                          {
                            "k": "starred_url",
                            "v": "https://api.github.com/users/HSE-NN-SE/starred{/owner}{/repo}"
                          },
                          {
                            "k": "subscriptions_url",
                            "v": "https://api.github.com/users/HSE-NN-SE/subscriptions"
                          },
                          {
                            "k": "type",
                            "v": "Organization"
                          },
                          {
                            "k": "url",
                            "v": "https://api.github.com/users/HSE-NN-SE"
                          }
                        ]
                      }
                    },
                    {
                      "k": "private",
                      "v": false
                    },
                    {
                      "k": "pulls_url",
                      "v": "https://api.github.com/repos/HSE-NN-SE/final-lab-VVPolyukhov/pulls{/number}"
                    },
                    {
                      "k": "pushed_at",
                      "v": 1623958156.0
                    },
                    {
                      "k": "releases_url",
                      "v": "https://api.github.com/repos/HSE-NN-SE/final-lab-VVPolyukhov/releases{/id}"
                    },
                    {
                      "k": "size",
                      "v": 9.0
                    },
                    {
                      "k": "ssh_url",
                      "v": "git@github.com:HSE-NN-SE/final-lab-VVPolyukhov.git"
                    },
                    {
                      "k": "stargazers",
                      "v": 0.0
                    },
                    {
                      "k": "stargazers_count",
                      "v": 0.0
                    },
                    {
                      "k": "stargazers_url",
                      "v": "https://api.github.com/repos/HSE-NN-SE/final-lab-VVPolyukhov/stargazers"
                    },
                    {
                      "k": "statuses_url",
                      "v": "https://api.github.com/repos/HSE-NN-SE/final-lab-VVPolyukhov/statuses/{sha}"
                    },
                    {
                      "k": "subscribers_url",
                      "v": "https://api.github.com/repos/HSE-NN-SE/final-lab-VVPolyukhov/subscribers"
                    },
                    {
                      "k": "subscription_url",
                      "v": "https://api.github.com/repos/HSE-NN-SE/final-lab-VVPolyukhov/subscription"
                    },
                    {
                      "k": "svn_url",
                      "v": "https://github.com/HSE-NN-SE/final-lab-VVPolyukhov"
                    },
                    {
                      "k": "tags_url",
                      "v": "https://api.github.com/repos/HSE-NN-SE/final-lab-VVPolyukhov/tags"
                    },
                    {
                      "k": "teams_url",
                      "v": "https://api.github.com/repos/HSE-NN-SE/final-lab-VVPolyukhov/teams"
                    },
                    {
                      "k": "trees_url",
                      "v": "https://api.github.com/repos/HSE-NN-SE/final-lab-VVPolyukhov/git/trees{/sha}"
                    },
                    {
                      "k": "updated_at",
                      "v": "2021-06-17T18:08:39Z"
                    },
                    {
                      "k": "url",
                      "v": "https://github.com/HSE-NN-SE/final-lab-VVPolyukhov"
                    },
                    {
                      "k": "watchers",
                      "v": 0.0
                    },
                    {
                      "k": "watchers_count",
                      "v": 0.0
                    }
                  ]
                }
              },
              {
                "k": "sender",
                "v": {
                  "t": 2,
                  "d": [
                    {
                      "k": "avatar_url",
                      "v": "https://avatars.githubusercontent.com/u/55387298?v=4"
                    },
                    {
                      "k": "events_url",
                      "v": "https://api.github.com/users/VVPolyukhov/events{/privacy}"
                    },
                    {
                      "k": "followers_url",
                      "v": "https://api.github.com/users/VVPolyukhov/followers"
                    },
                    {
                      "k": "following_url",
                      "v": "https://api.github.com/users/VVPolyukhov/following{/other_user}"
                    },
                    {
                      "k": "gists_url",
                      "v": "https://api.github.com/users/VVPolyukhov/gists{/gist_id}"
                    },
                    {
                      "k": "gravatar_id",
                      "v": ""
                    },
                    {
                      "k": "html_url",
                      "v": "https://github.com/VVPolyukhov"
                    },
                    {
                      "k": "id",
                      "v": 55387298.0
                    },
                    {
                      "k": "login",
                      "v": "VVPolyukhov"
                    },
                    {
                      "k": "node_id",
                      "v": "MDQ6VXNlcjU1Mzg3Mjk4"
                    },
                    {
                      "k": "organizations_url",
                      "v": "https://api.github.com/users/VVPolyukhov/orgs"
                    },
                    {
                      "k": "received_events_url",
                      "v": "https://api.github.com/users/VVPolyukhov/received_events"
                    },
                    {
                      "k": "repos_url",
                      "v": "https://api.github.com/users/VVPolyukhov/repos"
                    },
                    {
                      "k": "site_admin",
                      "v": false
                    },
                    {
                      "k": "starred_url",
                      "v": "https://api.github.com/users/VVPolyukhov/starred{/owner}{/repo}"
                    },
                    {
                      "k": "subscriptions_url",
                      "v": "https://api.github.com/users/VVPolyukhov/subscriptions"
                    },
                    {
                      "k": "type",
                      "v": "User"
                    },
                    {
                      "k": "url",
                      "v": "https://api.github.com/users/VVPolyukhov"
                    }
                  ]
                }
              }
            ]
          }
        },
        {
          "k": "server_url",
          "v": "https://github.com"
        },
        {
          "k": "api_url",
          "v": "https://api.github.com"
        },
        {
          "k": "graphql_url",
          "v": "https://api.github.com/graphql"
        }
      ]
    },
    "needs": {
      "t": 2
    },
    "matrix": null,
    "strategy": {
      "t": 2,
      "d": [
        {
          "k": "fail-fast",
          "v": true
        },
        {
          "k": "job-index",
          "v": 0.0
        },
        {
          "k": "job-total",
          "v": 1.0
        },
        {
          "k": "max-parallel",
          "v": 1.0
        }
      ]
    }
  }
}
[2021-06-17 19:29:23Z INFO JobRunner] Job ID 19e9af05-3245-5acd-5c3d-d573c2eeba16
[2021-06-17 19:29:23Z INFO JobRunner] Creating job server with URL: https://pipelines.actions.githubusercontent.com/OmjY0MEUd91qA8nyXf29HIHTtHdnQWVcGWAg6pgXxV8xsCM2Gp/
[2021-06-17 19:29:23Z INFO GitHubActionsService] Starting operation Location.GetConnectionData
[2021-06-17 19:29:23Z INFO Worker] Listening for cancel message from the channel.
[2021-06-17 19:29:23Z INFO Worker] Waiting for the job to complete or for a cancel message from the channel.
[2021-06-17 19:29:24Z INFO GitHubActionsService] Finished operation Location.GetConnectionData
[2021-06-17 19:29:24Z INFO JobServerQueue] Start process web console line queue.
[2021-06-17 19:29:24Z INFO JobServerQueue] Start process file upload queue.
[2021-06-17 19:29:24Z INFO JobServerQueue] Start process timeline update queue.
[2021-06-17 19:29:24Z INFO ExecutionContext] Initialize GitHub context
[2021-06-17 19:29:24Z INFO ExecutionContext] Initialize Env context
[2021-06-17 19:29:24Z INFO ConfigurationStore] currentAssemblyLocation: /home/user/final-lab-VVPolyukhov/actions-runner/bin/Runner.Worker.dll
[2021-06-17 19:29:24Z INFO HostContext] Well known directory 'Bin': '/home/user/final-lab-VVPolyukhov/actions-runner/bin'
[2021-06-17 19:29:24Z INFO ConfigurationStore] binPath: /home/user/final-lab-VVPolyukhov/actions-runner/bin
[2021-06-17 19:29:24Z INFO HostContext] Well known directory 'Bin': '/home/user/final-lab-VVPolyukhov/actions-runner/bin'
[2021-06-17 19:29:24Z INFO HostContext] Well known directory 'Root': '/home/user/final-lab-VVPolyukhov/actions-runner'
[2021-06-17 19:29:24Z INFO ConfigurationStore] RootFolder: /home/user/final-lab-VVPolyukhov/actions-runner
[2021-06-17 19:29:24Z INFO HostContext] Well known directory 'Bin': '/home/user/final-lab-VVPolyukhov/actions-runner/bin'
[2021-06-17 19:29:24Z INFO HostContext] Well known directory 'Root': '/home/user/final-lab-VVPolyukhov/actions-runner'
[2021-06-17 19:29:24Z INFO HostContext] Well known config file 'Runner': '/home/user/final-lab-VVPolyukhov/actions-runner/.runner'
[2021-06-17 19:29:24Z INFO ConfigurationStore] ConfigFilePath: /home/user/final-lab-VVPolyukhov/actions-runner/.runner
[2021-06-17 19:29:24Z INFO HostContext] Well known directory 'Bin': '/home/user/final-lab-VVPolyukhov/actions-runner/bin'
[2021-06-17 19:29:24Z INFO HostContext] Well known directory 'Root': '/home/user/final-lab-VVPolyukhov/actions-runner'
[2021-06-17 19:29:24Z INFO HostContext] Well known config file 'Credentials': '/home/user/final-lab-VVPolyukhov/actions-runner/.credentials'
[2021-06-17 19:29:24Z INFO ConfigurationStore] CredFilePath: /home/user/final-lab-VVPolyukhov/actions-runner/.credentials
[2021-06-17 19:29:24Z INFO HostContext] Well known directory 'Bin': '/home/user/final-lab-VVPolyukhov/actions-runner/bin'
[2021-06-17 19:29:24Z INFO HostContext] Well known directory 'Root': '/home/user/final-lab-VVPolyukhov/actions-runner'
[2021-06-17 19:29:24Z INFO HostContext] Well known config file 'MigratedCredentials': '/home/user/final-lab-VVPolyukhov/actions-runner/.credentials_migrated'
[2021-06-17 19:29:24Z INFO ConfigurationStore] MigratedCredFilePath: /home/user/final-lab-VVPolyukhov/actions-runner/.credentials_migrated
[2021-06-17 19:29:24Z INFO HostContext] Well known directory 'Bin': '/home/user/final-lab-VVPolyukhov/actions-runner/bin'
[2021-06-17 19:29:24Z INFO HostContext] Well known directory 'Root': '/home/user/final-lab-VVPolyukhov/actions-runner'
[2021-06-17 19:29:24Z INFO HostContext] Well known config file 'Service': '/home/user/final-lab-VVPolyukhov/actions-runner/.service'
[2021-06-17 19:29:24Z INFO ConfigurationStore] ServiceConfigFilePath: /home/user/final-lab-VVPolyukhov/actions-runner/.service
[2021-06-17 19:29:24Z INFO ConfigurationStore] Read setting file: 292 chars
[2021-06-17 19:29:24Z INFO HostContext] Well known directory 'Bin': '/home/user/final-lab-VVPolyukhov/actions-runner/bin'
[2021-06-17 19:29:24Z INFO HostContext] Well known directory 'Root': '/home/user/final-lab-VVPolyukhov/actions-runner'
[2021-06-17 19:29:24Z INFO HostContext] Well known directory 'Diag': '/home/user/final-lab-VVPolyukhov/actions-runner/_diag'
[2021-06-17 19:29:24Z INFO JobRunner] Starting the job execution context.
[2021-06-17 19:29:24Z INFO HostContext] Well known directory 'Bin': '/home/user/final-lab-VVPolyukhov/actions-runner/bin'
[2021-06-17 19:29:24Z INFO HostContext] Well known directory 'Root': '/home/user/final-lab-VVPolyukhov/actions-runner'
[2021-06-17 19:29:24Z INFO HostContext] Well known directory 'Work': '/home/user/final-lab-VVPolyukhov/actions-runner/app'
[2021-06-17 19:29:24Z INFO JobRunner] Validating directory permissions for: '/home/user/final-lab-VVPolyukhov/actions-runner/app'
[2021-06-17 19:29:24Z INFO HostContext] Well known directory 'Bin': '/home/user/final-lab-VVPolyukhov/actions-runner/bin'
[2021-06-17 19:29:24Z INFO HostContext] Well known directory 'Root': '/home/user/final-lab-VVPolyukhov/actions-runner'
[2021-06-17 19:29:24Z INFO HostContext] Well known directory 'Work': '/home/user/final-lab-VVPolyukhov/actions-runner/app'
[2021-06-17 19:29:24Z INFO HostContext] Well known directory 'Tools': '/home/user/final-lab-VVPolyukhov/actions-runner/app/_tool'
[2021-06-17 19:29:24Z INFO HostContext] Well known directory 'Bin': '/home/user/final-lab-VVPolyukhov/actions-runner/bin'
[2021-06-17 19:29:24Z INFO HostContext] Well known directory 'Root': '/home/user/final-lab-VVPolyukhov/actions-runner'
[2021-06-17 19:29:24Z INFO HostContext] Well known directory 'Work': '/home/user/final-lab-VVPolyukhov/actions-runner/app'
[2021-06-17 19:29:24Z INFO HostContext] Well known directory 'Temp': '/home/user/final-lab-VVPolyukhov/actions-runner/app/_temp'
[2021-06-17 19:29:24Z INFO JobRunner] Getting job extension.
[2021-06-17 19:29:24Z INFO JobRunner] Initialize job. Getting all job steps.
[2021-06-17 19:29:24Z INFO HostContext] Well known directory 'Bin': '/home/user/final-lab-VVPolyukhov/actions-runner/bin'
[2021-06-17 19:29:24Z INFO HostContext] Well known directory 'Root': '/home/user/final-lab-VVPolyukhov/actions-runner'
[2021-06-17 19:29:24Z INFO HostContext] Well known directory 'Diag': '/home/user/final-lab-VVPolyukhov/actions-runner/_diag'
[2021-06-17 19:29:24Z INFO HostContext] Well known directory 'Bin': '/home/user/final-lab-VVPolyukhov/actions-runner/bin'
[2021-06-17 19:29:24Z INFO HostContext] Well known directory 'Root': '/home/user/final-lab-VVPolyukhov/actions-runner'
[2021-06-17 19:29:24Z INFO HostContext] Well known config file 'Credentials': '/home/user/final-lab-VVPolyukhov/actions-runner/.credentials'
[2021-06-17 19:29:24Z INFO HostContext] Well known directory 'Bin': '/home/user/final-lab-VVPolyukhov/actions-runner/bin'
[2021-06-17 19:29:24Z INFO HostContext] Well known directory 'Root': '/home/user/final-lab-VVPolyukhov/actions-runner'
[2021-06-17 19:29:24Z INFO HostContext] Well known config file 'SetupInfo': '/home/user/final-lab-VVPolyukhov/actions-runner/.setup_info'
[2021-06-17 19:29:24Z INFO HostContext] Well known directory 'Bin': '/home/user/final-lab-VVPolyukhov/actions-runner/bin'
[2021-06-17 19:29:24Z INFO HostContext] Well known directory 'Root': '/home/user/final-lab-VVPolyukhov/actions-runner'
[2021-06-17 19:29:24Z INFO HostContext] Well known directory 'Work': '/home/user/final-lab-VVPolyukhov/actions-runner/app'
[2021-06-17 19:29:24Z INFO PipelineDirectoryManager] Loading tracking config if exists: /home/user/final-lab-VVPolyukhov/actions-runner/app/_PipelineMapping/HSE-NN-SE/final-lab-VVPolyukhov/PipelineFolder.json
[2021-06-17 19:29:24Z INFO PipelineDirectoryManager] Creating a new tracking config file.
[2021-06-17 19:29:24Z INFO HostContext] Well known directory 'Bin': '/home/user/final-lab-VVPolyukhov/actions-runner/bin'
[2021-06-17 19:29:24Z INFO HostContext] Well known directory 'Root': '/home/user/final-lab-VVPolyukhov/actions-runner'
[2021-06-17 19:29:24Z INFO HostContext] Well known directory 'Work': '/home/user/final-lab-VVPolyukhov/actions-runner/app'
[2021-06-17 19:29:24Z INFO PipelineDirectoryManager] Creating pipeline directory.
[2021-06-17 19:29:24Z INFO HostContext] Well known directory 'Bin': '/home/user/final-lab-VVPolyukhov/actions-runner/bin'
[2021-06-17 19:29:24Z INFO HostContext] Well known directory 'Root': '/home/user/final-lab-VVPolyukhov/actions-runner'
[2021-06-17 19:29:24Z INFO HostContext] Well known directory 'Work': '/home/user/final-lab-VVPolyukhov/actions-runner/app'
[2021-06-17 19:29:24Z INFO PipelineDirectoryManager] Creating workspace directory.
[2021-06-17 19:29:24Z INFO HostContext] Well known directory 'Bin': '/home/user/final-lab-VVPolyukhov/actions-runner/bin'
[2021-06-17 19:29:24Z INFO HostContext] Well known directory 'Root': '/home/user/final-lab-VVPolyukhov/actions-runner'
[2021-06-17 19:29:24Z INFO HostContext] Well known directory 'Work': '/home/user/final-lab-VVPolyukhov/actions-runner/app'
[2021-06-17 19:29:24Z INFO JobExtension] Downloading actions
[2021-06-17 19:29:24Z INFO HostContext] Well known directory 'Bin': '/home/user/final-lab-VVPolyukhov/actions-runner/bin'
[2021-06-17 19:29:24Z INFO HostContext] Well known directory 'Root': '/home/user/final-lab-VVPolyukhov/actions-runner'
[2021-06-17 19:29:24Z INFO HostContext] Well known directory 'Work': '/home/user/final-lab-VVPolyukhov/actions-runner/app'
[2021-06-17 19:29:24Z INFO HostContext] Well known directory 'Actions': '/home/user/final-lab-VVPolyukhov/actions-runner/app/_actions'
[2021-06-17 19:29:25Z INFO JobServerQueue] Try to append 1 batches web console lines for record '5e8c65e6-cd6a-4777-a49e-37ca46dd6d45', success rate: 1/1.
[2021-06-17 19:29:25Z INFO HostContext] Well known directory 'Bin': '/home/user/final-lab-VVPolyukhov/actions-runner/bin'
[2021-06-17 19:29:25Z INFO HostContext] Well known directory 'Root': '/home/user/final-lab-VVPolyukhov/actions-runner'
[2021-06-17 19:29:25Z INFO HostContext] Well known directory 'Work': '/home/user/final-lab-VVPolyukhov/actions-runner/app'
[2021-06-17 19:29:25Z INFO HostContext] Well known directory 'Actions': '/home/user/final-lab-VVPolyukhov/actions-runner/app/_actions'
[2021-06-17 19:29:25Z INFO HostContext] Well known directory 'Bin': '/home/user/final-lab-VVPolyukhov/actions-runner/bin'
[2021-06-17 19:29:25Z INFO HostContext] Well known directory 'Root': '/home/user/final-lab-VVPolyukhov/actions-runner'
[2021-06-17 19:29:25Z INFO HostContext] Well known directory 'Work': '/home/user/final-lab-VVPolyukhov/actions-runner/app'
[2021-06-17 19:29:25Z INFO HostContext] Well known directory 'Actions': '/home/user/final-lab-VVPolyukhov/actions-runner/app/_actions'
[2021-06-17 19:29:25Z INFO ActionManager] Save archive 'https://api.github.com/repos/actions/checkout/tarball/5a4ac9002d0be2fb38bd78e4b4dbde5606d7042f' into /home/user/final-lab-VVPolyukhov/actions-runner/app/_actions/_temp_99a8099a-012b-4cf7-bd88-a0f2012db52f/1d3d9e8d-8d5c-4c42-b59e-feb2550a0403.tar.gz.
[2021-06-17 19:29:25Z INFO JobServerQueue] Try to append 1 batches web console lines for record '5e8c65e6-cd6a-4777-a49e-37ca46dd6d45', success rate: 1/1.
[2021-06-17 19:29:26Z INFO ActionManager] Which: 'tar'
[2021-06-17 19:29:26Z INFO ActionManager] Location: '/usr/bin/tar'
[2021-06-17 19:29:26Z INFO ProcessInvokerWrapper] Starting process:
[2021-06-17 19:29:26Z INFO ProcessInvokerWrapper]   File name: '/usr/bin/tar'
[2021-06-17 19:29:26Z INFO ProcessInvokerWrapper]   Arguments: '-xzf "/home/user/final-lab-VVPolyukhov/actions-runner/app/_actions/_temp_99a8099a-012b-4cf7-bd88-a0f2012db52f/1d3d9e8d-8d5c-4c42-b59e-feb2550a0403.tar.gz"'
[2021-06-17 19:29:26Z INFO ProcessInvokerWrapper]   Working directory: '/home/user/final-lab-VVPolyukhov/actions-runner/app/_actions/_temp_99a8099a-012b-4cf7-bd88-a0f2012db52f/_staging'
[2021-06-17 19:29:26Z INFO ProcessInvokerWrapper]   Require exit code zero: 'False'
[2021-06-17 19:29:26Z INFO ProcessInvokerWrapper]   Encoding web name:  ; code page: ''
[2021-06-17 19:29:26Z INFO ProcessInvokerWrapper]   Force kill process on cancellation: 'False'
[2021-06-17 19:29:26Z INFO ProcessInvokerWrapper]   Redirected STDIN: 'False'
[2021-06-17 19:29:26Z INFO ProcessInvokerWrapper]   Persist current code page: 'False'
[2021-06-17 19:29:26Z INFO ProcessInvokerWrapper]   Keep redirected STDIN open: 'False'
[2021-06-17 19:29:26Z INFO ProcessInvokerWrapper]   High priority process: 'False'
[2021-06-17 19:29:26Z INFO ProcessInvokerWrapper] Updated oom_score_adj to 500 for PID: 19346.
[2021-06-17 19:29:26Z INFO ProcessInvokerWrapper] Process started with process id 19346, waiting for process exit.
[2021-06-17 19:29:26Z INFO ProcessInvokerWrapper] STDOUT/STDERR stream read finished.
[2021-06-17 19:29:26Z INFO ProcessInvokerWrapper] STDOUT/STDERR stream read finished.
[2021-06-17 19:29:26Z INFO ProcessInvokerWrapper] Finished process 19346 with exit code 0, and elapsed time 00:00:00.0173388.
[2021-06-17 19:29:26Z INFO ActionManager] Finished getting action repository.
[2021-06-17 19:29:26Z INFO HostContext] Well known directory 'Bin': '/home/user/final-lab-VVPolyukhov/actions-runner/bin'
[2021-06-17 19:29:26Z INFO HostContext] Well known directory 'Root': '/home/user/final-lab-VVPolyukhov/actions-runner'
[2021-06-17 19:29:26Z INFO HostContext] Well known directory 'Work': '/home/user/final-lab-VVPolyukhov/actions-runner/app'
[2021-06-17 19:29:26Z INFO HostContext] Well known directory 'Actions': '/home/user/final-lab-VVPolyukhov/actions-runner/app/_actions'
[2021-06-17 19:29:26Z INFO ActionManifestManager] Load schema file with definitions: [
  "null",
  "boolean",
  "number",
  "string",
  "sequence",
  "mapping",
  "any",
  "action-root",
  "inputs",
  "input",
  "outputs",
  "outputs-attributes",
  "runs",
  "container-runs",
  "container-runs-args",
  "container-runs-env",
  "node12-runs",
  "plugin-runs",
  "composite-runs",
  "composite-steps",
  "composite-step",
  "container-runs-context",
  "output-value",
  "input-default-context",
  "non-empty-string",
  "string-steps-context",
  "step-env"
]
[2021-06-17 19:29:26Z INFO HostContext] Well known directory 'Bin': '/home/user/final-lab-VVPolyukhov/actions-runner/bin'
[2021-06-17 19:29:26Z INFO HostContext] Well known directory 'Root': '/home/user/final-lab-VVPolyukhov/actions-runner'
[2021-06-17 19:29:26Z INFO HostContext] Well known directory 'Work': '/home/user/final-lab-VVPolyukhov/actions-runner/app'
[2021-06-17 19:29:26Z INFO HostContext] Well known directory 'Actions': '/home/user/final-lab-VVPolyukhov/actions-runner/app/_actions'
[2021-06-17 19:29:26Z INFO ActionManifestManager] Loaded action.yml file: {
  "name": "Checkout",
  "description": "Checkout a Git repository at a particular version",
  "inputs": {
    "type": 2,
    "map": [
      {
        "key": {
          "type": 0,
          "file": 2,
          "line": 4,
          "col": 3,
          "lit": "repository"
        },
        "value": {
          "type": 3,
          "file": 2,
          "line": 6,
          "col": 14,
          "expr": "github.repository"
        }
      },
      {
        "key": {
          "type": 0,
          "file": 2,
          "line": 7,
          "col": 3,
          "lit": "ref"
        },
        "value": ""
      },
      {
        "key": {
          "type": 0,
          "file": 2,
          "line": 12,
          "col": 3,
          "lit": "token"
        },
        "value": {
          "type": 3,
          "file": 2,
          "line": 24,
          "col": 14,
          "expr": "github.token"
        }
      },
      {
        "key": {
          "type": 0,
          "file": 2,
          "line": 25,
          "col": 3,
          "lit": "ssh-key"
        },
        "value": ""
      },
      {
        "key": {
          "type": 0,
          "file": 2,
          "line": 37,
          "col": 3,
          "lit": "ssh-known-hosts"
        },
        "value": ""
      },
      {
        "key": {
          "type": 0,
          "file": 2,
          "line": 42,
          "col": 3,
          "lit": "ssh-strict"
        },
        "value": {
          "type": 0,
          "file": 2,
          "line": 47,
          "col": 14,
          "lit": "true"
        }
      },
      {
        "key": {
          "type": 0,
          "file": 2,
          "line": 48,
          "col": 3,
          "lit": "persist-credentials"
        },
        "value": {
          "type": 0,
          "file": 2,
          "line": 50,
          "col": 14,
          "lit": "true"
        }
      },
      {
        "key": {
          "type": 0,
          "file": 2,
          "line": 51,
          "col": 3,
          "lit": "path"
        },
        "value": ""
      },
      {
        "key": {
          "type": 0,
          "file": 2,
          "line": 53,
          "col": 3,
          "lit": "clean"
        },
        "value": {
          "type": 0,
          "file": 2,
          "line": 55,
          "col": 14,
          "lit": "true"
        }
      },
      {
        "key": {
          "type": 0,
          "file": 2,
          "line": 56,
          "col": 3,
          "lit": "fetch-depth"
        },
        "value": {
          "type": 0,
          "file": 2,
          "line": 58,
          "col": 14,
          "lit": "1"
        }
      },
      {
        "key": {
          "type": 0,
          "file": 2,
          "line": 59,
          "col": 3,
          "lit": "lfs"
        },
        "value": {
          "type": 0,
          "file": 2,
          "line": 61,
          "col": 14,
          "lit": "false"
        }
      },
      {
        "key": {
          "type": 0,
          "file": 2,
          "line": 62,
          "col": 3,
          "lit": "submodules"
        },
        "value": {
          "type": 0,
          "file": 2,
          "line": 70,
          "col": 14,
          "lit": "false"
        }
      }
    ]
  },
  "execution": {
    "executionType": "nodeJS",
    "hasPre": false,
    "hasPost": true,
    "script": "dist/index.js",
    "pre": null,
    "post": "dist/index.js",
    "cleanupCondition": "always()",
    "initCondition": "always()"
  },
  "deprecated": null
}
[2021-06-17 19:29:26Z INFO ActionManager] Action node.js file: dist/index.js, no more preparation.
[2021-06-17 19:29:26Z INFO HostContext] Well known directory 'Bin': '/home/user/final-lab-VVPolyukhov/actions-runner/bin'
[2021-06-17 19:29:26Z INFO HostContext] Well known directory 'Root': '/home/user/final-lab-VVPolyukhov/actions-runner'
[2021-06-17 19:29:26Z INFO HostContext] Well known directory 'Work': '/home/user/final-lab-VVPolyukhov/actions-runner/app'
[2021-06-17 19:29:26Z INFO HostContext] Well known directory 'Actions': '/home/user/final-lab-VVPolyukhov/actions-runner/app/_actions'
[2021-06-17 19:29:26Z INFO ActionManager] Load action that reference repository from '/home/user/final-lab-VVPolyukhov/actions-runner/app/_actions/actions/checkout/v2'
[2021-06-17 19:29:26Z INFO HostContext] Well known directory 'Bin': '/home/user/final-lab-VVPolyukhov/actions-runner/bin'
[2021-06-17 19:29:26Z INFO HostContext] Well known directory 'Root': '/home/user/final-lab-VVPolyukhov/actions-runner'
[2021-06-17 19:29:26Z INFO HostContext] Well known directory 'Work': '/home/user/final-lab-VVPolyukhov/actions-runner/app'
[2021-06-17 19:29:26Z INFO HostContext] Well known directory 'Actions': '/home/user/final-lab-VVPolyukhov/actions-runner/app/_actions'
[2021-06-17 19:29:26Z INFO ActionManifestManager] Loaded action.yml file: {
  "name": "Checkout",
  "description": "Checkout a Git repository at a particular version",
  "inputs": {
    "type": 2,
    "map": [
      {
        "key": {
          "type": 0,
          "file": 2,
          "line": 4,
          "col": 3,
          "lit": "repository"
        },
        "value": {
          "type": 3,
          "file": 2,
          "line": 6,
          "col": 14,
          "expr": "github.repository"
        }
      },
      {
        "key": {
          "type": 0,
          "file": 2,
          "line": 7,
          "col": 3,
          "lit": "ref"
        },
        "value": ""
      },
      {
        "key": {
          "type": 0,
          "file": 2,
          "line": 12,
          "col": 3,
          "lit": "token"
        },
        "value": {
          "type": 3,
          "file": 2,
          "line": 24,
          "col": 14,
          "expr": "github.token"
        }
      },
      {
        "key": {
          "type": 0,
          "file": 2,
          "line": 25,
          "col": 3,
          "lit": "ssh-key"
        },
        "value": ""
      },
      {
        "key": {
          "type": 0,
          "file": 2,
          "line": 37,
          "col": 3,
          "lit": "ssh-known-hosts"
        },
        "value": ""
      },
      {
        "key": {
          "type": 0,
          "file": 2,
          "line": 42,
          "col": 3,
          "lit": "ssh-strict"
        },
        "value": {
          "type": 0,
          "file": 2,
          "line": 47,
          "col": 14,
          "lit": "true"
        }
      },
      {
        "key": {
          "type": 0,
          "file": 2,
          "line": 48,
          "col": 3,
          "lit": "persist-credentials"
        },
        "value": {
          "type": 0,
          "file": 2,
          "line": 50,
          "col": 14,
          "lit": "true"
        }
      },
      {
        "key": {
          "type": 0,
          "file": 2,
          "line": 51,
          "col": 3,
          "lit": "path"
        },
        "value": ""
      },
      {
        "key": {
          "type": 0,
          "file": 2,
          "line": 53,
          "col": 3,
          "lit": "clean"
        },
        "value": {
          "type": 0,
          "file": 2,
          "line": 55,
          "col": 14,
          "lit": "true"
        }
      },
      {
        "key": {
          "type": 0,
          "file": 2,
          "line": 56,
          "col": 3,
          "lit": "fetch-depth"
        },
        "value": {
          "type": 0,
          "file": 2,
          "line": 58,
          "col": 14,
          "lit": "1"
        }
      },
      {
        "key": {
          "type": 0,
          "file": 2,
          "line": 59,
          "col": 3,
          "lit": "lfs"
        },
        "value": {
          "type": 0,
          "file": 2,
          "line": 61,
          "col": 14,
          "lit": "false"
        }
      },
      {
        "key": {
          "type": 0,
          "file": 2,
          "line": 62,
          "col": 3,
          "lit": "submodules"
        },
        "value": {
          "type": 0,
          "file": 2,
          "line": 70,
          "col": 14,
          "lit": "false"
        }
      }
    ]
  },
  "execution": {
    "executionType": "nodeJS",
    "hasPre": false,
    "hasPost": true,
    "script": "dist/index.js",
    "pre": null,
    "post": "dist/index.js",
    "cleanupCondition": "always()",
    "initCondition": "always()"
  },
  "deprecated": null
}
[2021-06-17 19:29:26Z INFO ActionManager] Action pre node.js file: N/A.
[2021-06-17 19:29:26Z INFO ActionManager] Action node.js file: dist/index.js.
[2021-06-17 19:29:26Z INFO ActionManager] Action post node.js file: dist/index.js.
[2021-06-17 19:29:26Z INFO JobExtension] Adding .
[2021-06-17 19:29:26Z INFO JobExtension] Adding .
[2021-06-17 19:29:26Z INFO JobExtension] Adding .
[2021-06-17 19:29:26Z INFO HostContext] Well known directory 'Bin': '/home/user/final-lab-VVPolyukhov/actions-runner/bin'
[2021-06-17 19:29:26Z INFO HostContext] Well known directory 'Root': '/home/user/final-lab-VVPolyukhov/actions-runner'
[2021-06-17 19:29:26Z INFO HostContext] Well known directory 'Diag': '/home/user/final-lab-VVPolyukhov/actions-runner/_diag'
[2021-06-17 19:29:26Z INFO HostContext] Well known directory 'Bin': '/home/user/final-lab-VVPolyukhov/actions-runner/bin'
[2021-06-17 19:29:26Z INFO HostContext] Well known directory 'Root': '/home/user/final-lab-VVPolyukhov/actions-runner'
[2021-06-17 19:29:26Z INFO HostContext] Well known directory 'Diag': '/home/user/final-lab-VVPolyukhov/actions-runner/_diag'
[2021-06-17 19:29:26Z INFO HostContext] Well known directory 'Bin': '/home/user/final-lab-VVPolyukhov/actions-runner/bin'
[2021-06-17 19:29:26Z INFO HostContext] Well known directory 'Root': '/home/user/final-lab-VVPolyukhov/actions-runner'
[2021-06-17 19:29:26Z INFO HostContext] Well known directory 'Diag': '/home/user/final-lab-VVPolyukhov/actions-runner/_diag'
[2021-06-17 19:29:26Z INFO JobExtension] Total accessible running process: 327.
[2021-06-17 19:29:26Z INFO HostContext] Well known directory 'Bin': '/home/user/final-lab-VVPolyukhov/actions-runner/bin'
[2021-06-17 19:29:26Z INFO HostContext] Well known directory 'Root': '/home/user/final-lab-VVPolyukhov/actions-runner'
[2021-06-17 19:29:26Z INFO HostContext] Well known directory 'Work': '/home/user/final-lab-VVPolyukhov/actions-runner/app'
[2021-06-17 19:29:26Z INFO JobRunner] Total job steps: 3.
[2021-06-17 19:29:26Z INFO JobRunner] Run all job steps.
[2021-06-17 19:29:26Z INFO StepsRunner] Processing step: DisplayName='Run actions/checkout@v2'
[2021-06-17 19:29:26Z INFO StepsRunner] Initialize Env context for step
[2021-06-17 19:29:26Z INFO StepsRunner] Evaluating: success()
[2021-06-17 19:29:26Z INFO StepsRunner] Result: true
[2021-06-17 19:29:26Z INFO StepsRunner] Starting the step.
[2021-06-17 19:29:26Z INFO HostContext] Well known directory 'Bin': '/home/user/final-lab-VVPolyukhov/actions-runner/bin'
[2021-06-17 19:29:26Z INFO HostContext] Well known directory 'Root': '/home/user/final-lab-VVPolyukhov/actions-runner'
[2021-06-17 19:29:26Z INFO HostContext] Well known directory 'Work': '/home/user/final-lab-VVPolyukhov/actions-runner/app'
[2021-06-17 19:29:26Z INFO HostContext] Well known directory 'Actions': '/home/user/final-lab-VVPolyukhov/actions-runner/app/_actions'
[2021-06-17 19:29:26Z INFO ActionManager] Load action that reference repository from '/home/user/final-lab-VVPolyukhov/actions-runner/app/_actions/actions/checkout/v2'
[2021-06-17 19:29:26Z INFO HostContext] Well known directory 'Bin': '/home/user/final-lab-VVPolyukhov/actions-runner/bin'
[2021-06-17 19:29:26Z INFO HostContext] Well known directory 'Root': '/home/user/final-lab-VVPolyukhov/actions-runner'
[2021-06-17 19:29:26Z INFO HostContext] Well known directory 'Work': '/home/user/final-lab-VVPolyukhov/actions-runner/app'
[2021-06-17 19:29:26Z INFO HostContext] Well known directory 'Actions': '/home/user/final-lab-VVPolyukhov/actions-runner/app/_actions'
[2021-06-17 19:29:26Z INFO ActionManifestManager] Loaded action.yml file: {
  "name": "Checkout",
  "description": "Checkout a Git repository at a particular version",
  "inputs": {
    "type": 2,
    "map": [
      {
        "key": {
          "type": 0,
          "file": 2,
          "line": 4,
          "col": 3,
          "lit": "repository"
        },
        "value": {
          "type": 3,
          "file": 2,
          "line": 6,
          "col": 14,
          "expr": "github.repository"
        }
      },
      {
        "key": {
          "type": 0,
          "file": 2,
          "line": 7,
          "col": 3,
          "lit": "ref"
        },
        "value": ""
      },
      {
        "key": {
          "type": 0,
          "file": 2,
          "line": 12,
          "col": 3,
          "lit": "token"
        },
        "value": {
          "type": 3,
          "file": 2,
          "line": 24,
          "col": 14,
          "expr": "github.token"
        }
      },
      {
        "key": {
          "type": 0,
          "file": 2,
          "line": 25,
          "col": 3,
          "lit": "ssh-key"
        },
        "value": ""
      },
      {
        "key": {
          "type": 0,
          "file": 2,
          "line": 37,
          "col": 3,
          "lit": "ssh-known-hosts"
        },
        "value": ""
      },
      {
        "key": {
          "type": 0,
          "file": 2,
          "line": 42,
          "col": 3,
          "lit": "ssh-strict"
        },
        "value": {
          "type": 0,
          "file": 2,
          "line": 47,
          "col": 14,
          "lit": "true"
        }
      },
      {
        "key": {
          "type": 0,
          "file": 2,
          "line": 48,
          "col": 3,
          "lit": "persist-credentials"
        },
        "value": {
          "type": 0,
          "file": 2,
          "line": 50,
          "col": 14,
          "lit": "true"
        }
      },
      {
        "key": {
          "type": 0,
          "file": 2,
          "line": 51,
          "col": 3,
          "lit": "path"
        },
        "value": ""
      },
      {
        "key": {
          "type": 0,
          "file": 2,
          "line": 53,
          "col": 3,
          "lit": "clean"
        },
        "value": {
          "type": 0,
          "file": 2,
          "line": 55,
          "col": 14,
          "lit": "true"
        }
      },
      {
        "key": {
          "type": 0,
          "file": 2,
          "line": 56,
          "col": 3,
          "lit": "fetch-depth"
        },
        "value": {
          "type": 0,
          "file": 2,
          "line": 58,
          "col": 14,
          "lit": "1"
        }
      },
      {
        "key": {
          "type": 0,
          "file": 2,
          "line": 59,
          "col": 3,
          "lit": "lfs"
        },
        "value": {
          "type": 0,
          "file": 2,
          "line": 61,
          "col": 14,
          "lit": "false"
        }
      },
      {
        "key": {
          "type": 0,
          "file": 2,
          "line": 62,
          "col": 3,
          "lit": "submodules"
        },
        "value": {
          "type": 0,
          "file": 2,
          "line": 70,
          "col": 14,
          "lit": "false"
        }
      }
    ]
  },
  "execution": {
    "executionType": "nodeJS",
    "hasPre": false,
    "hasPost": true,
    "script": "dist/index.js",
    "pre": null,
    "post": "dist/index.js",
    "cleanupCondition": "always()",
    "initCondition": "always()"
  },
  "deprecated": null
}
[2021-06-17 19:29:26Z INFO ActionManager] Action pre node.js file: N/A.
[2021-06-17 19:29:26Z INFO ActionManager] Action node.js file: dist/index.js.
[2021-06-17 19:29:26Z INFO ActionManager] Action post node.js file: dist/index.js.
[2021-06-17 19:29:26Z INFO ExecutionContext] Reserve record order 5 to 8 for post job actions.
[2021-06-17 19:29:26Z INFO HostContext] Well known directory 'Bin': '/home/user/final-lab-VVPolyukhov/actions-runner/bin'
[2021-06-17 19:29:26Z INFO HostContext] Well known directory 'Root': '/home/user/final-lab-VVPolyukhov/actions-runner'
[2021-06-17 19:29:26Z INFO HostContext] Well known directory 'Diag': '/home/user/final-lab-VVPolyukhov/actions-runner/_diag'
[2021-06-17 19:29:26Z INFO HostContext] Well known directory 'Bin': '/home/user/final-lab-VVPolyukhov/actions-runner/bin'
[2021-06-17 19:29:26Z INFO HostContext] Well known directory 'Root': '/home/user/final-lab-VVPolyukhov/actions-runner'
[2021-06-17 19:29:26Z INFO HostContext] Well known directory 'Work': '/home/user/final-lab-VVPolyukhov/actions-runner/app'
[2021-06-17 19:29:26Z INFO HostContext] Well known directory 'Temp': '/home/user/final-lab-VVPolyukhov/actions-runner/app/_temp'
[2021-06-17 19:29:26Z INFO ActionRunner] Write event payload to /home/user/final-lab-VVPolyukhov/actions-runner/app/_temp/_github_workflow/event.json
[2021-06-17 19:29:26Z INFO HostContext] Well known directory 'Bin': '/home/user/final-lab-VVPolyukhov/actions-runner/bin'
[2021-06-17 19:29:26Z INFO HostContext] Well known directory 'Root': '/home/user/final-lab-VVPolyukhov/actions-runner'
[2021-06-17 19:29:26Z INFO HostContext] Well known directory 'Work': '/home/user/final-lab-VVPolyukhov/actions-runner/app'
[2021-06-17 19:29:26Z INFO HostContext] Well known directory 'Temp': '/home/user/final-lab-VVPolyukhov/actions-runner/app/_temp'
[2021-06-17 19:29:26Z INFO ExtensionManager] Getting extensions for interface: 'GitHub.Runner.Worker.IFileCommandExtension'
[2021-06-17 19:29:26Z INFO ExtensionManager] Creating instance: GitHub.Runner.Worker.AddPathFileCommand, Runner.Worker
[2021-06-17 19:29:26Z INFO ExtensionManager] Creating instance: GitHub.Runner.Worker.SetEnvFileCommand, Runner.Worker
[2021-06-17 19:29:26Z INFO ActionManifestManager] Input 'repository': default value evaluate result: {
  "type": 0,
  "file": 2,
  "line": 6,
  "col": 14,
  "lit": "HSE-NN-SE/final-lab-VVPolyukhov"
}
[2021-06-17 19:29:26Z INFO ActionManifestManager] Input 'ref': default value evaluate result: ""
[2021-06-17 19:29:26Z INFO ActionManifestManager] Input 'token': default value evaluate result: {
  "type": 0,
  "file": 2,
  "line": 24,
  "col": 14,
  "lit": "***"
}
[2021-06-17 19:29:26Z INFO ActionManifestManager] Input 'ssh-key': default value evaluate result: ""
[2021-06-17 19:29:26Z INFO ActionManifestManager] Input 'ssh-known-hosts': default value evaluate result: ""
[2021-06-17 19:29:26Z INFO ActionManifestManager] Input 'ssh-strict': default value evaluate result: {
  "type": 0,
  "file": 2,
  "line": 47,
  "col": 14,
  "lit": "true"
}
[2021-06-17 19:29:26Z INFO ActionManifestManager] Input 'persist-credentials': default value evaluate result: {
  "type": 0,
  "file": 2,
  "line": 50,
  "col": 14,
  "lit": "true"
}
[2021-06-17 19:29:26Z INFO ActionManifestManager] Input 'path': default value evaluate result: ""
[2021-06-17 19:29:26Z INFO ActionManifestManager] Input 'clean': default value evaluate result: {
  "type": 0,
  "file": 2,
  "line": 55,
  "col": 14,
  "lit": "true"
}
[2021-06-17 19:29:26Z INFO ActionManifestManager] Input 'fetch-depth': default value evaluate result: {
  "type": 0,
  "file": 2,
  "line": 58,
  "col": 14,
  "lit": "1"
}
[2021-06-17 19:29:26Z INFO ActionManifestManager] Input 'lfs': default value evaluate result: {
  "type": 0,
  "file": 2,
  "line": 61,
  "col": 14,
  "lit": "false"
}
[2021-06-17 19:29:26Z INFO ActionManifestManager] Input 'submodules': default value evaluate result: {
  "type": 0,
  "file": 2,
  "line": 70,
  "col": 14,
  "lit": "false"
}
[2021-06-17 19:29:26Z INFO ExtensionManager] Getting extensions for interface: 'GitHub.Runner.Worker.IActionCommandExtension'
[2021-06-17 19:29:26Z INFO ExtensionManager] Creating instance: GitHub.Runner.Worker.InternalPluginSetRepoPathCommandExtension, Runner.Worker
[2021-06-17 19:29:26Z INFO ExtensionManager] Creating instance: GitHub.Runner.Worker.SetEnvCommandExtension, Runner.Worker
[2021-06-17 19:29:26Z INFO ExtensionManager] Creating instance: GitHub.Runner.Worker.SetOutputCommandExtension, Runner.Worker
[2021-06-17 19:29:26Z INFO ExtensionManager] Creating instance: GitHub.Runner.Worker.SaveStateCommandExtension, Runner.Worker
[2021-06-17 19:29:26Z INFO ExtensionManager] Creating instance: GitHub.Runner.Worker.AddPathCommandExtension, Runner.Worker
[2021-06-17 19:29:26Z INFO ExtensionManager] Creating instance: GitHub.Runner.Worker.AddMaskCommandExtension, Runner.Worker
[2021-06-17 19:29:26Z INFO ExtensionManager] Creating instance: GitHub.Runner.Worker.AddMatcherCommandExtension, Runner.Worker
[2021-06-17 19:29:26Z INFO ExtensionManager] Creating instance: GitHub.Runner.Worker.RemoveMatcherCommandExtension, Runner.Worker
[2021-06-17 19:29:26Z INFO ExtensionManager] Creating instance: GitHub.Runner.Worker.WarningCommandExtension, Runner.Worker
[2021-06-17 19:29:26Z INFO ExtensionManager] Creating instance: GitHub.Runner.Worker.ErrorCommandExtension, Runner.Worker
[2021-06-17 19:29:26Z INFO ExtensionManager] Creating instance: GitHub.Runner.Worker.DebugCommandExtension, Runner.Worker
[2021-06-17 19:29:26Z INFO ExtensionManager] Creating instance: GitHub.Runner.Worker.GroupCommandExtension, Runner.Worker
[2021-06-17 19:29:26Z INFO ExtensionManager] Creating instance: GitHub.Runner.Worker.EndGroupCommandExtension, Runner.Worker
[2021-06-17 19:29:26Z INFO ExtensionManager] Creating instance: GitHub.Runner.Worker.EchoCommandExtension, Runner.Worker
[2021-06-17 19:29:26Z INFO ActionCommandManager] Register action command extension for command internal-set-repo-path
[2021-06-17 19:29:26Z INFO ActionCommandManager] Register action command extension for command set-env
[2021-06-17 19:29:26Z INFO ActionCommandManager] Register action command extension for command set-output
[2021-06-17 19:29:26Z INFO ActionCommandManager] Register action command extension for command save-state
[2021-06-17 19:29:26Z INFO ActionCommandManager] Register action command extension for command add-path
[2021-06-17 19:29:26Z INFO ActionCommandManager] Register action command extension for command add-mask
[2021-06-17 19:29:26Z INFO ActionCommandManager] Register action command extension for command add-matcher
[2021-06-17 19:29:26Z INFO ActionCommandManager] Register action command extension for command remove-matcher
[2021-06-17 19:29:26Z INFO ActionCommandManager] Register action command extension for command warning
[2021-06-17 19:29:26Z INFO ActionCommandManager] Register action command extension for command error
[2021-06-17 19:29:26Z INFO ActionCommandManager] Register action command extension for command debug
[2021-06-17 19:29:26Z INFO ActionCommandManager] Register action command extension for command group
[2021-06-17 19:29:26Z INFO ActionCommandManager] Register action command extension for command endgroup
[2021-06-17 19:29:26Z INFO ActionCommandManager] Register action command extension for command echo
[2021-06-17 19:29:26Z INFO HostContext] Well known directory 'Bin': '/home/user/final-lab-VVPolyukhov/actions-runner/bin'
[2021-06-17 19:29:26Z INFO HostContext] Well known directory 'Root': '/home/user/final-lab-VVPolyukhov/actions-runner'
[2021-06-17 19:29:26Z INFO HostContext] Well known directory 'Externals': '/home/user/final-lab-VVPolyukhov/actions-runner/externals'
[2021-06-17 19:29:26Z INFO ProcessInvokerWrapper] Starting process:
[2021-06-17 19:29:26Z INFO ProcessInvokerWrapper]   File name: '/home/user/final-lab-VVPolyukhov/actions-runner/externals/node12/bin/node'
[2021-06-17 19:29:26Z INFO ProcessInvokerWrapper]   Arguments: '"/home/user/final-lab-VVPolyukhov/actions-runner/app/_actions/actions/checkout/v2/dist/index.js"'
[2021-06-17 19:29:26Z INFO ProcessInvokerWrapper]   Working directory: '/home/user/final-lab-VVPolyukhov/actions-runner/app/final-lab-VVPolyukhov/final-lab-VVPolyukhov'
[2021-06-17 19:29:26Z INFO ProcessInvokerWrapper]   Require exit code zero: 'False'
[2021-06-17 19:29:26Z INFO ProcessInvokerWrapper]   Encoding web name:  ; code page: ''
[2021-06-17 19:29:26Z INFO ProcessInvokerWrapper]   Force kill process on cancellation: 'False'
[2021-06-17 19:29:26Z INFO ProcessInvokerWrapper]   Redirected STDIN: 'False'
[2021-06-17 19:29:26Z INFO ProcessInvokerWrapper]   Persist current code page: 'False'
[2021-06-17 19:29:26Z INFO ProcessInvokerWrapper]   Keep redirected STDIN open: 'False'
[2021-06-17 19:29:26Z INFO ProcessInvokerWrapper]   High priority process: 'False'
[2021-06-17 19:29:26Z INFO ProcessInvokerWrapper] Updated oom_score_adj to 500 for PID: 19352.
[2021-06-17 19:29:26Z INFO ProcessInvokerWrapper] Process started with process id 19352, waiting for process exit.
[2021-06-17 19:29:26Z INFO AddMaskCommandExtension] Add new secret mask with length of 76
[2021-06-17 19:29:27Z INFO JobServerQueue] Try to append 1 batches web console lines for record '9b7c1dff-824e-56a9-5181-57d19339b292', success rate: 1/1.
[2021-06-17 19:29:27Z INFO ProcessInvokerWrapper] STDOUT/STDERR stream read finished.
[2021-06-17 19:29:27Z INFO ProcessInvokerWrapper] STDOUT/STDERR stream read finished.
[2021-06-17 19:29:27Z INFO ProcessInvokerWrapper] Finished process 19352 with exit code 0, and elapsed time 00:00:00.8328296.
[2021-06-17 19:29:27Z INFO StepsRunner] Step result: 
[2021-06-17 19:29:27Z INFO StepsRunner] No need for updating job result with current step result 'Succeeded'.
[2021-06-17 19:29:27Z INFO StepsRunner] Current state: job state = ''
[2021-06-17 19:29:27Z INFO StepsRunner] Processing step: DisplayName='Dependencies'
[2021-06-17 19:29:27Z INFO StepsRunner] Initialize Env context for step
[2021-06-17 19:29:27Z INFO StepsRunner] Evaluating: success()
[2021-06-17 19:29:27Z INFO StepsRunner] Result: true
[2021-06-17 19:29:27Z INFO StepsRunner] Starting the step.
[2021-06-17 19:29:27Z INFO HostContext] Well known directory 'Bin': '/home/user/final-lab-VVPolyukhov/actions-runner/bin'
[2021-06-17 19:29:27Z INFO HostContext] Well known directory 'Root': '/home/user/final-lab-VVPolyukhov/actions-runner'
[2021-06-17 19:29:27Z INFO HostContext] Well known directory 'Work': '/home/user/final-lab-VVPolyukhov/actions-runner/app'
[2021-06-17 19:29:27Z INFO HostContext] Well known directory 'Temp': '/home/user/final-lab-VVPolyukhov/actions-runner/app/_temp'
[2021-06-17 19:29:27Z INFO ActionRunner] Write event payload to /home/user/final-lab-VVPolyukhov/actions-runner/app/_temp/_github_workflow/event.json
[2021-06-17 19:29:27Z INFO HostContext] Well known directory 'Bin': '/home/user/final-lab-VVPolyukhov/actions-runner/bin'
[2021-06-17 19:29:27Z INFO HostContext] Well known directory 'Root': '/home/user/final-lab-VVPolyukhov/actions-runner'
[2021-06-17 19:29:27Z INFO HostContext] Well known directory 'Work': '/home/user/final-lab-VVPolyukhov/actions-runner/app'
[2021-06-17 19:29:27Z INFO HostContext] Well known directory 'Temp': '/home/user/final-lab-VVPolyukhov/actions-runner/app/_temp'
[2021-06-17 19:29:27Z INFO ExtensionManager] Getting extensions for interface: 'GitHub.Runner.Worker.IFileCommandExtension'
[2021-06-17 19:29:27Z INFO ExtensionManager] Getting extensions for interface: 'GitHub.Runner.Worker.IActionCommandExtension'
[2021-06-17 19:29:27Z INFO ActionCommandManager] Register action command extension for command internal-set-repo-path
[2021-06-17 19:29:27Z INFO ActionCommandManager] Register action command extension for command set-env
[2021-06-17 19:29:27Z INFO ActionCommandManager] Register action command extension for command set-output
[2021-06-17 19:29:27Z INFO ActionCommandManager] Register action command extension for command save-state
[2021-06-17 19:29:27Z INFO ActionCommandManager] Register action command extension for command add-path
[2021-06-17 19:29:27Z INFO ActionCommandManager] Register action command extension for command add-mask
[2021-06-17 19:29:27Z INFO ActionCommandManager] Register action command extension for command add-matcher
[2021-06-17 19:29:27Z INFO ActionCommandManager] Register action command extension for command remove-matcher
[2021-06-17 19:29:27Z INFO ActionCommandManager] Register action command extension for command warning
[2021-06-17 19:29:27Z INFO ActionCommandManager] Register action command extension for command error
[2021-06-17 19:29:27Z INFO ActionCommandManager] Register action command extension for command debug
[2021-06-17 19:29:27Z INFO ActionCommandManager] Register action command extension for command group
[2021-06-17 19:29:27Z INFO ActionCommandManager] Register action command extension for command endgroup
[2021-06-17 19:29:27Z INFO ActionCommandManager] Register action command extension for command echo
[2021-06-17 19:29:27Z INFO ScriptHandler] Which: 'bash'
[2021-06-17 19:29:27Z INFO ScriptHandler] Location: '/usr/bin/bash'
[2021-06-17 19:29:27Z INFO HostContext] Well known directory 'Bin': '/home/user/final-lab-VVPolyukhov/actions-runner/bin'
[2021-06-17 19:29:27Z INFO HostContext] Well known directory 'Root': '/home/user/final-lab-VVPolyukhov/actions-runner'
[2021-06-17 19:29:27Z INFO HostContext] Well known directory 'Work': '/home/user/final-lab-VVPolyukhov/actions-runner/app'
[2021-06-17 19:29:27Z INFO HostContext] Well known directory 'Temp': '/home/user/final-lab-VVPolyukhov/actions-runner/app/_temp'
[2021-06-17 19:29:27Z INFO ScriptHandler] Which: 'bash'
[2021-06-17 19:29:27Z INFO ScriptHandler] Location: '/usr/bin/bash'
[2021-06-17 19:29:27Z INFO ProcessInvokerWrapper] Starting process:
[2021-06-17 19:29:27Z INFO ProcessInvokerWrapper]   File name: '/usr/bin/bash'
[2021-06-17 19:29:27Z INFO ProcessInvokerWrapper]   Arguments: '-e /home/user/final-lab-VVPolyukhov/actions-runner/app/_temp/a75bead2-cdef-4dc0-b35c-e8952d5b5a67.sh'
[2021-06-17 19:29:27Z INFO ProcessInvokerWrapper]   Working directory: '/home/user/final-lab-VVPolyukhov/actions-runner/app/final-lab-VVPolyukhov/final-lab-VVPolyukhov'
[2021-06-17 19:29:27Z INFO ProcessInvokerWrapper]   Require exit code zero: 'False'
[2021-06-17 19:29:27Z INFO ProcessInvokerWrapper]   Encoding web name:  ; code page: ''
[2021-06-17 19:29:27Z INFO ProcessInvokerWrapper]   Force kill process on cancellation: 'False'
[2021-06-17 19:29:27Z INFO ProcessInvokerWrapper]   Redirected STDIN: 'False'
[2021-06-17 19:29:27Z INFO ProcessInvokerWrapper]   Persist current code page: 'False'
[2021-06-17 19:29:27Z INFO ProcessInvokerWrapper]   Keep redirected STDIN open: 'False'
[2021-06-17 19:29:27Z INFO ProcessInvokerWrapper]   High priority process: 'False'
[2021-06-17 19:29:27Z INFO ProcessInvokerWrapper] Updated oom_score_adj to 500 for PID: 19434.
[2021-06-17 19:29:27Z INFO ProcessInvokerWrapper] Process started with process id 19434, waiting for process exit.
[2021-06-17 19:29:27Z INFO JobServerQueue] Try to append 1 batches web console lines for record '9b7c1dff-824e-56a9-5181-57d19339b292', success rate: 1/1.
[2021-06-17 19:29:27Z INFO JobServerQueue] Try to append 1 batches web console lines for record '215acfdd-61cb-5b68-0cdf-c051c68c1794', success rate: 1/1.
[2021-06-17 19:29:28Z INFO JobServerQueue] Try to upload 2 log files or attachments, success rate: 2/2.
[2021-06-17 19:29:36Z INFO HostContext] Well known directory 'Bin': '/home/user/final-lab-VVPolyukhov/actions-runner/bin'
[2021-06-17 19:29:36Z INFO HostContext] Well known directory 'Root': '/home/user/final-lab-VVPolyukhov/actions-runner'
[2021-06-17 19:29:36Z INFO HostContext] Well known directory 'Work': '/home/user/final-lab-VVPolyukhov/actions-runner/app'
[2021-06-17 19:29:46Z INFO HostContext] Well known directory 'Bin': '/home/user/final-lab-VVPolyukhov/actions-runner/bin'
[2021-06-17 19:29:46Z INFO HostContext] Well known directory 'Root': '/home/user/final-lab-VVPolyukhov/actions-runner'
[2021-06-17 19:29:46Z INFO HostContext] Well known directory 'Work': '/home/user/final-lab-VVPolyukhov/actions-runner/app'
[2021-06-17 19:29:48Z INFO JobServerQueue] Try to append 1 batches web console lines for record '215acfdd-61cb-5b68-0cdf-c051c68c1794', success rate: 1/1.
[2021-06-17 19:29:48Z INFO JobServerQueue] Try to append 1 batches web console lines for record '215acfdd-61cb-5b68-0cdf-c051c68c1794', success rate: 1/1.
[2021-06-17 19:29:49Z INFO JobServerQueue] Try to append 1 batches web console lines for record '215acfdd-61cb-5b68-0cdf-c051c68c1794', success rate: 1/1.
[2021-06-17 19:29:49Z INFO JobServerQueue] Try to append 1 batches web console lines for record '215acfdd-61cb-5b68-0cdf-c051c68c1794', success rate: 1/1.
[2021-06-17 19:29:49Z INFO JobServerQueue] Try to append 1 batches web console lines for record '215acfdd-61cb-5b68-0cdf-c051c68c1794', success rate: 1/1.
[2021-06-17 19:29:50Z INFO JobServerQueue] Try to append 1 batches web console lines for record '215acfdd-61cb-5b68-0cdf-c051c68c1794', success rate: 1/1.
[2021-06-17 19:29:50Z INFO JobServerQueue] Try to append 1 batches web console lines for record '215acfdd-61cb-5b68-0cdf-c051c68c1794', success rate: 1/1.
[2021-06-17 19:29:52Z INFO JobServerQueue] Try to append 1 batches web console lines for record '215acfdd-61cb-5b68-0cdf-c051c68c1794', success rate: 1/1.
[2021-06-17 19:29:56Z INFO HostContext] Well known directory 'Bin': '/home/user/final-lab-VVPolyukhov/actions-runner/bin'
[2021-06-17 19:29:56Z INFO HostContext] Well known directory 'Root': '/home/user/final-lab-VVPolyukhov/actions-runner'
[2021-06-17 19:29:56Z INFO HostContext] Well known directory 'Work': '/home/user/final-lab-VVPolyukhov/actions-runner/app'
[2021-06-17 19:29:57Z INFO JobServerQueue] Try to append 1 batches web console lines for record '215acfdd-61cb-5b68-0cdf-c051c68c1794', success rate: 1/1.
[2021-06-17 19:30:03Z INFO JobServerQueue] Try to append 1 batches web console lines for record '215acfdd-61cb-5b68-0cdf-c051c68c1794', success rate: 1/1.
[2021-06-17 19:30:06Z INFO HostContext] Well known directory 'Bin': '/home/user/final-lab-VVPolyukhov/actions-runner/bin'
[2021-06-17 19:30:06Z INFO HostContext] Well known directory 'Root': '/home/user/final-lab-VVPolyukhov/actions-runner'
[2021-06-17 19:30:06Z INFO HostContext] Well known directory 'Work': '/home/user/final-lab-VVPolyukhov/actions-runner/app'
[2021-06-17 19:30:14Z INFO Worker] Cancellation/Shutdown message received.
[2021-06-17 19:30:14Z INFO HostContext] Runner will be shutdown for UserCancelled
[2021-06-17 19:30:14Z INFO StepsRunner] Cancel current running step.
[2021-06-17 19:30:14Z INFO ProcessInvokerWrapper] Sending SIGINT to process 19434.
[2021-06-17 19:30:14Z INFO ProcessInvokerWrapper] SIGINT signal doesn't fire successfully.
[2021-06-17 19:30:14Z INFO ProcessInvokerWrapper] Error code: -1.
[2021-06-17 19:30:14Z INFO ProcessInvokerWrapper] Sending SIGTERM to process 19434.
[2021-06-17 19:30:14Z INFO ProcessInvokerWrapper] SIGTERM signal doesn't fire successfully.
[2021-06-17 19:30:14Z INFO ProcessInvokerWrapper] Error code: -1.
[2021-06-17 19:30:14Z INFO ProcessInvokerWrapper] Kill entire process tree since both cancel and terminate signal has been ignored by the target process.
[2021-06-17 19:30:14Z INFO ProcessInvokerWrapper] STDOUT/STDERR stream read finished.
[2021-06-17 19:30:14Z INFO ProcessInvokerWrapper] STDOUT/STDERR stream read finished.
[2021-06-17 19:30:14Z INFO ProcessInvokerWrapper] Process Cancellation finished.
[2021-06-17 19:30:14Z INFO ProcessInvokerWrapper] Finished process 19434 with exit code 130, and elapsed time 00:00:47.0917785.
[2021-06-17 19:30:14Z ERR  StepsRunner] Caught cancellation exception from step: System.OperationCanceledException: The operation was canceled.
   at System.Threading.CancellationToken.ThrowOperationCanceledException()
   at GitHub.Runner.Sdk.ProcessInvoker.ExecuteAsync(String workingDirectory, String fileName, String arguments, IDictionary`2 environment, Boolean requireExitCodeZero, Encoding outputEncoding, Boolean killProcessOnCancel, Channel`1 redirectStandardIn, Boolean inheritConsoleHandler, Boolean keepStandardInOpen, Boolean highPriorityProcess, CancellationToken cancellationToken)
   at GitHub.Runner.Common.ProcessInvokerWrapper.ExecuteAsync(String workingDirectory, String fileName, String arguments, IDictionary`2 environment, Boolean requireExitCodeZero, Encoding outputEncoding, Boolean killProcessOnCancel, Channel`1 redirectStandardIn, Boolean inheritConsoleHandler, Boolean keepStandardInOpen, Boolean highPriorityProcess, CancellationToken cancellationToken)
   at GitHub.Runner.Worker.Handlers.DefaultStepHost.ExecuteAsync(String workingDirectory, String fileName, String arguments, IDictionary`2 environment, Boolean requireExitCodeZero, Encoding outputEncoding, Boolean killProcessOnCancel, Boolean inheritConsoleHandler, CancellationToken cancellationToken)
   at GitHub.Runner.Worker.Handlers.ScriptHandler.RunAsync(ActionRunStage stage)
   at GitHub.Runner.Worker.ActionRunner.RunAsync()
   at GitHub.Runner.Worker.StepsRunner.RunStepAsync(IStep step, CancellationToken jobCancellationToken)
[2021-06-17 19:30:14Z INFO StepsRunner] Step result: Canceled
[2021-06-17 19:30:14Z INFO StepsRunner] No need for updating job result with current step result 'Canceled'.
[2021-06-17 19:30:14Z INFO StepsRunner] Current state: job state = 'Canceled'
[2021-06-17 19:30:14Z INFO StepsRunner] Processing step: DisplayName='Codestyle'
[2021-06-17 19:30:14Z INFO StepsRunner] Initialize Env context for step
[2021-06-17 19:30:14Z INFO StepsRunner] Skipping step due to condition evaluation.
[2021-06-17 19:30:14Z INFO StepsRunner] No need for updating job result with current step result 'Skipped'.
[2021-06-17 19:30:14Z INFO StepsRunner] Current state: job state = 'Canceled'
[2021-06-17 19:30:14Z INFO StepsRunner] Processing step: DisplayName='Post Run actions/checkout@v2'
[2021-06-17 19:30:14Z INFO StepsRunner] Initialize Env context for step
[2021-06-17 19:30:14Z INFO StepsRunner] Skipping step due to condition evaluation.
[2021-06-17 19:30:14Z INFO StepsRunner] No need for updating job result with current step result 'Skipped'.
[2021-06-17 19:30:14Z INFO StepsRunner] Current state: job state = 'Canceled'
[2021-06-17 19:30:14Z INFO JobRunner] Finalize job.
[2021-06-17 19:30:14Z INFO HostContext] Well known directory 'Bin': '/home/user/final-lab-VVPolyukhov/actions-runner/bin'
[2021-06-17 19:30:14Z INFO HostContext] Well known directory 'Root': '/home/user/final-lab-VVPolyukhov/actions-runner'
[2021-06-17 19:30:14Z INFO HostContext] Well known directory 'Diag': '/home/user/final-lab-VVPolyukhov/actions-runner/_diag'
[2021-06-17 19:30:14Z INFO JobExtension] Initialize Env context
[2021-06-17 19:30:14Z INFO JobExtension] Initialize steps context
[2021-06-17 19:30:14Z INFO JobExtension] Total accessible running process: 328.
[2021-06-17 19:30:14Z INFO JobExtension] Inspecting process environment variables. PID: 319 (kworker/3:1H-kblockd)
[2021-06-17 19:30:14Z INFO LinuxProcessExtensions] Read env from /proc/319/environ
[2021-06-17 19:30:14Z WARN JobExtension] Ignore exception during read process environment variables: Access to the path '/proc/319/environ' is denied.
[2021-06-17 19:30:14Z INFO JobExtension] Inspecting process environment variables. PID: 363 (kworker/6:1H-kblockd)
[2021-06-17 19:30:14Z INFO LinuxProcessExtensions] Read env from /proc/363/environ
[2021-06-17 19:30:14Z WARN JobExtension] Ignore exception during read process environment variables: Access to the path '/proc/363/environ' is denied.
[2021-06-17 19:30:14Z INFO JobExtension] Inspecting process environment variables. PID: 375 (kworker/7:1H-events_highpri)
[2021-06-17 19:30:14Z INFO LinuxProcessExtensions] Read env from /proc/375/environ
[2021-06-17 19:30:14Z WARN JobExtension] Ignore exception during read process environment variables: Access to the path '/proc/375/environ' is denied.
[2021-06-17 19:30:14Z INFO JobExtension] Inspecting process environment variables. PID: 17056 (kworker/u17:2-i915_flip)
[2021-06-17 19:30:14Z INFO LinuxProcessExtensions] Read env from /proc/17056/environ
[2021-06-17 19:30:14Z WARN JobExtension] Ignore exception during read process environment variables: Access to the path '/proc/17056/environ' is denied.
[2021-06-17 19:30:14Z INFO JobExtension] Inspecting process environment variables. PID: 18318 (kworker/1:1-events)
[2021-06-17 19:30:14Z INFO LinuxProcessExtensions] Read env from /proc/18318/environ
[2021-06-17 19:30:14Z WARN JobExtension] Ignore exception during read process environment variables: Access to the path '/proc/18318/environ' is denied.
[2021-06-17 19:30:14Z INFO JobExtension] Inspecting process environment variables. PID: 18645 (kworker/u16:1-events_unbound)
[2021-06-17 19:30:14Z INFO LinuxProcessExtensions] Read env from /proc/18645/environ
[2021-06-17 19:30:14Z WARN JobExtension] Ignore exception during read process environment variables: Access to the path '/proc/18645/environ' is denied.
[2021-06-17 19:30:14Z INFO JobExtension] Inspecting process environment variables. PID: 18980 (kworker/u16:0-ext4-rsv-conversion)
[2021-06-17 19:30:14Z INFO LinuxProcessExtensions] Read env from /proc/18980/environ
[2021-06-17 19:30:14Z WARN JobExtension] Ignore exception during read process environment variables: Access to the path '/proc/18980/environ' is denied.
[2021-06-17 19:30:14Z INFO JobExtension] Inspecting process environment variables. PID: 19057 (kworker/6:2-events)
[2021-06-17 19:30:14Z INFO LinuxProcessExtensions] Read env from /proc/19057/environ
[2021-06-17 19:30:14Z WARN JobExtension] Ignore exception during read process environment variables: Access to the path '/proc/19057/environ' is denied.
[2021-06-17 19:30:14Z INFO JobExtension] Inspecting process environment variables. PID: 19148 (kworker/4:2-events)
[2021-06-17 19:30:14Z INFO LinuxProcessExtensions] Read env from /proc/19148/environ
[2021-06-17 19:30:14Z WARN JobExtension] Ignore exception during read process environment variables: Access to the path '/proc/19148/environ' is denied.
[2021-06-17 19:30:14Z INFO JobExtension] Inspecting process environment variables. PID: 19159 (kworker/2:0-events)
[2021-06-17 19:30:14Z INFO LinuxProcessExtensions] Read env from /proc/19159/environ
[2021-06-17 19:30:14Z WARN JobExtension] Ignore exception during read process environment variables: Access to the path '/proc/19159/environ' is denied.
[2021-06-17 19:30:14Z INFO JobExtension] Inspecting process environment variables. PID: 19202 (kworker/7:4-events)
[2021-06-17 19:30:14Z INFO LinuxProcessExtensions] Read env from /proc/19202/environ
[2021-06-17 19:30:14Z WARN JobExtension] Ignore exception during read process environment variables: Access to the path '/proc/19202/environ' is denied.
[2021-06-17 19:30:14Z INFO JobExtension] Inspecting process environment variables. PID: 19251 (kworker/0:2-events)
[2021-06-17 19:30:14Z INFO LinuxProcessExtensions] Read env from /proc/19251/environ
[2021-06-17 19:30:14Z WARN JobExtension] Ignore exception during read process environment variables: Access to the path '/proc/19251/environ' is denied.
[2021-06-17 19:30:14Z INFO JobExtension] Inspecting process environment variables. PID: 19289 (kworker/5:0-events)
[2021-06-17 19:30:14Z INFO LinuxProcessExtensions] Read env from /proc/19289/environ
[2021-06-17 19:30:14Z WARN JobExtension] Ignore exception during read process environment variables: Access to the path '/proc/19289/environ' is denied.
[2021-06-17 19:30:14Z INFO JobExtension] Inspecting process environment variables. PID: 19440 (kworker/6:0-events)
[2021-06-17 19:30:14Z INFO LinuxProcessExtensions] Read env from /proc/19440/environ
[2021-06-17 19:30:14Z WARN JobExtension] Ignore exception during read process environment variables: Access to the path '/proc/19440/environ' is denied.
[2021-06-17 19:30:14Z INFO JobExtension] Inspecting process environment variables. PID: 20008 (packagekitd)
[2021-06-17 19:30:14Z INFO LinuxProcessExtensions] Read env from /proc/20008/environ
[2021-06-17 19:30:14Z WARN JobExtension] Ignore exception during read process environment variables: Access to the path '/proc/20008/environ' is denied.
[2021-06-17 19:30:14Z INFO JobRunner] Job result after all job steps finish: Canceled
[2021-06-17 19:30:14Z INFO JobRunner] Completing the job execution context.
[2021-06-17 19:30:14Z INFO JobRunner] Shutting down the job server queue.
[2021-06-17 19:30:14Z INFO JobServerQueue] Fire signal to shutdown all queues.
[2021-06-17 19:30:15Z INFO JobServerQueue] All queue process task stopped.
[2021-06-17 19:30:15Z INFO JobServerQueue] Try to append 1 batches web console lines for record '19e9af05-3245-5acd-5c3d-d573c2eeba16', success rate: 1/1.
[2021-06-17 19:30:15Z INFO JobServerQueue] Try to append 1 batches web console lines for record '215acfdd-61cb-5b68-0cdf-c051c68c1794', success rate: 1/1.
[2021-06-17 19:30:15Z INFO JobServerQueue] Try to append 1 batches web console lines for record 'a8e8a537-97aa-4efc-86ab-e1eb6686dbd4', success rate: 1/1.
[2021-06-17 19:30:15Z INFO JobServerQueue] Web console line queue drained.
[2021-06-17 19:30:15Z INFO JobServerQueue] Uploading 3 files in one shot.
[2021-06-17 19:30:17Z INFO JobServerQueue] Try to upload 3 log files or attachments, success rate: 3/3.
[2021-06-17 19:30:17Z INFO JobServerQueue] File upload queue drained.
[2021-06-17 19:30:17Z INFO JobServerQueue] Timeline update queue drained.
[2021-06-17 19:30:17Z INFO JobServerQueue] All queue process tasks have been stopped, and all queues are drained.
[2021-06-17 19:30:17Z INFO TempDirectoryManager] Cleaning runner temp folder: /home/user/final-lab-VVPolyukhov/actions-runner/app/_temp
[2021-06-17 19:30:17Z INFO JobRunner] Raising job completed event.
