[2021-06-17 19:37:26Z INFO HostContext] No proxy settings were found based on environmental variables (http_proxy/https_proxy/HTTP_PROXY/HTTPS_PROXY)
[2021-06-17 19:37:26Z INFO HostContext] Well known directory 'Bin': '/home/user/final-lab-VVPolyukhov/actions-runner/bin'
[2021-06-17 19:37:26Z INFO HostContext] Well known directory 'Root': '/home/user/final-lab-VVPolyukhov/actions-runner'
[2021-06-17 19:37:26Z INFO HostContext] Well known config file 'Credentials': '/home/user/final-lab-VVPolyukhov/actions-runner/.credentials'
[2021-06-17 19:37:26Z INFO Worker] Version: 2.276.1
[2021-06-17 19:37:26Z INFO Worker] Commit: 5effa808be96eae7f2e08d713426b8d056bddff1
[2021-06-17 19:37:26Z INFO Worker] Culture: ru-RU
[2021-06-17 19:37:26Z INFO Worker] UI Culture: ru-RU
[2021-06-17 19:37:26Z INFO Worker] Waiting to receive the job message from the channel.
[2021-06-17 19:37:26Z INFO Worker] Message received.
[2021-06-17 19:37:26Z INFO Worker] Job message:
 {
  "fileTable": [
    ".github/workflows/main.yml"
  ],
  "mask": [
    {
      "type": "regex",
      "value": "***"
    },
    {
      "type": "regex",
      "value": "***"
    },
    {
      "type": "regex",
      "value": "***"
    },
    {
      "type": "regex",
      "value": "***"
    },
    {
      "type": "regex",
      "value": "***"
    },
    {
      "type": "regex",
      "value": "***"
    },
    {
      "type": "regex",
      "value": "***"
    },
    {
      "type": "regex",
      "value": "***"
    },
    {
      "type": "regex",
      "value": "***"
    }
  ],
  "steps": [
    {
      "type": "action",
      "reference": {
        "type": "repository",
        "name": "actions/checkout",
        "ref": "v2",
        "repositoryType": "GitHub",
        "path": ""
      },
      "condition": "success()",
      "id": "a87c3f8f-4c51-5351-40a7-ff8af0c674dc",
      "name": "actionscheckout"
    },
    {
      "type": "action",
      "reference": {
        "type": "script"
      },
      "displayNameToken": {
        "type": 0,
        "file": 1,
        "line": 47,
        "col": 15,
        "lit": "Build Docker with App"
      },
      "inputs": {
        "type": 2,
        "map": [
          {
            "key": "script",
            "value": {
              "type": 3,
              "file": 1,
              "line": 48,
              "col": 14,
              "expr": "format('docker build -t ***/app .\ndocker login -u {0} -p {1}\ndocker push ***/app\n', secrets.DOCKER_USER, secrets.DOCKER_PASSWORD)"
            }
          }
        ]
      },
      "condition": "success()",
      "id": "22660b65-3b38-5dde-ba12-a9c34ab951ea",
      "name": "run"
    }
  ],
  "variables": {
    "DOCKER_PASSWORD": {
      "value": "***",
      "isSecret": true
    },
    "DOCKER_USER": {
      "value": "***",
      "isSecret": true
    },
    "system.isScheduled": {
      "value": "False"
    },
    "system": {
      "value": "actions"
    },
    "system.hosttype": {
      "value": "actions"
    },
    "system.servertype": {
      "value": "Hosted"
    },
    "system.culture": {
      "value": "en-US"
    },
    "system.collectionId": {
      "value": "fc00e989-421a-466b-b372-5bf352d5e8c2"
    },
    "system.collectionUri": {
      "value": "https://pipelines.actions.githubusercontent.com/OmjY0MEUd91qA8nyXf29HIHTtHdnQWVcGWAg6pgXxV8xsCM2Gp/"
    },
    "system.taskDefinitionsUri": {
      "value": "https://pipelines.actions.githubusercontent.com/OmjY0MEUd91qA8nyXf29HIHTtHdnQWVcGWAg6pgXxV8xsCM2Gp/"
    },
    "system.pipelineStartTime": {
      "value": "2021-06-17 19:37:24+00:00"
    },
    "system.definitionId": {
      "value": "3"
    },
    "system.runner.lowdiskspacethreshold": {
      "value": "100"
    },
    "DistributedTask.NewActionMetadata": {
      "value": "true"
    },
    "DistributedTask.UseContextNameForGITHUBACTION": {
      "value": "true"
    },
    "system.teamProjectId": {
      "value": "00000000-0000-0000-0000-000000000000"
    },
    "build.buildId": {
      "value": "7"
    },
    "build.containerId": {
      "value": "4657"
    },
    "system.workflowFilePath": {
      "value": ".github/workflows/main.yml"
    },
    "system.definitionName": {
      "value": "final-lab-VVPolyukhov"
    },
    "system.planId": {
      "value": "6c606e2e-40b2-4168-82da-8d26102f86d0"
    },
    "system.timelineId": {
      "value": "6c606e2e-40b2-4168-82da-8d26102f86d0"
    },
    "system.stageDisplayName": {
      "value": "__default"
    },
    "system.stageId": {
      "value": "96ac2280-8cb4-5df5-99de-dd2da759617d"
    },
    "system.stageName": {
      "value": "__default"
    },
    "system.stageAttempt": {
      "value": "1"
    },
    "system.phaseDisplayName": {
      "value": "Docker"
    },
    "system.phaseId": {
      "value": "d1587781-abcf-5ffe-6a5f-6b4c8dc4f832"
    },
    "system.phaseName": {
      "value": "Docker"
    },
    "system.phaseAttempt": {
      "value": "1"
    },
    "system.jobIdentifier": {
      "value": "Docker.__default"
    },
    "system.jobAttempt": {
      "value": "1"
    },
    "System.JobPositionInPhase": {
      "value": "1"
    },
    "System.TotalJobsInPhase": {
      "value": "1"
    },
    "system.github.job": {
      "value": "Docker"
    },
    "system.jobDisplayName": {
      "value": "Docker"
    },
    "system.jobId": {
      "value": "1c8ce01e-97de-5be9-a863-648419f09741"
    },
    "system.jobName": {
      "value": "__default"
    },
    "system.github.token.permissions": {
      "value": "{\"Actions\":\"write\",\"Checks\":\"write\",\"Contents\":\"write\",\"Deployments\":\"write\",\"Discussions\":\"write\",\"Issues\":\"write\",\"Metadata\":\"read\",\"Packages\":\"write\",\"PullRequests\":\"write\",\"RepositoryProjects\":\"write\",\"SecurityEvents\":\"write\",\"Statuses\":\"write\"}"
    },
    "system.github.token": {
      "value": "***",
      "isSecret": true
    },
    "system.runnerGroupName": {
      "value": "Default"
    }
  },
  "messageType": "PipelineAgentJobRequest",
  "plan": {
    "scopeIdentifier": "00000000-0000-0000-0000-000000000000",
    "planType": "Actions",
    "version": 13,
    "planId": "6c606e2e-40b2-4168-82da-8d26102f86d0",
    "planGroup": "Actions:00000000-0000-0000-0000-000000000000:1",
    "artifactUri": "vstfs:///Build/Build/7",
    "artifactLocation": null,
    "definition": {
      "_links": {},
      "id": 3,
      "name": "final-lab-VVPolyukhov"
    },
    "owner": {
      "_links": {},
      "id": 3,
      "name": "HSE-NN-SE"
    }
  },
  "timeline": {
    "id": "6c606e2e-40b2-4168-82da-8d26102f86d0",
    "changeId": 28,
    "location": null
  },
  "jobId": "1c8ce01e-97de-5be9-a863-648419f09741",
  "jobDisplayName": "Docker",
  "jobName": "__default",
  "requestId": 6,
  "lockedUntil": "0001-01-01T00:00:00",
  "resources": {
    "endpoints": [
      {
        "data": {
          "ServerId": "fc00e989-421a-466b-b372-5bf352d5e8c2",
          "ServerName": "OmjY0MEUd91qA8nyXf29HIHTtHdnQWVcGWAg6pgXxV8xsCM2Gp",
          "CacheServerUrl": "https://artifactcache.actions.githubusercontent.com/OmjY0MEUd91qA8nyXf29HIHTtHdnQWVcGWAg6pgXxV8xsCM2Gp/"
        },
        "name": "SystemVssConnection",
        "url": "https://pipelines.actions.githubusercontent.com/OmjY0MEUd91qA8nyXf29HIHTtHdnQWVcGWAg6pgXxV8xsCM2Gp/",
        "authorization": {
          "parameters": {
            "AccessToken": ***
          },
          "scheme": "OAuth"
        },
        "isShared": false,
        "isReady": true
      }
    ]
  },
  "contextData": {
    "github": {
      "t": 2,
      "d": [
        {
          "k": "ref",
          "v": "refs/heads/main"
        },
        {
          "k": "sha",
          "v": "f4ffb63e316e55c81e9f541dd1cf8dd54dc672b6"
        },
        {
          "k": "repository",
          "v": "HSE-NN-SE/final-lab-VVPolyukhov"
        },
        {
          "k": "repository_owner",
          "v": "HSE-NN-SE"
        },
        {
          "k": "repositoryUrl",
          "v": "git://github.com/HSE-NN-SE/final-lab-VVPolyukhov.git"
        },
        {
          "k": "run_id",
          "v": "947608943"
        },
        {
          "k": "run_number",
          "v": "6"
        },
        {
          "k": "retention_days",
          "v": "10"
        },
        {
          "k": "actor",
          "v": "VVPolyukhov"
        },
        {
          "k": "workflow",
          "v": "CI/CD"
        },
        {
          "k": "head_ref",
          "v": ""
        },
        {
          "k": "base_ref",
          "v": ""
        },
        {
          "k": "event_name",
          "v": "push"
        },
        {
          "k": "event",
          "v": {
            "t": 2,
            "d": [
              {
                "k": "after",
                "v": "f4ffb63e316e55c81e9f541dd1cf8dd54dc672b6"
              },
              {
                "k": "base_ref",
                "v": null
              },
              {
                "k": "before",
                "v": "7fb891042797d090f536fa9eda142fa609480766"
              },
              {
                "k": "commits",
                "v": {
                  "t": 1,
                  "a": [
                    {
                      "t": 2,
                      "d": [
                        {
                          "k": "author",
                          "v": {
                            "t": 2,
                            "d": [
                              {
                                "k": "email",
                                "v": "vlad.polyukhov@gmail.com"
                              },
                              {
                                "k": "name",
                                "v": "Vladislav Polyukhov"
                              },
                              {
                                "k": "username",
                                "v": "VVPolyukhov"
                              }
                            ]
                          }
                        },
                        {
                          "k": "committer",
                          "v": {
                            "t": 2,
                            "d": [
                              {
                                "k": "email",
                                "v": "noreply@github.com"
                              },
                              {
                                "k": "name",
                                "v": "GitHub"
                              },
                              {
                                "k": "username",
                                "v": "web-flow"
                              }
                            ]
                          }
                        },
                        {
                          "k": "distinct",
                          "v": true
                        },
                        {
                          "k": "id",
                          "v": "f4ffb63e316e55c81e9f541dd1cf8dd54dc672b6"
                        },
                        {
                          "k": "message",
                          "v": "Update main.yml"
                        },
                        {
                          "k": "timestamp",
                          "v": "2021-06-17T22:36:41+03:00"
                        },
                        {
                          "k": "tree_id",
                          "v": "f89d9305b386c4eaaea431b1bdfa993fca56169b"
                        },
                        {
                          "k": "url",
                          "v": "https://github.com/HSE-NN-SE/final-lab-VVPolyukhov/commit/f4ffb63e316e55c81e9f541dd1cf8dd54dc672b6"
                        }
                      ]
                    }
                  ]
                }
              },
              {
                "k": "compare",
                "v": "https://github.com/HSE-NN-SE/final-lab-VVPolyukhov/compare/7fb891042797...f4ffb63e316e"
              },
              {
                "k": "created",
                "v": false
              },
              {
                "k": "deleted",
                "v": false
              },
              {
                "k": "forced",
                "v": false
              },
              {
                "k": "head_commit",
                "v": {
                  "t": 2,
                  "d": [
                    {
                      "k": "author",
                      "v": {
                        "t": 2,
                        "d": [
                          {
                            "k": "email",
                            "v": "vlad.polyukhov@gmail.com"
                          },
                          {
                            "k": "name",
                            "v": "Vladislav Polyukhov"
                          },
                          {
                            "k": "username",
                            "v": "VVPolyukhov"
                          }
                        ]
                      }
                    },
                    {
                      "k": "committer",
                      "v": {
                        "t": 2,
                        "d": [
                          {
                            "k": "email",
                            "v": "noreply@github.com"
                          },
                          {
                            "k": "name",
                            "v": "GitHub"
                          },
                          {
                            "k": "username",
                            "v": "web-flow"
                          }
                        ]
                      }
                    },
                    {
                      "k": "distinct",
                      "v": true
                    },
                    {
                      "k": "id",
                      "v": "f4ffb63e316e55c81e9f541dd1cf8dd54dc672b6"
                    },
                    {
                      "k": "message",
                      "v": "Update main.yml"
                    },
                    {
                      "k": "timestamp",
                      "v": "2021-06-17T22:36:41+03:00"
                    },
                    {
                      "k": "tree_id",
                      "v": "f89d9305b386c4eaaea431b1bdfa993fca56169b"
                    },
                    {
                      "k": "url",
                      "v": "https://github.com/HSE-NN-SE/final-lab-VVPolyukhov/commit/f4ffb63e316e55c81e9f541dd1cf8dd54dc672b6"
                    }
                  ]
                }
              },
              {
                "k": "organization",
                "v": {
                  "t": 2,
                  "d": [
                    {
                      "k": "avatar_url",
                      "v": "https://avatars.githubusercontent.com/u/59915096?v=4"
                    },
                    {
                      "k": "description",
                      "v": null
                    },
                    {
                      "k": "events_url",
                      "v": "https://api.github.com/orgs/HSE-NN-SE/events"
                    },
                    {
                      "k": "hooks_url",
                      "v": "https://api.github.com/orgs/HSE-NN-SE/hooks"
                    },
                    {
                      "k": "id",
                      "v": 59915096.0
                    },
                    {
                      "k": "issues_url",
                      "v": "https://api.github.com/orgs/HSE-NN-SE/issues"
                    },
                    {
                      "k": "login",
                      "v": "HSE-NN-SE"
                    },
                    {
                      "k": "members_url",
                      "v": "https://api.github.com/orgs/HSE-NN-SE/members{/member}"
                    },
                    {
                      "k": "node_id",
                      "v": "MDEyOk9yZ2FuaXphdGlvbjU5OTE1MDk2"
                    },
                    {
                      "k": "public_members_url",
                      "v": "https://api.github.com/orgs/HSE-NN-SE/public_members{/member}"
                    },
                    {
                      "k": "repos_url",
                      "v": "https://api.github.com/orgs/HSE-NN-SE/repos"
                    },
                    {
                      "k": "url",
                      "v": "https://api.github.com/orgs/HSE-NN-SE"
                    }
                  ]
                }
              },
              {
                "k": "pusher",
                "v": {
                  "t": 2,
                  "d": [
                    {
                      "k": "email",
                      "v": "vlad.polyukhov@gmail.com"
                    },
                    {
                      "k": "name",
                      "v": "VVPolyukhov"
                    }
                  ]
                }
              },
              {
                "k": "ref",
                "v": "refs/heads/main"
              },
              {
                "k": "repository",
                "v": {
                  "t": 2,
                  "d": [
                    {
                      "k": "archive_url",
                      "v": "https://api.github.com/repos/HSE-NN-SE/final-lab-VVPolyukhov/{archive_format}{/ref}"
                    },
                    {
                      "k": "archived",
                      "v": false
                    },
                    {
                      "k": "assignees_url",
                      "v": "https://api.github.com/repos/HSE-NN-SE/final-lab-VVPolyukhov/assignees{/user}"
                    },
                    {
                      "k": "blobs_url",
                      "v": "https://api.github.com/repos/HSE-NN-SE/final-lab-VVPolyukhov/git/blobs{/sha}"
                    },
                    {
                      "k": "branches_url",
                      "v": "https://api.github.com/repos/HSE-NN-SE/final-lab-VVPolyukhov/branches{/branch}"
                    },
                    {
                      "k": "clone_url",
                      "v": "https://github.com/HSE-NN-SE/final-lab-VVPolyukhov.git"
                    },
                    {
                      "k": "collaborators_url",
                      "v": "https://api.github.com/repos/HSE-NN-SE/final-lab-VVPolyukhov/collaborators{/collaborator}"
                    },
                    {
                      "k": "comments_url",
                      "v": "https://api.github.com/repos/HSE-NN-SE/final-lab-VVPolyukhov/comments{/number}"
                    },
                    {
                      "k": "commits_url",
                      "v": "https://api.github.com/repos/HSE-NN-SE/final-lab-VVPolyukhov/commits{/sha}"
                    },
                    {
                      "k": "compare_url",
                      "v": "https://api.github.com/repos/HSE-NN-SE/final-lab-VVPolyukhov/compare/{base}...{head}"
                    },
                    {
                      "k": "contents_url",
                      "v": "https://api.github.com/repos/HSE-NN-SE/final-lab-VVPolyukhov/contents/{+path}"
                    },
                    {
                      "k": "contributors_url",
                      "v": "https://api.github.com/repos/HSE-NN-SE/final-lab-VVPolyukhov/contributors"
                    },
                    {
                      "k": "created_at",
                      "v": 1623949320.0
                    },
                    {
                      "k": "default_branch",
                      "v": "main"
                    },
                    {
                      "k": "deployments_url",
                      "v": "https://api.github.com/repos/HSE-NN-SE/final-lab-VVPolyukhov/deployments"
                    },
                    {
                      "k": "description",
                      "v": "final-lab-VVPolyukhov created by GitHub Classroom"
                    },
                    {
                      "k": "disabled",
                      "v": false
                    },
                    {
                      "k": "downloads_url",
                      "v": "https://api.github.com/repos/HSE-NN-SE/final-lab-VVPolyukhov/downloads"
                    },
                    {
                      "k": "events_url",
                      "v": "https://api.github.com/repos/HSE-NN-SE/final-lab-VVPolyukhov/events"
                    },
                    {
                      "k": "fork",
                      "v": false
                    },
                    {
                      "k": "forks",
                      "v": 0.0
                    },
                    {
                      "k": "forks_count",
                      "v": 0.0
                    },
                    {
                      "k": "forks_url",
                      "v": "https://api.github.com/repos/HSE-NN-SE/final-lab-VVPolyukhov/forks"
                    },
                    {
                      "k": "full_name",
                      "v": "HSE-NN-SE/final-lab-VVPolyukhov"
                    },
                    {
                      "k": "git_commits_url",
                      "v": "https://api.github.com/repos/HSE-NN-SE/final-lab-VVPolyukhov/git/commits{/sha}"
                    },
                    {
                      "k": "git_refs_url",
                      "v": "https://api.github.com/repos/HSE-NN-SE/final-lab-VVPolyukhov/git/refs{/sha}"
                    },
                    {
                      "k": "git_tags_url",
                      "v": "https://api.github.com/repos/HSE-NN-SE/final-lab-VVPolyukhov/git/tags{/sha}"
                    },
                    {
                      "k": "git_url",
                      "v": "git://github.com/HSE-NN-SE/final-lab-VVPolyukhov.git"
                    },
                    {
                      "k": "has_downloads",
                      "v": true
                    },
                    {
                      "k": "has_issues",
                      "v": true
                    },
                    {
                      "k": "has_pages",
                      "v": false
                    },
                    {
                      "k": "has_projects",
                      "v": true
                    },
                    {
                      "k": "has_wiki",
                      "v": true
                    },
                    {
                      "k": "homepage",
                      "v": null
                    },
                    {
                      "k": "hooks_url",
                      "v": "https://api.github.com/repos/HSE-NN-SE/final-lab-VVPolyukhov/hooks"
                    },
                    {
                      "k": "html_url",
                      "v": "https://github.com/HSE-NN-SE/final-lab-VVPolyukhov"
                    },
                    {
                      "k": "id",
                      "v": 377904354.0
                    },
                    {
                      "k": "issue_comment_url",
                      "v": "https://api.github.com/repos/HSE-NN-SE/final-lab-VVPolyukhov/issues/comments{/number}"
                    },
                    {
                      "k": "issue_events_url",
                      "v": "https://api.github.com/repos/HSE-NN-SE/final-lab-VVPolyukhov/issues/events{/number}"
                    },
                    {
                      "k": "issues_url",
                      "v": "https://api.github.com/repos/HSE-NN-SE/final-lab-VVPolyukhov/issues{/number}"
                    },
                    {
                      "k": "keys_url",
                      "v": "https://api.github.com/repos/HSE-NN-SE/final-lab-VVPolyukhov/keys{/key_id}"
                    },
                    {
                      "k": "labels_url",
                      "v": "https://api.github.com/repos/HSE-NN-SE/final-lab-VVPolyukhov/labels{/name}"
                    },
                    {
                      "k": "language",
                      "v": "HTML"
                    },
                    {
                      "k": "languages_url",
                      "v": "https://api.github.com/repos/HSE-NN-SE/final-lab-VVPolyukhov/languages"
                    },
                    {
                      "k": "license",
                      "v": null
                    },
                    {
                      "k": "master_branch",
                      "v": "main"
                    },
                    {
                      "k": "merges_url",
                      "v": "https://api.github.com/repos/HSE-NN-SE/final-lab-VVPolyukhov/merges"
                    },
                    {
                      "k": "milestones_url",
                      "v": "https://api.github.com/repos/HSE-NN-SE/final-lab-VVPolyukhov/milestones{/number}"
                    },
                    {
                      "k": "mirror_url",
                      "v": null
                    },
                    {
                      "k": "name",
                      "v": "final-lab-VVPolyukhov"
                    },
                    {
                      "k": "node_id",
                      "v": "MDEwOlJlcG9zaXRvcnkzNzc5MDQzNTQ="
                    },
                    {
                      "k": "notifications_url",
                      "v": "https://api.github.com/repos/HSE-NN-SE/final-lab-VVPolyukhov/notifications{?since,all,participating}"
                    },
                    {
                      "k": "open_issues",
                      "v": 0.0
                    },
                    {
                      "k": "open_issues_count",
                      "v": 0.0
                    },
                    {
                      "k": "organization",
                      "v": "HSE-NN-SE"
                    },
                    {
                      "k": "owner",
                      "v": {
                        "t": 2,
                        "d": [
                          {
                            "k": "avatar_url",
                            "v": "https://avatars.githubusercontent.com/u/59915096?v=4"
                          },
                          {
                            "k": "email",
                            "v": null
                          },
                          {
                            "k": "events_url",
                            "v": "https://api.github.com/users/HSE-NN-SE/events{/privacy}"
                          },
                          {
                            "k": "followers_url",
                            "v": "https://api.github.com/users/HSE-NN-SE/followers"
                          },
                          {
                            "k": "following_url",
                            "v": "https://api.github.com/users/HSE-NN-SE/following{/other_user}"
                          },
                          {
                            "k": "gists_url",
                            "v": "https://api.github.com/users/HSE-NN-SE/gists{/gist_id}"
                          },
                          {
                            "k": "gravatar_id",
                            "v": ""
                          },
                          {
                            "k": "html_url",
                            "v": "https://github.com/HSE-NN-SE"
                          },
                          {
                            "k": "id",
                            "v": 59915096.0
                          },
                          {
                            "k": "login",
                            "v": "HSE-NN-SE"
                          },
                          {
                            "k": "name",
                            "v": "HSE-NN-SE"
                          },
                          {
                            "k": "node_id",
                            "v": "MDEyOk9yZ2FuaXphdGlvbjU5OTE1MDk2"
                          },
                          {
                            "k": "organizations_url",
                            "v": "https://api.github.com/users/HSE-NN-SE/orgs"
                          },
                          {
                            "k": "received_events_url",
                            "v": "https://api.github.com/users/HSE-NN-SE/received_events"
                          },
                          {
                            "k": "repos_url",
                            "v": "https://api.github.com/users/HSE-NN-SE/repos"
                          },
                          {
                            "k": "site_admin",
                            "v": false
                          },
                          {
                            "k": "starred_url",
                            "v": "https://api.github.com/users/HSE-NN-SE/starred{/owner}{/repo}"
                          },
                          {
                            "k": "subscriptions_url",
                            "v": "https://api.github.com/users/HSE-NN-SE/subscriptions"
                          },
                          {
                            "k": "type",
                            "v": "Organization"
                          },
                          {
                            "k": "url",
                            "v": "https://api.github.com/users/HSE-NN-SE"
                          }
                        ]
                      }
                    },
                    {
                      "k": "private",
                      "v": false
                    },
                    {
                      "k": "pulls_url",
                      "v": "https://api.github.com/repos/HSE-NN-SE/final-lab-VVPolyukhov/pulls{/number}"
                    },
                    {
                      "k": "pushed_at",
                      "v": 1623958601.0
                    },
                    {
                      "k": "releases_url",
                      "v": "https://api.github.com/repos/HSE-NN-SE/final-lab-VVPolyukhov/releases{/id}"
                    },
                    {
                      "k": "size",
                      "v": 9.0
                    },
                    {
                      "k": "ssh_url",
                      "v": "git@github.com:HSE-NN-SE/final-lab-VVPolyukhov.git"
                    },
                    {
                      "k": "stargazers",
                      "v": 0.0
                    },
                    {
                      "k": "stargazers_count",
                      "v": 0.0
                    },
                    {
                      "k": "stargazers_url",
                      "v": "https://api.github.com/repos/HSE-NN-SE/final-lab-VVPolyukhov/stargazers"
                    },
                    {
                      "k": "statuses_url",
                      "v": "https://api.github.com/repos/HSE-NN-SE/final-lab-VVPolyukhov/statuses/{sha}"
                    },
                    {
                      "k": "subscribers_url",
                      "v": "https://api.github.com/repos/HSE-NN-SE/final-lab-VVPolyukhov/subscribers"
                    },
                    {
                      "k": "subscription_url",
                      "v": "https://api.github.com/repos/HSE-NN-SE/final-lab-VVPolyukhov/subscription"
                    },
                    {
                      "k": "svn_url",
                      "v": "https://github.com/HSE-NN-SE/final-lab-VVPolyukhov"
                    },
                    {
                      "k": "tags_url",
                      "v": "https://api.github.com/repos/HSE-NN-SE/final-lab-VVPolyukhov/tags"
                    },
                    {
                      "k": "teams_url",
                      "v": "https://api.github.com/repos/HSE-NN-SE/final-lab-VVPolyukhov/teams"
                    },
                    {
                      "k": "trees_url",
                      "v": "https://api.github.com/repos/HSE-NN-SE/final-lab-VVPolyukhov/git/trees{/sha}"
                    },
                    {
                      "k": "updated_at",
                      "v": "2021-06-17T19:29:19Z"
                    },
                    {
                      "k": "url",
                      "v": "https://github.com/HSE-NN-SE/final-lab-VVPolyukhov"
                    },
                    {
                      "k": "watchers",
                      "v": 0.0
                    },
                    {
                      "k": "watchers_count",
                      "v": 0.0
                    }
                  ]
                }
              },
              {
                "k": "sender",
                "v": {
                  "t": 2,
                  "d": [
                    {
                      "k": "avatar_url",
                      "v": "https://avatars.githubusercontent.com/u/55387298?v=4"
                    },
                    {
                      "k": "events_url",
                      "v": "https://api.github.com/users/VVPolyukhov/events{/privacy}"
                    },
                    {
                      "k": "followers_url",
                      "v": "https://api.github.com/users/VVPolyukhov/followers"
                    },
                    {
                      "k": "following_url",
                      "v": "https://api.github.com/users/VVPolyukhov/following{/other_user}"
                    },
                    {
                      "k": "gists_url",
                      "v": "https://api.github.com/users/VVPolyukhov/gists{/gist_id}"
                    },
                    {
                      "k": "gravatar_id",
                      "v": ""
                    },
                    {
                      "k": "html_url",
                      "v": "https://github.com/VVPolyukhov"
                    },
                    {
                      "k": "id",
                      "v": 55387298.0
                    },
                    {
                      "k": "login",
                      "v": "VVPolyukhov"
                    },
                    {
                      "k": "node_id",
                      "v": "MDQ6VXNlcjU1Mzg3Mjk4"
                    },
                    {
                      "k": "organizations_url",
                      "v": "https://api.github.com/users/VVPolyukhov/orgs"
                    },
                    {
                      "k": "received_events_url",
                      "v": "https://api.github.com/users/VVPolyukhov/received_events"
                    },
                    {
                      "k": "repos_url",
                      "v": "https://api.github.com/users/VVPolyukhov/repos"
                    },
                    {
                      "k": "site_admin",
                      "v": false
                    },
                    {
                      "k": "starred_url",
                      "v": "https://api.github.com/users/VVPolyukhov/starred{/owner}{/repo}"
                    },
                    {
                      "k": "subscriptions_url",
                      "v": "https://api.github.com/users/VVPolyukhov/subscriptions"
                    },
                    {
                      "k": "type",
                      "v": "User"
                    },
                    {
                      "k": "url",
                      "v": "https://api.github.com/users/VVPolyukhov"
                    }
                  ]
                }
              }
            ]
          }
        },
        {
          "k": "server_url",
          "v": "https://github.com"
        },
        {
          "k": "api_url",
          "v": "https://api.github.com"
        },
        {
          "k": "graphql_url",
          "v": "https://api.github.com/graphql"
        }
      ]
    },
    "needs": {
      "t": 2,
      "d": [
        {
          "k": "Tests",
          "v": {
            "t": 2,
            "d": [
              {
                "k": "result",
                "v": "success"
              },
              {
                "k": "outputs",
                "v": {
                  "t": 2
                }
              }
            ]
          }
        }
      ]
    },
    "matrix": null,
    "strategy": {
      "t": 2,
      "d": [
        {
          "k": "fail-fast",
          "v": true
        },
        {
          "k": "job-index",
          "v": 0.0
        },
        {
          "k": "job-total",
          "v": 1.0
        },
        {
          "k": "max-parallel",
          "v": 1.0
        }
      ]
    }
  }
}
[2021-06-17 19:37:26Z INFO JobRunner] Job ID 1c8ce01e-97de-5be9-a863-648419f09741
[2021-06-17 19:37:26Z INFO JobRunner] Creating job server with URL: https://pipelines.actions.githubusercontent.com/OmjY0MEUd91qA8nyXf29HIHTtHdnQWVcGWAg6pgXxV8xsCM2Gp/
[2021-06-17 19:37:26Z INFO GitHubActionsService] Starting operation Location.GetConnectionData
[2021-06-17 19:37:26Z INFO Worker] Listening for cancel message from the channel.
[2021-06-17 19:37:26Z INFO Worker] Waiting for the job to complete or for a cancel message from the channel.
[2021-06-17 19:37:27Z INFO GitHubActionsService] Finished operation Location.GetConnectionData
[2021-06-17 19:37:27Z INFO JobServerQueue] Start process web console line queue.
[2021-06-17 19:37:27Z INFO JobServerQueue] Start process file upload queue.
[2021-06-17 19:37:27Z INFO JobServerQueue] Start process timeline update queue.
[2021-06-17 19:37:27Z INFO ExecutionContext] Initialize GitHub context
[2021-06-17 19:37:27Z INFO ExecutionContext] Initialize Env context
[2021-06-17 19:37:27Z INFO ConfigurationStore] currentAssemblyLocation: /home/user/final-lab-VVPolyukhov/actions-runner/bin/Runner.Worker.dll
[2021-06-17 19:37:27Z INFO HostContext] Well known directory 'Bin': '/home/user/final-lab-VVPolyukhov/actions-runner/bin'
[2021-06-17 19:37:27Z INFO ConfigurationStore] binPath: /home/user/final-lab-VVPolyukhov/actions-runner/bin
[2021-06-17 19:37:27Z INFO HostContext] Well known directory 'Bin': '/home/user/final-lab-VVPolyukhov/actions-runner/bin'
[2021-06-17 19:37:27Z INFO HostContext] Well known directory 'Root': '/home/user/final-lab-VVPolyukhov/actions-runner'
[2021-06-17 19:37:27Z INFO ConfigurationStore] RootFolder: /home/user/final-lab-VVPolyukhov/actions-runner
[2021-06-17 19:37:27Z INFO HostContext] Well known directory 'Bin': '/home/user/final-lab-VVPolyukhov/actions-runner/bin'
[2021-06-17 19:37:27Z INFO HostContext] Well known directory 'Root': '/home/user/final-lab-VVPolyukhov/actions-runner'
[2021-06-17 19:37:27Z INFO HostContext] Well known config file 'Runner': '/home/user/final-lab-VVPolyukhov/actions-runner/.runner'
[2021-06-17 19:37:27Z INFO ConfigurationStore] ConfigFilePath: /home/user/final-lab-VVPolyukhov/actions-runner/.runner
[2021-06-17 19:37:27Z INFO HostContext] Well known directory 'Bin': '/home/user/final-lab-VVPolyukhov/actions-runner/bin'
[2021-06-17 19:37:27Z INFO HostContext] Well known directory 'Root': '/home/user/final-lab-VVPolyukhov/actions-runner'
[2021-06-17 19:37:27Z INFO HostContext] Well known config file 'Credentials': '/home/user/final-lab-VVPolyukhov/actions-runner/.credentials'
[2021-06-17 19:37:27Z INFO ConfigurationStore] CredFilePath: /home/user/final-lab-VVPolyukhov/actions-runner/.credentials
[2021-06-17 19:37:27Z INFO HostContext] Well known directory 'Bin': '/home/user/final-lab-VVPolyukhov/actions-runner/bin'
[2021-06-17 19:37:27Z INFO HostContext] Well known directory 'Root': '/home/user/final-lab-VVPolyukhov/actions-runner'
[2021-06-17 19:37:27Z INFO HostContext] Well known config file 'MigratedCredentials': '/home/user/final-lab-VVPolyukhov/actions-runner/.credentials_migrated'
[2021-06-17 19:37:27Z INFO ConfigurationStore] MigratedCredFilePath: /home/user/final-lab-VVPolyukhov/actions-runner/.credentials_migrated
[2021-06-17 19:37:27Z INFO HostContext] Well known directory 'Bin': '/home/user/final-lab-VVPolyukhov/actions-runner/bin'
[2021-06-17 19:37:27Z INFO HostContext] Well known directory 'Root': '/home/user/final-lab-VVPolyukhov/actions-runner'
[2021-06-17 19:37:27Z INFO HostContext] Well known config file 'Service': '/home/user/final-lab-VVPolyukhov/actions-runner/.service'
[2021-06-17 19:37:27Z INFO ConfigurationStore] ServiceConfigFilePath: /home/user/final-lab-VVPolyukhov/actions-runner/.service
[2021-06-17 19:37:27Z INFO ConfigurationStore] Read setting file: 292 chars
[2021-06-17 19:37:27Z INFO HostContext] Well known directory 'Bin': '/home/user/final-lab-VVPolyukhov/actions-runner/bin'
[2021-06-17 19:37:27Z INFO HostContext] Well known directory 'Root': '/home/user/final-lab-VVPolyukhov/actions-runner'
[2021-06-17 19:37:27Z INFO HostContext] Well known directory 'Diag': '/home/user/final-lab-VVPolyukhov/actions-runner/_diag'
[2021-06-17 19:37:27Z INFO JobRunner] Starting the job execution context.
[2021-06-17 19:37:27Z INFO HostContext] Well known directory 'Bin': '/home/user/final-lab-VVPolyukhov/actions-runner/bin'
[2021-06-17 19:37:27Z INFO HostContext] Well known directory 'Root': '/home/user/final-lab-VVPolyukhov/actions-runner'
[2021-06-17 19:37:27Z INFO HostContext] Well known directory 'Work': '/home/user/final-lab-VVPolyukhov/actions-runner/app'
[2021-06-17 19:37:27Z INFO JobRunner] Validating directory permissions for: '/home/user/final-lab-VVPolyukhov/actions-runner/app'
[2021-06-17 19:37:27Z INFO HostContext] Well known directory 'Bin': '/home/user/final-lab-VVPolyukhov/actions-runner/bin'
[2021-06-17 19:37:27Z INFO HostContext] Well known directory 'Root': '/home/user/final-lab-VVPolyukhov/actions-runner'
[2021-06-17 19:37:27Z INFO HostContext] Well known directory 'Work': '/home/user/final-lab-VVPolyukhov/actions-runner/app'
[2021-06-17 19:37:27Z INFO HostContext] Well known directory 'Tools': '/home/user/final-lab-VVPolyukhov/actions-runner/app/_tool'
[2021-06-17 19:37:27Z INFO HostContext] Well known directory 'Bin': '/home/user/final-lab-VVPolyukhov/actions-runner/bin'
[2021-06-17 19:37:27Z INFO HostContext] Well known directory 'Root': '/home/user/final-lab-VVPolyukhov/actions-runner'
[2021-06-17 19:37:27Z INFO HostContext] Well known directory 'Work': '/home/user/final-lab-VVPolyukhov/actions-runner/app'
[2021-06-17 19:37:27Z INFO HostContext] Well known directory 'Temp': '/home/user/final-lab-VVPolyukhov/actions-runner/app/_temp'
[2021-06-17 19:37:27Z INFO JobRunner] Getting job extension.
[2021-06-17 19:37:27Z INFO JobRunner] Initialize job. Getting all job steps.
[2021-06-17 19:37:27Z INFO HostContext] Well known directory 'Bin': '/home/user/final-lab-VVPolyukhov/actions-runner/bin'
[2021-06-17 19:37:27Z INFO HostContext] Well known directory 'Root': '/home/user/final-lab-VVPolyukhov/actions-runner'
[2021-06-17 19:37:27Z INFO HostContext] Well known directory 'Diag': '/home/user/final-lab-VVPolyukhov/actions-runner/_diag'
[2021-06-17 19:37:27Z INFO HostContext] Well known directory 'Bin': '/home/user/final-lab-VVPolyukhov/actions-runner/bin'
[2021-06-17 19:37:27Z INFO HostContext] Well known directory 'Root': '/home/user/final-lab-VVPolyukhov/actions-runner'
[2021-06-17 19:37:27Z INFO HostContext] Well known config file 'Credentials': '/home/user/final-lab-VVPolyukhov/actions-runner/.credentials'
[2021-06-17 19:37:27Z INFO HostContext] Well known directory 'Bin': '/home/user/final-lab-VVPolyukhov/actions-runner/bin'
[2021-06-17 19:37:27Z INFO HostContext] Well known directory 'Root': '/home/user/final-lab-VVPolyukhov/actions-runner'
[2021-06-17 19:37:27Z INFO HostContext] Well known config file 'SetupInfo': '/home/user/final-lab-VVPolyukhov/actions-runner/.setup_info'
[2021-06-17 19:37:27Z INFO HostContext] Well known directory 'Bin': '/home/user/final-lab-VVPolyukhov/actions-runner/bin'
[2021-06-17 19:37:27Z INFO HostContext] Well known directory 'Root': '/home/user/final-lab-VVPolyukhov/actions-runner'
[2021-06-17 19:37:27Z INFO HostContext] Well known directory 'Work': '/home/user/final-lab-VVPolyukhov/actions-runner/app'
[2021-06-17 19:37:27Z INFO PipelineDirectoryManager] Loading tracking config if exists: /home/user/final-lab-VVPolyukhov/actions-runner/app/_PipelineMapping/HSE-NN-SE/final-lab-VVPolyukhov/PipelineFolder.json
[2021-06-17 19:37:27Z INFO PipelineDirectoryManager] Updating job run properties.
[2021-06-17 19:37:27Z INFO HostContext] Well known directory 'Bin': '/home/user/final-lab-VVPolyukhov/actions-runner/bin'
[2021-06-17 19:37:27Z INFO HostContext] Well known directory 'Root': '/home/user/final-lab-VVPolyukhov/actions-runner'
[2021-06-17 19:37:27Z INFO HostContext] Well known directory 'Work': '/home/user/final-lab-VVPolyukhov/actions-runner/app'
[2021-06-17 19:37:27Z INFO HostContext] Well known directory 'Bin': '/home/user/final-lab-VVPolyukhov/actions-runner/bin'
[2021-06-17 19:37:27Z INFO HostContext] Well known directory 'Root': '/home/user/final-lab-VVPolyukhov/actions-runner'
[2021-06-17 19:37:27Z INFO HostContext] Well known directory 'Work': '/home/user/final-lab-VVPolyukhov/actions-runner/app'
[2021-06-17 19:37:27Z INFO HostContext] Well known directory 'Bin': '/home/user/final-lab-VVPolyukhov/actions-runner/bin'
[2021-06-17 19:37:27Z INFO HostContext] Well known directory 'Root': '/home/user/final-lab-VVPolyukhov/actions-runner'
[2021-06-17 19:37:27Z INFO HostContext] Well known directory 'Work': '/home/user/final-lab-VVPolyukhov/actions-runner/app'
[2021-06-17 19:37:27Z INFO JobExtension] Downloading actions
[2021-06-17 19:37:27Z INFO HostContext] Well known directory 'Bin': '/home/user/final-lab-VVPolyukhov/actions-runner/bin'
[2021-06-17 19:37:27Z INFO HostContext] Well known directory 'Root': '/home/user/final-lab-VVPolyukhov/actions-runner'
[2021-06-17 19:37:27Z INFO HostContext] Well known directory 'Work': '/home/user/final-lab-VVPolyukhov/actions-runner/app'
[2021-06-17 19:37:27Z INFO HostContext] Well known directory 'Actions': '/home/user/final-lab-VVPolyukhov/actions-runner/app/_actions'
[2021-06-17 19:37:28Z INFO HostContext] Well known directory 'Bin': '/home/user/final-lab-VVPolyukhov/actions-runner/bin'
[2021-06-17 19:37:28Z INFO HostContext] Well known directory 'Root': '/home/user/final-lab-VVPolyukhov/actions-runner'
[2021-06-17 19:37:28Z INFO HostContext] Well known directory 'Work': '/home/user/final-lab-VVPolyukhov/actions-runner/app'
[2021-06-17 19:37:28Z INFO HostContext] Well known directory 'Actions': '/home/user/final-lab-VVPolyukhov/actions-runner/app/_actions'
[2021-06-17 19:37:28Z INFO HostContext] Well known directory 'Bin': '/home/user/final-lab-VVPolyukhov/actions-runner/bin'
[2021-06-17 19:37:28Z INFO HostContext] Well known directory 'Root': '/home/user/final-lab-VVPolyukhov/actions-runner'
[2021-06-17 19:37:28Z INFO HostContext] Well known directory 'Work': '/home/user/final-lab-VVPolyukhov/actions-runner/app'
[2021-06-17 19:37:28Z INFO HostContext] Well known directory 'Actions': '/home/user/final-lab-VVPolyukhov/actions-runner/app/_actions'
[2021-06-17 19:37:28Z INFO ActionManager] Save archive 'https://api.github.com/repos/actions/checkout/tarball/5a4ac9002d0be2fb38bd78e4b4dbde5606d7042f' into /home/user/final-lab-VVPolyukhov/actions-runner/app/_actions/_temp_df82492f-c08f-4735-800e-ec1eefe8313c/6219a184-1afc-4a70-8f3a-7d6e2d860a84.tar.gz.
[2021-06-17 19:37:28Z INFO JobServerQueue] Try to append 1 batches web console lines for record 'c120ec96-0d67-4ab0-86f6-1166754ff568', success rate: 1/1.
[2021-06-17 19:37:28Z INFO JobServerQueue] Try to append 1 batches web console lines for record 'c120ec96-0d67-4ab0-86f6-1166754ff568', success rate: 1/1.
[2021-06-17 19:37:28Z INFO ActionManager] Which: 'tar'
[2021-06-17 19:37:28Z INFO ActionManager] Location: '/usr/bin/tar'
[2021-06-17 19:37:28Z INFO ProcessInvokerWrapper] Starting process:
[2021-06-17 19:37:28Z INFO ProcessInvokerWrapper]   File name: '/usr/bin/tar'
[2021-06-17 19:37:28Z INFO ProcessInvokerWrapper]   Arguments: '-xzf "/home/user/final-lab-VVPolyukhov/actions-runner/app/_actions/_temp_df82492f-c08f-4735-800e-ec1eefe8313c/6219a184-1afc-4a70-8f3a-7d6e2d860a84.tar.gz"'
[2021-06-17 19:37:28Z INFO ProcessInvokerWrapper]   Working directory: '/home/user/final-lab-VVPolyukhov/actions-runner/app/_actions/_temp_df82492f-c08f-4735-800e-ec1eefe8313c/_staging'
[2021-06-17 19:37:28Z INFO ProcessInvokerWrapper]   Require exit code zero: 'False'
[2021-06-17 19:37:28Z INFO ProcessInvokerWrapper]   Encoding web name:  ; code page: ''
[2021-06-17 19:37:28Z INFO ProcessInvokerWrapper]   Force kill process on cancellation: 'False'
[2021-06-17 19:37:28Z INFO ProcessInvokerWrapper]   Redirected STDIN: 'False'
[2021-06-17 19:37:28Z INFO ProcessInvokerWrapper]   Persist current code page: 'False'
[2021-06-17 19:37:28Z INFO ProcessInvokerWrapper]   Keep redirected STDIN open: 'False'
[2021-06-17 19:37:28Z INFO ProcessInvokerWrapper]   High priority process: 'False'
[2021-06-17 19:37:28Z INFO ProcessInvokerWrapper] Updated oom_score_adj to 500 for PID: 24408.
[2021-06-17 19:37:28Z INFO ProcessInvokerWrapper] Process started with process id 24408, waiting for process exit.
[2021-06-17 19:37:28Z INFO ProcessInvokerWrapper] STDOUT/STDERR stream read finished.
[2021-06-17 19:37:28Z INFO ProcessInvokerWrapper] STDOUT/STDERR stream read finished.
[2021-06-17 19:37:28Z INFO ProcessInvokerWrapper] Finished process 24408 with exit code 0, and elapsed time 00:00:00.0218858.
[2021-06-17 19:37:29Z INFO ActionManager] Finished getting action repository.
[2021-06-17 19:37:29Z INFO HostContext] Well known directory 'Bin': '/home/user/final-lab-VVPolyukhov/actions-runner/bin'
[2021-06-17 19:37:29Z INFO HostContext] Well known directory 'Root': '/home/user/final-lab-VVPolyukhov/actions-runner'
[2021-06-17 19:37:29Z INFO HostContext] Well known directory 'Work': '/home/user/final-lab-VVPolyukhov/actions-runner/app'
[2021-06-17 19:37:29Z INFO HostContext] Well known directory 'Actions': '/home/user/final-lab-VVPolyukhov/actions-runner/app/_actions'
[2021-06-17 19:37:29Z INFO ActionManifestManager] Load schema file with definitions: [
  "null",
  "boolean",
  "number",
  "string",
  "sequence",
  "mapping",
  "any",
  "action-root",
  "inputs",
  "input",
  "outputs",
  "outputs-attributes",
  "runs",
  "container-runs",
  "container-runs-args",
  "container-runs-env",
  "node12-runs",
  "plugin-runs",
  "composite-runs",
  "composite-steps",
  "composite-step",
  "container-runs-context",
  "output-value",
  "input-default-context",
  "non-empty-string",
  "string-steps-context",
  "step-env"
]
[2021-06-17 19:37:29Z INFO HostContext] Well known directory 'Bin': '/home/user/final-lab-VVPolyukhov/actions-runner/bin'
[2021-06-17 19:37:29Z INFO HostContext] Well known directory 'Root': '/home/user/final-lab-VVPolyukhov/actions-runner'
[2021-06-17 19:37:29Z INFO HostContext] Well known directory 'Work': '/home/user/final-lab-VVPolyukhov/actions-runner/app'
[2021-06-17 19:37:29Z INFO HostContext] Well known directory 'Actions': '/home/user/final-lab-VVPolyukhov/actions-runner/app/_actions'
[2021-06-17 19:37:29Z INFO ActionManifestManager] Loaded action.yml file: {
  "name": "Checkout",
  "description": "Checkout a Git repository at a particular version",
  "inputs": {
    "type": 2,
    "map": [
      {
        "key": {
          "type": 0,
          "file": 2,
          "line": 4,
          "col": 3,
          "lit": "repository"
        },
        "value": {
          "type": 3,
          "file": 2,
          "line": 6,
          "col": 14,
          "expr": "github.repository"
        }
      },
      {
        "key": {
          "type": 0,
          "file": 2,
          "line": 7,
          "col": 3,
          "lit": "ref"
        },
        "value": ""
      },
      {
        "key": {
          "type": 0,
          "file": 2,
          "line": 12,
          "col": 3,
          "lit": "token"
        },
        "value": {
          "type": 3,
          "file": 2,
          "line": 24,
          "col": 14,
          "expr": "github.token"
        }
      },
      {
        "key": {
          "type": 0,
          "file": 2,
          "line": 25,
          "col": 3,
          "lit": "ssh-key"
        },
        "value": ""
      },
      {
        "key": {
          "type": 0,
          "file": 2,
          "line": 37,
          "col": 3,
          "lit": "ssh-known-hosts"
        },
        "value": ""
      },
      {
        "key": {
          "type": 0,
          "file": 2,
          "line": 42,
          "col": 3,
          "lit": "ssh-strict"
        },
        "value": {
          "type": 0,
          "file": 2,
          "line": 47,
          "col": 14,
          "lit": "true"
        }
      },
      {
        "key": {
          "type": 0,
          "file": 2,
          "line": 48,
          "col": 3,
          "lit": "persist-credentials"
        },
        "value": {
          "type": 0,
          "file": 2,
          "line": 50,
          "col": 14,
          "lit": "true"
        }
      },
      {
        "key": {
          "type": 0,
          "file": 2,
          "line": 51,
          "col": 3,
          "lit": "path"
        },
        "value": ""
      },
      {
        "key": {
          "type": 0,
          "file": 2,
          "line": 53,
          "col": 3,
          "lit": "clean"
        },
        "value": {
          "type": 0,
          "file": 2,
          "line": 55,
          "col": 14,
          "lit": "true"
        }
      },
      {
        "key": {
          "type": 0,
          "file": 2,
          "line": 56,
          "col": 3,
          "lit": "fetch-depth"
        },
        "value": {
          "type": 0,
          "file": 2,
          "line": 58,
          "col": 14,
          "lit": "1"
        }
      },
      {
        "key": {
          "type": 0,
          "file": 2,
          "line": 59,
          "col": 3,
          "lit": "lfs"
        },
        "value": {
          "type": 0,
          "file": 2,
          "line": 61,
          "col": 14,
          "lit": "false"
        }
      },
      {
        "key": {
          "type": 0,
          "file": 2,
          "line": 62,
          "col": 3,
          "lit": "submodules"
        },
        "value": {
          "type": 0,
          "file": 2,
          "line": 70,
          "col": 14,
          "lit": "false"
        }
      }
    ]
  },
  "execution": {
    "executionType": "nodeJS",
    "hasPre": false,
    "hasPost": true,
    "script": "dist/index.js",
    "pre": null,
    "post": "dist/index.js",
    "cleanupCondition": "always()",
    "initCondition": "always()"
  },
  "deprecated": null
}
[2021-06-17 19:37:29Z INFO ActionManager] Action node.js file: dist/index.js, no more preparation.
[2021-06-17 19:37:29Z INFO HostContext] Well known directory 'Bin': '/home/user/final-lab-VVPolyukhov/actions-runner/bin'
[2021-06-17 19:37:29Z INFO HostContext] Well known directory 'Root': '/home/user/final-lab-VVPolyukhov/actions-runner'
[2021-06-17 19:37:29Z INFO HostContext] Well known directory 'Work': '/home/user/final-lab-VVPolyukhov/actions-runner/app'
[2021-06-17 19:37:29Z INFO HostContext] Well known directory 'Actions': '/home/user/final-lab-VVPolyukhov/actions-runner/app/_actions'
[2021-06-17 19:37:29Z INFO ActionManager] Load action that reference repository from '/home/user/final-lab-VVPolyukhov/actions-runner/app/_actions/actions/checkout/v2'
[2021-06-17 19:37:29Z INFO HostContext] Well known directory 'Bin': '/home/user/final-lab-VVPolyukhov/actions-runner/bin'
[2021-06-17 19:37:29Z INFO HostContext] Well known directory 'Root': '/home/user/final-lab-VVPolyukhov/actions-runner'
[2021-06-17 19:37:29Z INFO HostContext] Well known directory 'Work': '/home/user/final-lab-VVPolyukhov/actions-runner/app'
[2021-06-17 19:37:29Z INFO HostContext] Well known directory 'Actions': '/home/user/final-lab-VVPolyukhov/actions-runner/app/_actions'
[2021-06-17 19:37:29Z INFO ActionManifestManager] Loaded action.yml file: {
  "name": "Checkout",
  "description": "Checkout a Git repository at a particular version",
  "inputs": {
    "type": 2,
    "map": [
      {
        "key": {
          "type": 0,
          "file": 2,
          "line": 4,
          "col": 3,
          "lit": "repository"
        },
        "value": {
          "type": 3,
          "file": 2,
          "line": 6,
          "col": 14,
          "expr": "github.repository"
        }
      },
      {
        "key": {
          "type": 0,
          "file": 2,
          "line": 7,
          "col": 3,
          "lit": "ref"
        },
        "value": ""
      },
      {
        "key": {
          "type": 0,
          "file": 2,
          "line": 12,
          "col": 3,
          "lit": "token"
        },
        "value": {
          "type": 3,
          "file": 2,
          "line": 24,
          "col": 14,
          "expr": "github.token"
        }
      },
      {
        "key": {
          "type": 0,
          "file": 2,
          "line": 25,
          "col": 3,
          "lit": "ssh-key"
        },
        "value": ""
      },
      {
        "key": {
          "type": 0,
          "file": 2,
          "line": 37,
          "col": 3,
          "lit": "ssh-known-hosts"
        },
        "value": ""
      },
      {
        "key": {
          "type": 0,
          "file": 2,
          "line": 42,
          "col": 3,
          "lit": "ssh-strict"
        },
        "value": {
          "type": 0,
          "file": 2,
          "line": 47,
          "col": 14,
          "lit": "true"
        }
      },
      {
        "key": {
          "type": 0,
          "file": 2,
          "line": 48,
          "col": 3,
          "lit": "persist-credentials"
        },
        "value": {
          "type": 0,
          "file": 2,
          "line": 50,
          "col": 14,
          "lit": "true"
        }
      },
      {
        "key": {
          "type": 0,
          "file": 2,
          "line": 51,
          "col": 3,
          "lit": "path"
        },
        "value": ""
      },
      {
        "key": {
          "type": 0,
          "file": 2,
          "line": 53,
          "col": 3,
          "lit": "clean"
        },
        "value": {
          "type": 0,
          "file": 2,
          "line": 55,
          "col": 14,
          "lit": "true"
        }
      },
      {
        "key": {
          "type": 0,
          "file": 2,
          "line": 56,
          "col": 3,
          "lit": "fetch-depth"
        },
        "value": {
          "type": 0,
          "file": 2,
          "line": 58,
          "col": 14,
          "lit": "1"
        }
      },
      {
        "key": {
          "type": 0,
          "file": 2,
          "line": 59,
          "col": 3,
          "lit": "lfs"
        },
        "value": {
          "type": 0,
          "file": 2,
          "line": 61,
          "col": 14,
          "lit": "false"
        }
      },
      {
        "key": {
          "type": 0,
          "file": 2,
          "line": 62,
          "col": 3,
          "lit": "submodules"
        },
        "value": {
          "type": 0,
          "file": 2,
          "line": 70,
          "col": 14,
          "lit": "false"
        }
      }
    ]
  },
  "execution": {
    "executionType": "nodeJS",
    "hasPre": false,
    "hasPost": true,
    "script": "dist/index.js",
    "pre": null,
    "post": "dist/index.js",
    "cleanupCondition": "always()",
    "initCondition": "always()"
  },
  "deprecated": null
}
[2021-06-17 19:37:29Z INFO ActionManager] Action pre node.js file: N/A.
[2021-06-17 19:37:29Z INFO ActionManager] Action node.js file: dist/index.js.
[2021-06-17 19:37:29Z INFO ActionManager] Action post node.js file: dist/index.js.
[2021-06-17 19:37:29Z INFO JobExtension] Adding .
[2021-06-17 19:37:29Z INFO JobExtension] Adding .
[2021-06-17 19:37:29Z INFO HostContext] Well known directory 'Bin': '/home/user/final-lab-VVPolyukhov/actions-runner/bin'
[2021-06-17 19:37:29Z INFO HostContext] Well known directory 'Root': '/home/user/final-lab-VVPolyukhov/actions-runner'
[2021-06-17 19:37:29Z INFO HostContext] Well known directory 'Diag': '/home/user/final-lab-VVPolyukhov/actions-runner/_diag'
[2021-06-17 19:37:29Z INFO HostContext] Well known directory 'Bin': '/home/user/final-lab-VVPolyukhov/actions-runner/bin'
[2021-06-17 19:37:29Z INFO HostContext] Well known directory 'Root': '/home/user/final-lab-VVPolyukhov/actions-runner'
[2021-06-17 19:37:29Z INFO HostContext] Well known directory 'Diag': '/home/user/final-lab-VVPolyukhov/actions-runner/_diag'
[2021-06-17 19:37:29Z INFO JobExtension] Total accessible running process: 320.
[2021-06-17 19:37:29Z INFO HostContext] Well known directory 'Bin': '/home/user/final-lab-VVPolyukhov/actions-runner/bin'
[2021-06-17 19:37:29Z INFO HostContext] Well known directory 'Root': '/home/user/final-lab-VVPolyukhov/actions-runner'
[2021-06-17 19:37:29Z INFO HostContext] Well known directory 'Work': '/home/user/final-lab-VVPolyukhov/actions-runner/app'
[2021-06-17 19:37:29Z INFO JobRunner] Total job steps: 2.
[2021-06-17 19:37:29Z INFO JobRunner] Run all job steps.
[2021-06-17 19:37:29Z INFO StepsRunner] Processing step: DisplayName='Run actions/checkout@v2'
[2021-06-17 19:37:29Z INFO StepsRunner] Initialize Env context for step
[2021-06-17 19:37:29Z INFO StepsRunner] Evaluating: success()
[2021-06-17 19:37:29Z INFO StepsRunner] Result: true
[2021-06-17 19:37:29Z INFO StepsRunner] Starting the step.
[2021-06-17 19:37:29Z INFO HostContext] Well known directory 'Bin': '/home/user/final-lab-VVPolyukhov/actions-runner/bin'
[2021-06-17 19:37:29Z INFO HostContext] Well known directory 'Root': '/home/user/final-lab-VVPolyukhov/actions-runner'
[2021-06-17 19:37:29Z INFO HostContext] Well known directory 'Work': '/home/user/final-lab-VVPolyukhov/actions-runner/app'
[2021-06-17 19:37:29Z INFO HostContext] Well known directory 'Actions': '/home/user/final-lab-VVPolyukhov/actions-runner/app/_actions'
[2021-06-17 19:37:29Z INFO ActionManager] Load action that reference repository from '/home/user/final-lab-VVPolyukhov/actions-runner/app/_actions/actions/checkout/v2'
[2021-06-17 19:37:29Z INFO HostContext] Well known directory 'Bin': '/home/user/final-lab-VVPolyukhov/actions-runner/bin'
[2021-06-17 19:37:29Z INFO HostContext] Well known directory 'Root': '/home/user/final-lab-VVPolyukhov/actions-runner'
[2021-06-17 19:37:29Z INFO HostContext] Well known directory 'Work': '/home/user/final-lab-VVPolyukhov/actions-runner/app'
[2021-06-17 19:37:29Z INFO HostContext] Well known directory 'Actions': '/home/user/final-lab-VVPolyukhov/actions-runner/app/_actions'
[2021-06-17 19:37:29Z INFO ActionManifestManager] Loaded action.yml file: {
  "name": "Checkout",
  "description": "Checkout a Git repository at a particular version",
  "inputs": {
    "type": 2,
    "map": [
      {
        "key": {
          "type": 0,
          "file": 2,
          "line": 4,
          "col": 3,
          "lit": "repository"
        },
        "value": {
          "type": 3,
          "file": 2,
          "line": 6,
          "col": 14,
          "expr": "github.repository"
        }
      },
      {
        "key": {
          "type": 0,
          "file": 2,
          "line": 7,
          "col": 3,
          "lit": "ref"
        },
        "value": ""
      },
      {
        "key": {
          "type": 0,
          "file": 2,
          "line": 12,
          "col": 3,
          "lit": "token"
        },
        "value": {
          "type": 3,
          "file": 2,
          "line": 24,
          "col": 14,
          "expr": "github.token"
        }
      },
      {
        "key": {
          "type": 0,
          "file": 2,
          "line": 25,
          "col": 3,
          "lit": "ssh-key"
        },
        "value": ""
      },
      {
        "key": {
          "type": 0,
          "file": 2,
          "line": 37,
          "col": 3,
          "lit": "ssh-known-hosts"
        },
        "value": ""
      },
      {
        "key": {
          "type": 0,
          "file": 2,
          "line": 42,
          "col": 3,
          "lit": "ssh-strict"
        },
        "value": {
          "type": 0,
          "file": 2,
          "line": 47,
          "col": 14,
          "lit": "true"
        }
      },
      {
        "key": {
          "type": 0,
          "file": 2,
          "line": 48,
          "col": 3,
          "lit": "persist-credentials"
        },
        "value": {
          "type": 0,
          "file": 2,
          "line": 50,
          "col": 14,
          "lit": "true"
        }
      },
      {
        "key": {
          "type": 0,
          "file": 2,
          "line": 51,
          "col": 3,
          "lit": "path"
        },
        "value": ""
      },
      {
        "key": {
          "type": 0,
          "file": 2,
          "line": 53,
          "col": 3,
          "lit": "clean"
        },
        "value": {
          "type": 0,
          "file": 2,
          "line": 55,
          "col": 14,
          "lit": "true"
        }
      },
      {
        "key": {
          "type": 0,
          "file": 2,
          "line": 56,
          "col": 3,
          "lit": "fetch-depth"
        },
        "value": {
          "type": 0,
          "file": 2,
          "line": 58,
          "col": 14,
          "lit": "1"
        }
      },
      {
        "key": {
          "type": 0,
          "file": 2,
          "line": 59,
          "col": 3,
          "lit": "lfs"
        },
        "value": {
          "type": 0,
          "file": 2,
          "line": 61,
          "col": 14,
          "lit": "false"
        }
      },
      {
        "key": {
          "type": 0,
          "file": 2,
          "line": 62,
          "col": 3,
          "lit": "submodules"
        },
        "value": {
          "type": 0,
          "file": 2,
          "line": 70,
          "col": 14,
          "lit": "false"
        }
      }
    ]
  },
  "execution": {
    "executionType": "nodeJS",
    "hasPre": false,
    "hasPost": true,
    "script": "dist/index.js",
    "pre": null,
    "post": "dist/index.js",
    "cleanupCondition": "always()",
    "initCondition": "always()"
  },
  "deprecated": null
}
[2021-06-17 19:37:29Z INFO ActionManager] Action pre node.js file: N/A.
[2021-06-17 19:37:29Z INFO ActionManager] Action node.js file: dist/index.js.
[2021-06-17 19:37:29Z INFO ActionManager] Action post node.js file: dist/index.js.
[2021-06-17 19:37:29Z INFO ExecutionContext] Reserve record order 4 to 6 for post job actions.
[2021-06-17 19:37:29Z INFO HostContext] Well known directory 'Bin': '/home/user/final-lab-VVPolyukhov/actions-runner/bin'
[2021-06-17 19:37:29Z INFO HostContext] Well known directory 'Root': '/home/user/final-lab-VVPolyukhov/actions-runner'
[2021-06-17 19:37:29Z INFO HostContext] Well known directory 'Diag': '/home/user/final-lab-VVPolyukhov/actions-runner/_diag'
[2021-06-17 19:37:29Z INFO HostContext] Well known directory 'Bin': '/home/user/final-lab-VVPolyukhov/actions-runner/bin'
[2021-06-17 19:37:29Z INFO HostContext] Well known directory 'Root': '/home/user/final-lab-VVPolyukhov/actions-runner'
[2021-06-17 19:37:29Z INFO HostContext] Well known directory 'Work': '/home/user/final-lab-VVPolyukhov/actions-runner/app'
[2021-06-17 19:37:29Z INFO HostContext] Well known directory 'Temp': '/home/user/final-lab-VVPolyukhov/actions-runner/app/_temp'
[2021-06-17 19:37:29Z INFO ActionRunner] Write event payload to /home/user/final-lab-VVPolyukhov/actions-runner/app/_temp/_github_workflow/event.json
[2021-06-17 19:37:29Z INFO HostContext] Well known directory 'Bin': '/home/user/final-lab-VVPolyukhov/actions-runner/bin'
[2021-06-17 19:37:29Z INFO HostContext] Well known directory 'Root': '/home/user/final-lab-VVPolyukhov/actions-runner'
[2021-06-17 19:37:29Z INFO HostContext] Well known directory 'Work': '/home/user/final-lab-VVPolyukhov/actions-runner/app'
[2021-06-17 19:37:29Z INFO HostContext] Well known directory 'Temp': '/home/user/final-lab-VVPolyukhov/actions-runner/app/_temp'
[2021-06-17 19:37:29Z INFO ExtensionManager] Getting extensions for interface: 'GitHub.Runner.Worker.IFileCommandExtension'
[2021-06-17 19:37:29Z INFO ExtensionManager] Creating instance: GitHub.Runner.Worker.AddPathFileCommand, Runner.Worker
[2021-06-17 19:37:29Z INFO ExtensionManager] Creating instance: GitHub.Runner.Worker.SetEnvFileCommand, Runner.Worker
[2021-06-17 19:37:29Z INFO ActionManifestManager] Input 'repository': default value evaluate result: {
  "type": 0,
  "file": 2,
  "line": 6,
  "col": 14,
  "lit": "HSE-NN-SE/final-lab-VVPolyukhov"
}
[2021-06-17 19:37:29Z INFO ActionManifestManager] Input 'ref': default value evaluate result: ""
[2021-06-17 19:37:29Z INFO ActionManifestManager] Input 'token': default value evaluate result: {
  "type": 0,
  "file": 2,
  "line": 24,
  "col": 14,
  "lit": "***"
}
[2021-06-17 19:37:29Z INFO ActionManifestManager] Input 'ssh-key': default value evaluate result: ""
[2021-06-17 19:37:29Z INFO ActionManifestManager] Input 'ssh-known-hosts': default value evaluate result: ""
[2021-06-17 19:37:29Z INFO ActionManifestManager] Input 'ssh-strict': default value evaluate result: {
  "type": 0,
  "file": 2,
  "line": 47,
  "col": 14,
  "lit": "true"
}
[2021-06-17 19:37:29Z INFO ActionManifestManager] Input 'persist-credentials': default value evaluate result: {
  "type": 0,
  "file": 2,
  "line": 50,
  "col": 14,
  "lit": "true"
}
[2021-06-17 19:37:29Z INFO ActionManifestManager] Input 'path': default value evaluate result: ""
[2021-06-17 19:37:29Z INFO ActionManifestManager] Input 'clean': default value evaluate result: {
  "type": 0,
  "file": 2,
  "line": 55,
  "col": 14,
  "lit": "true"
}
[2021-06-17 19:37:29Z INFO ActionManifestManager] Input 'fetch-depth': default value evaluate result: {
  "type": 0,
  "file": 2,
  "line": 58,
  "col": 14,
  "lit": "1"
}
[2021-06-17 19:37:29Z INFO ActionManifestManager] Input 'lfs': default value evaluate result: {
  "type": 0,
  "file": 2,
  "line": 61,
  "col": 14,
  "lit": "false"
}
[2021-06-17 19:37:29Z INFO ActionManifestManager] Input 'submodules': default value evaluate result: {
  "type": 0,
  "file": 2,
  "line": 70,
  "col": 14,
  "lit": "false"
}
[2021-06-17 19:37:29Z INFO ExtensionManager] Getting extensions for interface: 'GitHub.Runner.Worker.IActionCommandExtension'
[2021-06-17 19:37:29Z INFO ExtensionManager] Creating instance: GitHub.Runner.Worker.InternalPluginSetRepoPathCommandExtension, Runner.Worker
[2021-06-17 19:37:29Z INFO ExtensionManager] Creating instance: GitHub.Runner.Worker.SetEnvCommandExtension, Runner.Worker
[2021-06-17 19:37:29Z INFO ExtensionManager] Creating instance: GitHub.Runner.Worker.SetOutputCommandExtension, Runner.Worker
[2021-06-17 19:37:29Z INFO ExtensionManager] Creating instance: GitHub.Runner.Worker.SaveStateCommandExtension, Runner.Worker
[2021-06-17 19:37:29Z INFO ExtensionManager] Creating instance: GitHub.Runner.Worker.AddPathCommandExtension, Runner.Worker
[2021-06-17 19:37:29Z INFO ExtensionManager] Creating instance: GitHub.Runner.Worker.AddMaskCommandExtension, Runner.Worker
[2021-06-17 19:37:29Z INFO ExtensionManager] Creating instance: GitHub.Runner.Worker.AddMatcherCommandExtension, Runner.Worker
[2021-06-17 19:37:29Z INFO ExtensionManager] Creating instance: GitHub.Runner.Worker.RemoveMatcherCommandExtension, Runner.Worker
[2021-06-17 19:37:29Z INFO ExtensionManager] Creating instance: GitHub.Runner.Worker.WarningCommandExtension, Runner.Worker
[2021-06-17 19:37:29Z INFO ExtensionManager] Creating instance: GitHub.Runner.Worker.ErrorCommandExtension, Runner.Worker
[2021-06-17 19:37:29Z INFO ExtensionManager] Creating instance: GitHub.Runner.Worker.DebugCommandExtension, Runner.Worker
[2021-06-17 19:37:29Z INFO ExtensionManager] Creating instance: GitHub.Runner.Worker.GroupCommandExtension, Runner.Worker
[2021-06-17 19:37:29Z INFO ExtensionManager] Creating instance: GitHub.Runner.Worker.EndGroupCommandExtension, Runner.Worker
[2021-06-17 19:37:29Z INFO ExtensionManager] Creating instance: GitHub.Runner.Worker.EchoCommandExtension, Runner.Worker
[2021-06-17 19:37:29Z INFO ActionCommandManager] Register action command extension for command internal-set-repo-path
[2021-06-17 19:37:29Z INFO ActionCommandManager] Register action command extension for command set-env
[2021-06-17 19:37:29Z INFO ActionCommandManager] Register action command extension for command set-output
[2021-06-17 19:37:29Z INFO ActionCommandManager] Register action command extension for command save-state
[2021-06-17 19:37:29Z INFO ActionCommandManager] Register action command extension for command add-path
[2021-06-17 19:37:29Z INFO ActionCommandManager] Register action command extension for command add-mask
[2021-06-17 19:37:29Z INFO ActionCommandManager] Register action command extension for command add-matcher
[2021-06-17 19:37:29Z INFO ActionCommandManager] Register action command extension for command remove-matcher
[2021-06-17 19:37:29Z INFO ActionCommandManager] Register action command extension for command warning
[2021-06-17 19:37:29Z INFO ActionCommandManager] Register action command extension for command error
[2021-06-17 19:37:29Z INFO ActionCommandManager] Register action command extension for command debug
[2021-06-17 19:37:29Z INFO ActionCommandManager] Register action command extension for command group
[2021-06-17 19:37:29Z INFO ActionCommandManager] Register action command extension for command endgroup
[2021-06-17 19:37:29Z INFO ActionCommandManager] Register action command extension for command echo
[2021-06-17 19:37:29Z INFO HostContext] Well known directory 'Bin': '/home/user/final-lab-VVPolyukhov/actions-runner/bin'
[2021-06-17 19:37:29Z INFO HostContext] Well known directory 'Root': '/home/user/final-lab-VVPolyukhov/actions-runner'
[2021-06-17 19:37:29Z INFO HostContext] Well known directory 'Externals': '/home/user/final-lab-VVPolyukhov/actions-runner/externals'
[2021-06-17 19:37:29Z INFO ProcessInvokerWrapper] Starting process:
[2021-06-17 19:37:29Z INFO ProcessInvokerWrapper]   File name: '/home/user/final-lab-VVPolyukhov/actions-runner/externals/node12/bin/node'
[2021-06-17 19:37:29Z INFO ProcessInvokerWrapper]   Arguments: '"/home/user/final-lab-VVPolyukhov/actions-runner/app/_actions/actions/checkout/v2/dist/index.js"'
[2021-06-17 19:37:29Z INFO ProcessInvokerWrapper]   Working directory: '/home/user/final-lab-VVPolyukhov/actions-runner/app/final-lab-VVPolyukhov/final-lab-VVPolyukhov'
[2021-06-17 19:37:29Z INFO ProcessInvokerWrapper]   Require exit code zero: 'False'
[2021-06-17 19:37:29Z INFO ProcessInvokerWrapper]   Encoding web name:  ; code page: ''
[2021-06-17 19:37:29Z INFO ProcessInvokerWrapper]   Force kill process on cancellation: 'False'
[2021-06-17 19:37:29Z INFO ProcessInvokerWrapper]   Redirected STDIN: 'False'
[2021-06-17 19:37:29Z INFO ProcessInvokerWrapper]   Persist current code page: 'False'
[2021-06-17 19:37:29Z INFO ProcessInvokerWrapper]   Keep redirected STDIN open: 'False'
[2021-06-17 19:37:29Z INFO ProcessInvokerWrapper]   High priority process: 'False'
[2021-06-17 19:37:29Z INFO ProcessInvokerWrapper] Updated oom_score_adj to 500 for PID: 24412.
[2021-06-17 19:37:29Z INFO ProcessInvokerWrapper] Process started with process id 24412, waiting for process exit.
[2021-06-17 19:37:29Z INFO AddMaskCommandExtension] Add new secret mask with length of 76
[2021-06-17 19:37:29Z INFO JobServerQueue] Try to append 1 batches web console lines for record 'a87c3f8f-4c51-5351-40a7-ff8af0c674dc', success rate: 1/1.
[2021-06-17 19:37:30Z INFO JobServerQueue] Try to append 1 batches web console lines for record 'a87c3f8f-4c51-5351-40a7-ff8af0c674dc', success rate: 1/1.
[2021-06-17 19:37:30Z INFO JobServerQueue] Try to upload 1 log files or attachments, success rate: 1/1.
[2021-06-17 19:37:30Z INFO ProcessInvokerWrapper] STDOUT/STDERR stream read finished.
[2021-06-17 19:37:30Z INFO ProcessInvokerWrapper] STDOUT/STDERR stream read finished.
[2021-06-17 19:37:30Z INFO ProcessInvokerWrapper] Finished process 24412 with exit code 0, and elapsed time 00:00:00.8978817.
[2021-06-17 19:37:30Z INFO StepsRunner] Step result: 
[2021-06-17 19:37:30Z INFO StepsRunner] No need for updating job result with current step result 'Succeeded'.
[2021-06-17 19:37:30Z INFO StepsRunner] Current state: job state = ''
[2021-06-17 19:37:30Z INFO StepsRunner] Processing step: DisplayName='Build Docker with App'
[2021-06-17 19:37:30Z INFO StepsRunner] Initialize Env context for step
[2021-06-17 19:37:30Z INFO StepsRunner] Evaluating: success()
[2021-06-17 19:37:30Z INFO StepsRunner] Result: true
[2021-06-17 19:37:30Z INFO StepsRunner] Starting the step.
[2021-06-17 19:37:30Z INFO HostContext] Well known directory 'Bin': '/home/user/final-lab-VVPolyukhov/actions-runner/bin'
[2021-06-17 19:37:30Z INFO HostContext] Well known directory 'Root': '/home/user/final-lab-VVPolyukhov/actions-runner'
[2021-06-17 19:37:30Z INFO HostContext] Well known directory 'Work': '/home/user/final-lab-VVPolyukhov/actions-runner/app'
[2021-06-17 19:37:30Z INFO HostContext] Well known directory 'Temp': '/home/user/final-lab-VVPolyukhov/actions-runner/app/_temp'
[2021-06-17 19:37:30Z INFO ActionRunner] Write event payload to /home/user/final-lab-VVPolyukhov/actions-runner/app/_temp/_github_workflow/event.json
[2021-06-17 19:37:30Z INFO HostContext] Well known directory 'Bin': '/home/user/final-lab-VVPolyukhov/actions-runner/bin'
[2021-06-17 19:37:30Z INFO HostContext] Well known directory 'Root': '/home/user/final-lab-VVPolyukhov/actions-runner'
[2021-06-17 19:37:30Z INFO HostContext] Well known directory 'Work': '/home/user/final-lab-VVPolyukhov/actions-runner/app'
[2021-06-17 19:37:30Z INFO HostContext] Well known directory 'Temp': '/home/user/final-lab-VVPolyukhov/actions-runner/app/_temp'
[2021-06-17 19:37:30Z INFO ExtensionManager] Getting extensions for interface: 'GitHub.Runner.Worker.IFileCommandExtension'
[2021-06-17 19:37:30Z INFO ExtensionManager] Getting extensions for interface: 'GitHub.Runner.Worker.IActionCommandExtension'
[2021-06-17 19:37:30Z INFO ActionCommandManager] Register action command extension for command internal-set-repo-path
[2021-06-17 19:37:30Z INFO ActionCommandManager] Register action command extension for command set-env
[2021-06-17 19:37:30Z INFO ActionCommandManager] Register action command extension for command set-output
[2021-06-17 19:37:30Z INFO ActionCommandManager] Register action command extension for command save-state
[2021-06-17 19:37:30Z INFO ActionCommandManager] Register action command extension for command add-path
[2021-06-17 19:37:30Z INFO ActionCommandManager] Register action command extension for command add-mask
[2021-06-17 19:37:30Z INFO ActionCommandManager] Register action command extension for command add-matcher
[2021-06-17 19:37:30Z INFO ActionCommandManager] Register action command extension for command remove-matcher
[2021-06-17 19:37:30Z INFO ActionCommandManager] Register action command extension for command warning
[2021-06-17 19:37:30Z INFO ActionCommandManager] Register action command extension for command error
[2021-06-17 19:37:30Z INFO ActionCommandManager] Register action command extension for command debug
[2021-06-17 19:37:30Z INFO ActionCommandManager] Register action command extension for command group
[2021-06-17 19:37:30Z INFO ActionCommandManager] Register action command extension for command endgroup
[2021-06-17 19:37:30Z INFO ActionCommandManager] Register action command extension for command echo
[2021-06-17 19:37:30Z INFO ScriptHandler] Which: 'bash'
[2021-06-17 19:37:30Z INFO ScriptHandler] Location: '/usr/bin/bash'
[2021-06-17 19:37:30Z INFO HostContext] Well known directory 'Bin': '/home/user/final-lab-VVPolyukhov/actions-runner/bin'
[2021-06-17 19:37:30Z INFO HostContext] Well known directory 'Root': '/home/user/final-lab-VVPolyukhov/actions-runner'
[2021-06-17 19:37:30Z INFO HostContext] Well known directory 'Work': '/home/user/final-lab-VVPolyukhov/actions-runner/app'
[2021-06-17 19:37:30Z INFO HostContext] Well known directory 'Temp': '/home/user/final-lab-VVPolyukhov/actions-runner/app/_temp'
[2021-06-17 19:37:30Z INFO ScriptHandler] Which: 'bash'
[2021-06-17 19:37:30Z INFO ScriptHandler] Location: '/usr/bin/bash'
[2021-06-17 19:37:30Z INFO ProcessInvokerWrapper] Starting process:
[2021-06-17 19:37:30Z INFO ProcessInvokerWrapper]   File name: '/usr/bin/bash'
[2021-06-17 19:37:30Z INFO ProcessInvokerWrapper]   Arguments: '-e /home/user/final-lab-VVPolyukhov/actions-runner/app/_temp/781df643-35df-4ed1-95dd-19c93c64abe2.sh'
[2021-06-17 19:37:30Z INFO ProcessInvokerWrapper]   Working directory: '/home/user/final-lab-VVPolyukhov/actions-runner/app/final-lab-VVPolyukhov/final-lab-VVPolyukhov'
[2021-06-17 19:37:30Z INFO ProcessInvokerWrapper]   Require exit code zero: 'False'
[2021-06-17 19:37:30Z INFO ProcessInvokerWrapper]   Encoding web name:  ; code page: ''
[2021-06-17 19:37:30Z INFO ProcessInvokerWrapper]   Force kill process on cancellation: 'False'
[2021-06-17 19:37:30Z INFO ProcessInvokerWrapper]   Redirected STDIN: 'False'
[2021-06-17 19:37:30Z INFO ProcessInvokerWrapper]   Persist current code page: 'False'
[2021-06-17 19:37:30Z INFO ProcessInvokerWrapper]   Keep redirected STDIN open: 'False'
[2021-06-17 19:37:30Z INFO ProcessInvokerWrapper]   High priority process: 'False'
[2021-06-17 19:37:30Z INFO ProcessInvokerWrapper] Updated oom_score_adj to 500 for PID: 24501.
[2021-06-17 19:37:30Z INFO ProcessInvokerWrapper] Process started with process id 24501, waiting for process exit.
[2021-06-17 19:37:30Z INFO ProcessInvokerWrapper] STDOUT/STDERR stream read finished.
[2021-06-17 19:37:30Z INFO ProcessInvokerWrapper] STDOUT/STDERR stream read finished.
[2021-06-17 19:37:30Z INFO ProcessInvokerWrapper] Finished process 24501 with exit code 1, and elapsed time 00:00:00.0317686.
[2021-06-17 19:37:30Z INFO StepsRunner] Step result: Failed
[2021-06-17 19:37:30Z INFO StepsRunner] Update job result with current step result 'Failed'.
[2021-06-17 19:37:30Z INFO StepsRunner] Current state: job state = 'Failed'
[2021-06-17 19:37:30Z INFO StepsRunner] Processing step: DisplayName='Post Run actions/checkout@v2'
[2021-06-17 19:37:30Z INFO StepsRunner] Initialize Env context for step
[2021-06-17 19:37:30Z INFO StepsRunner] Evaluating: always()
[2021-06-17 19:37:30Z INFO StepsRunner] Result: true
[2021-06-17 19:37:30Z INFO StepsRunner] Starting the step.
[2021-06-17 19:37:30Z INFO HostContext] Well known directory 'Bin': '/home/user/final-lab-VVPolyukhov/actions-runner/bin'
[2021-06-17 19:37:30Z INFO HostContext] Well known directory 'Root': '/home/user/final-lab-VVPolyukhov/actions-runner'
[2021-06-17 19:37:30Z INFO HostContext] Well known directory 'Work': '/home/user/final-lab-VVPolyukhov/actions-runner/app'
[2021-06-17 19:37:30Z INFO HostContext] Well known directory 'Actions': '/home/user/final-lab-VVPolyukhov/actions-runner/app/_actions'
[2021-06-17 19:37:30Z INFO ActionManager] Load action that reference repository from '/home/user/final-lab-VVPolyukhov/actions-runner/app/_actions/actions/checkout/v2'
[2021-06-17 19:37:30Z INFO HostContext] Well known directory 'Bin': '/home/user/final-lab-VVPolyukhov/actions-runner/bin'
[2021-06-17 19:37:30Z INFO HostContext] Well known directory 'Root': '/home/user/final-lab-VVPolyukhov/actions-runner'
[2021-06-17 19:37:30Z INFO HostContext] Well known directory 'Work': '/home/user/final-lab-VVPolyukhov/actions-runner/app'
[2021-06-17 19:37:30Z INFO HostContext] Well known directory 'Actions': '/home/user/final-lab-VVPolyukhov/actions-runner/app/_actions'
[2021-06-17 19:37:30Z INFO ActionManifestManager] Loaded action.yml file: {
  "name": "Checkout",
  "description": "Checkout a Git repository at a particular version",
  "inputs": {
    "type": 2,
    "map": [
      {
        "key": {
          "type": 0,
          "file": 2,
          "line": 4,
          "col": 3,
          "lit": "repository"
        },
        "value": {
          "type": 3,
          "file": 2,
          "line": 6,
          "col": 14,
          "expr": "github.repository"
        }
      },
      {
        "key": {
          "type": 0,
          "file": 2,
          "line": 7,
          "col": 3,
          "lit": "ref"
        },
        "value": ""
      },
      {
        "key": {
          "type": 0,
          "file": 2,
          "line": 12,
          "col": 3,
          "lit": "token"
        },
        "value": {
          "type": 3,
          "file": 2,
          "line": 24,
          "col": 14,
          "expr": "github.token"
        }
      },
      {
        "key": {
          "type": 0,
          "file": 2,
          "line": 25,
          "col": 3,
          "lit": "ssh-key"
        },
        "value": ""
      },
      {
        "key": {
          "type": 0,
          "file": 2,
          "line": 37,
          "col": 3,
          "lit": "ssh-known-hosts"
        },
        "value": ""
      },
      {
        "key": {
          "type": 0,
          "file": 2,
          "line": 42,
          "col": 3,
          "lit": "ssh-strict"
        },
        "value": {
          "type": 0,
          "file": 2,
          "line": 47,
          "col": 14,
          "lit": "true"
        }
      },
      {
        "key": {
          "type": 0,
          "file": 2,
          "line": 48,
          "col": 3,
          "lit": "persist-credentials"
        },
        "value": {
          "type": 0,
          "file": 2,
          "line": 50,
          "col": 14,
          "lit": "true"
        }
      },
      {
        "key": {
          "type": 0,
          "file": 2,
          "line": 51,
          "col": 3,
          "lit": "path"
        },
        "value": ""
      },
      {
        "key": {
          "type": 0,
          "file": 2,
          "line": 53,
          "col": 3,
          "lit": "clean"
        },
        "value": {
          "type": 0,
          "file": 2,
          "line": 55,
          "col": 14,
          "lit": "true"
        }
      },
      {
        "key": {
          "type": 0,
          "file": 2,
          "line": 56,
          "col": 3,
          "lit": "fetch-depth"
        },
        "value": {
          "type": 0,
          "file": 2,
          "line": 58,
          "col": 14,
          "lit": "1"
        }
      },
      {
        "key": {
          "type": 0,
          "file": 2,
          "line": 59,
          "col": 3,
          "lit": "lfs"
        },
        "value": {
          "type": 0,
          "file": 2,
          "line": 61,
          "col": 14,
          "lit": "false"
        }
      },
      {
        "key": {
          "type": 0,
          "file": 2,
          "line": 62,
          "col": 3,
          "lit": "submodules"
        },
        "value": {
          "type": 0,
          "file": 2,
          "line": 70,
          "col": 14,
          "lit": "false"
        }
      }
    ]
  },
  "execution": {
    "executionType": "nodeJS",
    "hasPre": false,
    "hasPost": true,
    "script": "dist/index.js",
    "pre": null,
    "post": "dist/index.js",
    "cleanupCondition": "always()",
    "initCondition": "always()"
  },
  "deprecated": null
}
[2021-06-17 19:37:30Z INFO ActionManager] Action pre node.js file: N/A.
[2021-06-17 19:37:30Z INFO ActionManager] Action node.js file: dist/index.js.
[2021-06-17 19:37:30Z INFO ActionManager] Action post node.js file: dist/index.js.
[2021-06-17 19:37:30Z INFO HostContext] Well known directory 'Bin': '/home/user/final-lab-VVPolyukhov/actions-runner/bin'
[2021-06-17 19:37:30Z INFO HostContext] Well known directory 'Root': '/home/user/final-lab-VVPolyukhov/actions-runner'
[2021-06-17 19:37:30Z INFO HostContext] Well known directory 'Work': '/home/user/final-lab-VVPolyukhov/actions-runner/app'
[2021-06-17 19:37:30Z INFO HostContext] Well known directory 'Temp': '/home/user/final-lab-VVPolyukhov/actions-runner/app/_temp'
[2021-06-17 19:37:30Z INFO ActionRunner] Write event payload to /home/user/final-lab-VVPolyukhov/actions-runner/app/_temp/_github_workflow/event.json
[2021-06-17 19:37:30Z INFO HostContext] Well known directory 'Bin': '/home/user/final-lab-VVPolyukhov/actions-runner/bin'
[2021-06-17 19:37:30Z INFO HostContext] Well known directory 'Root': '/home/user/final-lab-VVPolyukhov/actions-runner'
[2021-06-17 19:37:30Z INFO HostContext] Well known directory 'Work': '/home/user/final-lab-VVPolyukhov/actions-runner/app'
[2021-06-17 19:37:30Z INFO HostContext] Well known directory 'Temp': '/home/user/final-lab-VVPolyukhov/actions-runner/app/_temp'
[2021-06-17 19:37:30Z INFO ExtensionManager] Getting extensions for interface: 'GitHub.Runner.Worker.IFileCommandExtension'
[2021-06-17 19:37:30Z INFO ActionManifestManager] Input 'repository': default value evaluate result: {
  "type": 0,
  "file": 2,
  "line": 6,
  "col": 14,
  "lit": "HSE-NN-SE/final-lab-VVPolyukhov"
}
[2021-06-17 19:37:30Z INFO ActionManifestManager] Input 'ref': default value evaluate result: ""
[2021-06-17 19:37:30Z INFO ActionManifestManager] Input 'token': default value evaluate result: {
  "type": 0,
  "file": 2,
  "line": 24,
  "col": 14,
  "lit": "***"
}
[2021-06-17 19:37:30Z INFO ActionManifestManager] Input 'ssh-key': default value evaluate result: ""
[2021-06-17 19:37:30Z INFO ActionManifestManager] Input 'ssh-known-hosts': default value evaluate result: ""
[2021-06-17 19:37:30Z INFO ActionManifestManager] Input 'ssh-strict': default value evaluate result: {
  "type": 0,
  "file": 2,
  "line": 47,
  "col": 14,
  "lit": "true"
}
[2021-06-17 19:37:30Z INFO ActionManifestManager] Input 'persist-credentials': default value evaluate result: {
  "type": 0,
  "file": 2,
  "line": 50,
  "col": 14,
  "lit": "true"
}
[2021-06-17 19:37:30Z INFO ActionManifestManager] Input 'path': default value evaluate result: ""
[2021-06-17 19:37:30Z INFO ActionManifestManager] Input 'clean': default value evaluate result: {
  "type": 0,
  "file": 2,
  "line": 55,
  "col": 14,
  "lit": "true"
}
[2021-06-17 19:37:30Z INFO ActionManifestManager] Input 'fetch-depth': default value evaluate result: {
  "type": 0,
  "file": 2,
  "line": 58,
  "col": 14,
  "lit": "1"
}
[2021-06-17 19:37:30Z INFO ActionManifestManager] Input 'lfs': default value evaluate result: {
  "type": 0,
  "file": 2,
  "line": 61,
  "col": 14,
  "lit": "false"
}
[2021-06-17 19:37:30Z INFO ActionManifestManager] Input 'submodules': default value evaluate result: {
  "type": 0,
  "file": 2,
  "line": 70,
  "col": 14,
  "lit": "false"
}
[2021-06-17 19:37:30Z INFO ExtensionManager] Getting extensions for interface: 'GitHub.Runner.Worker.IActionCommandExtension'
[2021-06-17 19:37:30Z INFO ActionCommandManager] Register action command extension for command internal-set-repo-path
[2021-06-17 19:37:30Z INFO ActionCommandManager] Register action command extension for command set-env
[2021-06-17 19:37:30Z INFO ActionCommandManager] Register action command extension for command set-output
[2021-06-17 19:37:30Z INFO ActionCommandManager] Register action command extension for command save-state
[2021-06-17 19:37:30Z INFO ActionCommandManager] Register action command extension for command add-path
[2021-06-17 19:37:30Z INFO ActionCommandManager] Register action command extension for command add-mask
[2021-06-17 19:37:30Z INFO ActionCommandManager] Register action command extension for command add-matcher
[2021-06-17 19:37:30Z INFO ActionCommandManager] Register action command extension for command remove-matcher
[2021-06-17 19:37:30Z INFO ActionCommandManager] Register action command extension for command warning
[2021-06-17 19:37:30Z INFO ActionCommandManager] Register action command extension for command error
[2021-06-17 19:37:30Z INFO ActionCommandManager] Register action command extension for command debug
[2021-06-17 19:37:30Z INFO ActionCommandManager] Register action command extension for command group
[2021-06-17 19:37:30Z INFO ActionCommandManager] Register action command extension for command endgroup
[2021-06-17 19:37:30Z INFO ActionCommandManager] Register action command extension for command echo
[2021-06-17 19:37:30Z INFO HostContext] Well known directory 'Bin': '/home/user/final-lab-VVPolyukhov/actions-runner/bin'
[2021-06-17 19:37:30Z INFO HostContext] Well known directory 'Root': '/home/user/final-lab-VVPolyukhov/actions-runner'
[2021-06-17 19:37:30Z INFO HostContext] Well known directory 'Externals': '/home/user/final-lab-VVPolyukhov/actions-runner/externals'
[2021-06-17 19:37:30Z INFO ProcessInvokerWrapper] Starting process:
[2021-06-17 19:37:30Z INFO ProcessInvokerWrapper]   File name: '/home/user/final-lab-VVPolyukhov/actions-runner/externals/node12/bin/node'
[2021-06-17 19:37:30Z INFO ProcessInvokerWrapper]   Arguments: '"/home/user/final-lab-VVPolyukhov/actions-runner/app/_actions/actions/checkout/v2/dist/index.js"'
[2021-06-17 19:37:30Z INFO ProcessInvokerWrapper]   Working directory: '/home/user/final-lab-VVPolyukhov/actions-runner/app/final-lab-VVPolyukhov/final-lab-VVPolyukhov'
[2021-06-17 19:37:30Z INFO ProcessInvokerWrapper]   Require exit code zero: 'False'
[2021-06-17 19:37:30Z INFO ProcessInvokerWrapper]   Encoding web name:  ; code page: ''
[2021-06-17 19:37:30Z INFO ProcessInvokerWrapper]   Force kill process on cancellation: 'False'
[2021-06-17 19:37:30Z INFO ProcessInvokerWrapper]   Redirected STDIN: 'False'
[2021-06-17 19:37:30Z INFO ProcessInvokerWrapper]   Persist current code page: 'False'
[2021-06-17 19:37:30Z INFO ProcessInvokerWrapper]   Keep redirected STDIN open: 'False'
[2021-06-17 19:37:30Z INFO ProcessInvokerWrapper]   High priority process: 'False'
[2021-06-17 19:37:30Z INFO ProcessInvokerWrapper] Updated oom_score_adj to 500 for PID: 24514.
[2021-06-17 19:37:30Z INFO ProcessInvokerWrapper] Process started with process id 24514, waiting for process exit.
[2021-06-17 19:37:30Z INFO AddMaskCommandExtension] Add new secret mask with length of 32
[2021-06-17 19:37:30Z INFO JobServerQueue] Try to append 1 batches web console lines for record 'a87c3f8f-4c51-5351-40a7-ff8af0c674dc', success rate: 1/1.
[2021-06-17 19:37:30Z INFO ProcessInvokerWrapper] STDOUT/STDERR stream read finished.
[2021-06-17 19:37:30Z INFO ProcessInvokerWrapper] STDOUT/STDERR stream read finished.
[2021-06-17 19:37:30Z INFO ProcessInvokerWrapper] Finished process 24514 with exit code 0, and elapsed time 00:00:00.2118541.
[2021-06-17 19:37:30Z INFO StepsRunner] Step result: 
[2021-06-17 19:37:30Z INFO StepsRunner] No need for updating job result with current step result 'Succeeded'.
[2021-06-17 19:37:30Z INFO StepsRunner] Current state: job state = 'Failed'
[2021-06-17 19:37:30Z INFO JobRunner] Finalize job.
[2021-06-17 19:37:30Z INFO HostContext] Well known directory 'Bin': '/home/user/final-lab-VVPolyukhov/actions-runner/bin'
[2021-06-17 19:37:30Z INFO HostContext] Well known directory 'Root': '/home/user/final-lab-VVPolyukhov/actions-runner'
[2021-06-17 19:37:30Z INFO HostContext] Well known directory 'Diag': '/home/user/final-lab-VVPolyukhov/actions-runner/_diag'
[2021-06-17 19:37:30Z INFO JobExtension] Initialize Env context
[2021-06-17 19:37:30Z INFO JobExtension] Initialize steps context
[2021-06-17 19:37:30Z INFO JobExtension] Total accessible running process: 321.
[2021-06-17 19:37:30Z INFO JobExtension] Inspecting process environment variables. PID: 327 (kworker/5:1H-events_highpri)
[2021-06-17 19:37:30Z INFO LinuxProcessExtensions] Read env from /proc/327/environ
[2021-06-17 19:37:30Z WARN JobExtension] Ignore exception during read process environment variables: Access to the path '/proc/327/environ' is denied.
[2021-06-17 19:37:30Z INFO JobExtension] Inspecting process environment variables. PID: 362 (kworker/1:1H-events_highpri)
[2021-06-17 19:37:30Z INFO LinuxProcessExtensions] Read env from /proc/362/environ
[2021-06-17 19:37:30Z WARN JobExtension] Ignore exception during read process environment variables: Access to the path '/proc/362/environ' is denied.
[2021-06-17 19:37:30Z INFO JobExtension] Inspecting process environment variables. PID: 18645 (kworker/u16:1-ext4-rsv-conversion)
[2021-06-17 19:37:30Z INFO LinuxProcessExtensions] Read env from /proc/18645/environ
[2021-06-17 19:37:30Z WARN JobExtension] Ignore exception during read process environment variables: Access to the path '/proc/18645/environ' is denied.
[2021-06-17 19:37:30Z INFO JobExtension] Inspecting process environment variables. PID: 24493 (systemd-udevd)
[2021-06-17 19:37:30Z INFO LinuxProcessExtensions] Read env from /proc/24493/environ
[2021-06-17 19:37:30Z WARN JobExtension] Ignore exception during read process environment variables: Access to the path '/proc/24493/environ' is denied.
[2021-06-17 19:37:30Z INFO JobRunner] Job result after all job steps finish: Failed
[2021-06-17 19:37:30Z INFO JobRunner] Completing the job execution context.
[2021-06-17 19:37:30Z INFO JobRunner] Shutting down the job server queue.
[2021-06-17 19:37:30Z INFO JobServerQueue] Fire signal to shutdown all queues.
[2021-06-17 19:37:30Z INFO JobServerQueue] Try to append 1 batches web console lines for record '22660b65-3b38-5dde-ba12-a9c34ab951ea', success rate: 1/1.
[2021-06-17 19:37:30Z INFO JobServerQueue] Try to append 1 batches web console lines for record '304e6801-2435-4eb8-84ab-c9b6dbc3c0fb', success rate: 1/1.
[2021-06-17 19:37:31Z INFO JobServerQueue] All queue process task stopped.
[2021-06-17 19:37:31Z INFO JobServerQueue] Try to append 1 batches web console lines for record '304e6801-2435-4eb8-84ab-c9b6dbc3c0fb', success rate: 1/1.
[2021-06-17 19:37:31Z INFO JobServerQueue] Try to append 1 batches web console lines for record '7be14bfb-fa64-420e-8511-94812e946b2e', success rate: 1/1.
[2021-06-17 19:37:31Z INFO JobServerQueue] Web console line queue drained.
[2021-06-17 19:37:31Z INFO JobServerQueue] Uploading 5 files in one shot.
[2021-06-17 19:37:33Z INFO JobServerQueue] Try to upload 5 log files or attachments, success rate: 5/5.
[2021-06-17 19:37:33Z INFO JobServerQueue] File upload queue drained.
[2021-06-17 19:37:33Z INFO JobServerQueue] Timeline update queue drained.
[2021-06-17 19:37:33Z INFO JobServerQueue] All queue process tasks have been stopped, and all queues are drained.
[2021-06-17 19:37:33Z INFO TempDirectoryManager] Cleaning runner temp folder: /home/user/final-lab-VVPolyukhov/actions-runner/app/_temp
[2021-06-17 19:37:33Z INFO JobRunner] Raising job completed event.
[2021-06-17 19:37:34Z INFO Worker] Job completed.
